# JRE version: OpenJDK Runtime Environment Temurin-21.0.10+7 (21.0.10+7) (build 21.0.10+7-LTS)
# Java VM: OpenJDK 64-Bit Server VM Temurin-21.0.10+7 (21.0.10+7-LTS, mixed mode, sharing, tiered, compressed oops, compressed class ptrs, parallel gc, windows-amd64)
GC Precious Log:
 CardTable entry size: 512
 CPUs: 8 total, 8 available
 Memory: 8071M
 Large Page Support: Disabled
 NUMA Support: Disabled
 Compressed Oops: Enabled (32-bit)
 Alignments: Space 512K, Generation 512K, Heap 2M
 Heap Min Capacity: 100M
 Heap Initial Capacity: 100M
 Heap Max Capacity: 2G
 Pre-touch: Disabled
 Parallel Workers: 8
Heap:
 PSYoungGen      total 14336K, used 10402K [0x00000000d5580000, 0x00000000d6500000, 0x0000000100000000)
  eden space 13824K, 72% used [0x00000000d5580000,0x00000000d5f58a60,0x00000000d6300000)
  from space 512K, 62% used [0x00000000d6480000,0x00000000d64d0000,0x00000000d6500000)
  to   space 512K, 0% used [0x00000000d6400000,0x00000000d6400000,0x00000000d6480000)
 ParOldGen       total 79360K, used 78888K [0x0000000080000000, 0x0000000084d80000, 0x00000000d5580000)
  object space 79360K, 99% used [0x0000000080000000,0x0000000084d0a078,0x0000000084d80000)
 Metaspace       used 58089K, committed 59456K, reserved 1114112K
  class space    used 6258K, committed 6848K, reserved 1048576K
GC Heap History (20 events):
Event: 30.133 GC heap before
{Heap before GC invocations=63 (full 2):
 PSYoungGen      total 15872K, used 15616K [0x00000000d5580000, 0x00000000d6700000, 0x0000000100000000)
  eden space 14848K, 100% used [0x00000000d5580000,0x00000000d6400000,0x00000000d6400000)
  from space 1024K, 75% used [0x00000000d6600000,0x00000000d66c0000,0x00000000d6700000)
  to   space 1024K, 0% used [0x00000000d6500000,0x00000000d6500000,0x00000000d6600000)
 ParOldGen       total 73728K, used 73394K [0x0000000080000000, 0x0000000084800000, 0x00000000d5580000)
  object space 73728K, 99% used [0x0000000080000000,0x00000000847acbc8,0x0000000084800000)
 Metaspace       used 57581K, committed 58944K, reserved 1114112K
  class space    used 6213K, committed 6784K, reserved 1048576K
}
Event: 30.135 GC heap after
{Heap after GC invocations=63 (full 2):
 PSYoungGen      total 15360K, used 500K [0x00000000d5580000, 0x00000000d6680000, 0x0000000100000000)
  eden space 14848K, 0% used [0x00000000d5580000,0x00000000d5580000,0x00000000d6400000)
  from space 512K, 97% used [0x00000000d6500000,0x00000000d657d228,0x00000000d6580000)
  to   space 1024K, 0% used [0x00000000d6580000,0x00000000d6580000,0x00000000d6680000)
 ParOldGen       total 74240K, used 74087K [0x0000000080000000, 0x0000000084880000, 0x00000000d5580000)
  object space 74240K, 99% used [0x0000000080000000,0x0000000084859f30,0x0000000084880000)
 Metaspace       used 57581K, committed 58944K, reserved 1114112K
  class space    used 6213K, committed 6784K, reserved 1048576K
}
Event: 30.191 GC heap before
{Heap before GC invocations=64 (full 2):
 PSYoungGen      total 15360K, used 15348K [0x00000000d5580000, 0x00000000d6680000, 0x0000000100000000)
  eden space 14848K, 100% used [0x00000000d5580000,0x00000000d6400000,0x00000000d6400000)
  from space 512K, 97% used [0x00000000d6500000,0x00000000d657d228,0x00000000d6580000)
  to   space 1024K, 0% used [0x00000000d6580000,0x00000000d6580000,0x00000000d6680000)
 ParOldGen       total 74240K, used 74087K [0x0000000080000000, 0x0000000084880000, 0x00000000d5580000)
  object space 74240K, 99% used [0x0000000080000000,0x0000000084859f30,0x0000000084880000)
 Metaspace       used 57584K, committed 58944K, reserved 1114112K
  class space    used 6213K, committed 6784K, reserved 1048576K
}
Event: 30.193 GC heap after
{Heap after GC invocations=64 (full 2):
 PSYoungGen      total 15360K, used 369K [0x00000000d5580000, 0x00000000d6600000, 0x0000000100000000)
  eden space 14848K, 0% used [0x00000000d5580000,0x00000000d5580000,0x00000000d6400000)
  from space 512K, 72% used [0x00000000d6580000,0x00000000d65dc7d0,0x00000000d6600000)
  to   space 512K, 0% used [0x00000000d6500000,0x00000000d6500000,0x00000000d6580000)
 ParOldGen       total 74752K, used 74447K [0x0000000080000000, 0x0000000084900000, 0x00000000d5580000)
  object space 74752K, 99% used [0x0000000080000000,0x00000000848b3f30,0x0000000084900000)
 Metaspace       used 57584K, committed 58944K, reserved 1114112K
  class space    used 6213K, committed 6784K, reserved 1048576K
}
Event: 30.277 GC heap before
{Heap before GC invocations=65 (full 2):
 PSYoungGen      total 15360K, used 15217K [0x00000000d5580000, 0x00000000d6600000, 0x0000000100000000)
  eden space 14848K, 100% used [0x00000000d5580000,0x00000000d6400000,0x00000000d6400000)
  from space 512K, 72% used [0x00000000d6580000,0x00000000d65dc7d0,0x00000000d6600000)
  to   space 512K, 0% used [0x00000000d6500000,0x00000000d6500000,0x00000000d6580000)
 ParOldGen       total 74752K, used 74447K [0x0000000080000000, 0x0000000084900000, 0x00000000d5580000)
  object space 74752K, 99% used [0x0000000080000000,0x00000000848b3f30,0x0000000084900000)
 Metaspace       used 57684K, committed 59008K, reserved 1114112K
  class space    used 6226K, committed 6784K, reserved 1048576K
}
Event: 30.279 GC heap after
{Heap after GC invocations=65 (full 2):
 PSYoungGen      total 15360K, used 478K [0x00000000d5580000, 0x00000000d6600000, 0x0000000100000000)
  eden space 14848K, 0% used [0x00000000d5580000,0x00000000d5580000,0x00000000d6400000)
  from space 512K, 93% used [0x00000000d6500000,0x00000000d6577bf8,0x00000000d6580000)
  to   space 512K, 0% used [0x00000000d6580000,0x00000000d6580000,0x00000000d6600000)
 ParOldGen       total 75776K, used 75204K [0x0000000080000000, 0x0000000084a00000, 0x00000000d5580000)
  object space 75776K, 99% used [0x0000000080000000,0x0000000084971268,0x0000000084a00000)
 Metaspace       used 57684K, committed 59008K, reserved 1114112K
  class space    used 6226K, committed 6784K, reserved 1048576K
}
Event: 30.320 GC heap before
{Heap before GC invocations=66 (full 2):
 PSYoungGen      total 15360K, used 15326K [0x00000000d5580000, 0x00000000d6600000, 0x0000000100000000)
  eden space 14848K, 100% used [0x00000000d5580000,0x00000000d6400000,0x00000000d6400000)
  from space 512K, 93% used [0x00000000d6500000,0x00000000d6577bf8,0x00000000d6580000)
  to   space 512K, 0% used [0x00000000d6580000,0x00000000d6580000,0x00000000d6600000)
 ParOldGen       total 75776K, used 75204K [0x0000000080000000, 0x0000000084a00000, 0x00000000d5580000)
  object space 75776K, 99% used [0x0000000080000000,0x0000000084971268,0x0000000084a00000)
 Metaspace       used 57684K, committed 59008K, reserved 1114112K
  class space    used 6226K, committed 6784K, reserved 1048576K
}
Event: 30.322 GC heap after
{Heap after GC invocations=66 (full 2):
 PSYoungGen      total 15360K, used 512K [0x00000000d5580000, 0x00000000d6600000, 0x0000000100000000)
  eden space 14848K, 0% used [0x00000000d5580000,0x00000000d5580000,0x00000000d6400000)
  from space 512K, 100% used [0x00000000d6580000,0x00000000d6600000,0x00000000d6600000)
  to   space 1024K, 0% used [0x00000000d6400000,0x00000000d6400000,0x00000000d6500000)
 ParOldGen       total 75776K, used 75592K [0x0000000080000000, 0x0000000084a00000, 0x00000000d5580000)
  object space 75776K, 99% used [0x0000000080000000,0x00000000849d2018,0x0000000084a00000)
 Metaspace       used 57684K, committed 59008K, reserved 1114112K
  class space    used 6226K, committed 6784K, reserved 1048576K
}
Event: 30.367 GC heap before
{Heap before GC invocations=67 (full 2):
 PSYoungGen      total 15360K, used 15360K [0x00000000d5580000, 0x00000000d6600000, 0x0000000100000000)
  eden space 14848K, 100% used [0x00000000d5580000,0x00000000d6400000,0x00000000d6400000)
  from space 512K, 100% used [0x00000000d6580000,0x00000000d6600000,0x00000000d6600000)
  to   space 1024K, 0% used [0x00000000d6400000,0x00000000d6400000,0x00000000d6500000)
 ParOldGen       total 75776K, used 75592K [0x0000000080000000, 0x0000000084a00000, 0x00000000d5580000)
  object space 75776K, 99% used [0x0000000080000000,0x00000000849d2018,0x0000000084a00000)
 Metaspace       used 57684K, committed 59008K, reserved 1114112K
  class space    used 6226K, committed 6784K, reserved 1048576K
}
Event: 30.368 GC heap after
{Heap after GC invocations=67 (full 2):
 PSYoungGen      total 15872K, used 352K [0x00000000d5580000, 0x00000000d6600000, 0x0000000100000000)
  eden space 14848K, 0% used [0x00000000d5580000,0x00000000d5580000,0x00000000d6400000)
  from space 1024K, 34% used [0x00000000d6400000,0x00000000d6458000,0x00000000d6500000)
  to   space 1024K, 0% used [0x00000000d6500000,0x00000000d6500000,0x00000000d6600000)
 ParOldGen       total 76288K, used 76088K [0x0000000080000000, 0x0000000084a80000, 0x00000000d5580000)
  object space 76288K, 99% used [0x0000000080000000,0x0000000084a4e028,0x0000000084a80000)
 Metaspace       used 57684K, committed 59008K, reserved 1114112K
  class space    used 6226K, committed 6784K, reserved 1048576K
}
Event: 30.448 GC heap before
{Heap before GC invocations=68 (full 2):
 PSYoungGen      total 15872K, used 15200K [0x00000000d5580000, 0x00000000d6600000, 0x0000000100000000)
  eden space 14848K, 100% used [0x00000000d5580000,0x00000000d6400000,0x00000000d6400000)
  from space 1024K, 34% used [0x00000000d6400000,0x00000000d6458000,0x00000000d6500000)
  to   space 1024K, 0% used [0x00000000d6500000,0x00000000d6500000,0x00000000d6600000)
 ParOldGen       total 76288K, used 76088K [0x0000000080000000, 0x0000000084a80000, 0x00000000d5580000)
  object space 76288K, 99% used [0x0000000080000000,0x0000000084a4e028,0x0000000084a80000)
 Metaspace       used 57696K, committed 59008K, reserved 1114112K
  class space    used 6226K, committed 6784K, reserved 1048576K
}
Event: 30.450 GC heap after
{Heap after GC invocations=68 (full 2):
 PSYoungGen      total 15360K, used 444K [0x00000000d5580000, 0x00000000d6580000, 0x0000000100000000)
  eden space 14848K, 0% used [0x00000000d5580000,0x00000000d5580000,0x00000000d6400000)
  from space 512K, 86% used [0x00000000d6500000,0x00000000d656f290,0x00000000d6580000)
  to   space 512K, 0% used [0x00000000d6480000,0x00000000d6480000,0x00000000d6500000)
 ParOldGen       total 76800K, used 76328K [0x0000000080000000, 0x0000000084b00000, 0x00000000d5580000)
  object space 76800K, 99% used [0x0000000080000000,0x0000000084a8a028,0x0000000084b00000)
 Metaspace       used 57696K, committed 59008K, reserved 1114112K
  class space    used 6226K, committed 6784K, reserved 1048576K
}
Event: 30.541 GC heap before
{Heap before GC invocations=69 (full 2):
 PSYoungGen      total 15360K, used 15292K [0x00000000d5580000, 0x00000000d6580000, 0x0000000100000000)
  eden space 14848K, 100% used [0x00000000d5580000,0x00000000d6400000,0x00000000d6400000)
  from space 512K, 86% used [0x00000000d6500000,0x00000000d656f290,0x00000000d6580000)
  to   space 512K, 0% used [0x00000000d6480000,0x00000000d6480000,0x00000000d6500000)
 ParOldGen       total 76800K, used 76328K [0x0000000080000000, 0x0000000084b00000, 0x00000000d5580000)
  object space 76800K, 99% used [0x0000000080000000,0x0000000084a8a028,0x0000000084b00000)
 Metaspace       used 57702K, committed 59008K, reserved 1114112K
  class space    used 6226K, committed 6784K, reserved 1048576K
}
Event: 30.543 GC heap after
{Heap after GC invocations=69 (full 2):
 PSYoungGen      total 15360K, used 466K [0x00000000d5580000, 0x00000000d6580000, 0x0000000100000000)
  eden space 14848K, 0% used [0x00000000d5580000,0x00000000d5580000,0x00000000d6400000)
  from space 512K, 91% used [0x00000000d6480000,0x00000000d64f4940,0x00000000d6500000)
  to   space 512K, 0% used [0x00000000d6500000,0x00000000d6500000,0x00000000d6580000)
 ParOldGen       total 76800K, used 76592K [0x0000000080000000, 0x0000000084b00000, 0x00000000d5580000)
  object space 76800K, 99% used [0x0000000080000000,0x0000000084acc028,0x0000000084b00000)
 Metaspace       used 57702K, committed 59008K, reserved 1114112K
  class space    used 6226K, committed 6784K, reserved 1048576K
}
Event: 30.590 GC heap before
{Heap before GC invocations=70 (full 2):
 PSYoungGen      total 15360K, used 15314K [0x00000000d5580000, 0x00000000d6580000, 0x0000000100000000)
  eden space 14848K, 100% used [0x00000000d5580000,0x00000000d6400000,0x00000000d6400000)
  from space 512K, 91% used [0x00000000d6480000,0x00000000d64f4940,0x00000000d6500000)
  to   space 512K, 0% used [0x00000000d6500000,0x00000000d6500000,0x00000000d6580000)
 ParOldGen       total 76800K, used 76592K [0x0000000080000000, 0x0000000084b00000, 0x00000000d5580000)
  object space 76800K, 99% used [0x0000000080000000,0x0000000084acc028,0x0000000084b00000)
 Metaspace       used 57702K, committed 59008K, reserved 1114112K
  class space    used 6226K, committed 6784K, reserved 1048576K
}
Event: 30.592 GC heap after
{Heap after GC invocations=70 (full 2):
 PSYoungGen      total 14336K, used 487K [0x00000000d5580000, 0x00000000d6800000, 0x0000000100000000)
  eden space 13824K, 0% used [0x00000000d5580000,0x00000000d5580000,0x00000000d6300000)
  from space 512K, 95% used [0x00000000d6500000,0x00000000d6579c68,0x00000000d6580000)
  to   space 2048K, 0% used [0x00000000d6300000,0x00000000d6300000,0x00000000d6500000)
 ParOldGen       total 78336K, used 77880K [0x0000000080000000, 0x0000000084c80000, 0x00000000d5580000)
  object space 78336K, 99% used [0x0000000080000000,0x0000000084c0e130,0x0000000084c80000)
 Metaspace       used 57702K, committed 59008K, reserved 1114112K
  class space    used 6226K, committed 6784K, reserved 1048576K
}
Event: 30.632 GC heap before
{Heap before GC invocations=71 (full 2):
 PSYoungGen      total 14336K, used 14311K [0x00000000d5580000, 0x00000000d6800000, 0x0000000100000000)
  eden space 13824K, 100% used [0x00000000d5580000,0x00000000d6300000,0x00000000d6300000)
  from space 512K, 95% used [0x00000000d6500000,0x00000000d6579c68,0x00000000d6580000)
  to   space 2048K, 0% used [0x00000000d6300000,0x00000000d6300000,0x00000000d6500000)
 ParOldGen       total 78336K, used 77880K [0x0000000080000000, 0x0000000084c80000, 0x00000000d5580000)
  object space 78336K, 99% used [0x0000000080000000,0x0000000084c0e130,0x0000000084c80000)
 Metaspace       used 57702K, committed 59008K, reserved 1114112K
  class space    used 6226K, committed 6784K, reserved 1048576K
}
Event: 30.633 GC heap after
{Heap after GC invocations=71 (full 2):
 PSYoungGen      total 14848K, used 640K [0x00000000d5580000, 0x00000000d6600000, 0x0000000100000000)
  eden space 13824K, 0% used [0x00000000d5580000,0x00000000d5580000,0x00000000d6300000)
  from space 1024K, 62% used [0x00000000d6300000,0x00000000d63a0000,0x00000000d6400000)
  to   space 1536K, 0% used [0x00000000d6480000,0x00000000d6480000,0x00000000d6600000)
 ParOldGen       total 78848K, used 78371K [0x0000000080000000, 0x0000000084d00000, 0x00000000d5580000)
  object space 78848K, 99% used [0x0000000080000000,0x0000000084c88d20,0x0000000084d00000)
 Metaspace       used 57702K, committed 59008K, reserved 1114112K
  class space    used 6226K, committed 6784K, reserved 1048576K
}
Event: 30.701 GC heap before
{Heap before GC invocations=72 (full 2):
 PSYoungGen      total 14848K, used 14464K [0x00000000d5580000, 0x00000000d6600000, 0x0000000100000000)
  eden space 13824K, 100% used [0x00000000d5580000,0x00000000d6300000,0x00000000d6300000)
  from space 1024K, 62% used [0x00000000d6300000,0x00000000d63a0000,0x00000000d6400000)
  to   space 1536K, 0% used [0x00000000d6480000,0x00000000d6480000,0x00000000d6600000)
 ParOldGen       total 78848K, used 78371K [0x0000000080000000, 0x0000000084d00000, 0x00000000d5580000)
  object space 78848K, 99% used [0x0000000080000000,0x0000000084c88d20,0x0000000084d00000)
 Metaspace       used 57705K, committed 59008K, reserved 1114112K
  class space    used 6226K, committed 6784K, reserved 1048576K
}
Event: 30.703 GC heap after
{Heap after GC invocations=72 (full 2):
 PSYoungGen      total 14336K, used 320K [0x00000000d5580000, 0x00000000d6500000, 0x0000000100000000)
  eden space 13824K, 0% used [0x00000000d5580000,0x00000000d5580000,0x00000000d6300000)
  from space 512K, 62% used [0x00000000d6480000,0x00000000d64d0000,0x00000000d6500000)
  to   space 512K, 0% used [0x00000000d6400000,0x00000000d6400000,0x00000000d6480000)
 ParOldGen       total 79360K, used 78888K [0x0000000080000000, 0x0000000084d80000, 0x00000000d5580000)
  object space 79360K, 99% used [0x0000000080000000,0x0000000084d0a078,0x0000000084d80000)
 Metaspace       used 57705K, committed 59008K, reserved 1114112K
  class space    used 6226K, committed 6784K, reserved 1048576K
}

