# JRE version: OpenJDK Runtime Environment Temurin-21.0.10+7 (21.0.10+7) (build 21.0.10+7-LTS)
# Java VM: OpenJDK 64-Bit Server VM Temurin-21.0.10+7 (21.0.10+7-LTS, mixed mode, sharing, tiered, compressed oops, compressed class ptrs, g1 gc, windows-amd64)
GC Precious Log:
 CardTable entry size: 512
 Card Set container configuration: InlinePtr #cards 5 size 8 Array Of Cards #cards 12 size 40 Howl #buckets 4 coarsen threshold 1843 Howl Bitmap #cards 512 size 80 coarsen threshold 460 Card regions per heap region 1 cards per card region 2048
 CPUs: 8 total, 8 available
 Memory: 8071M
 Large Page Support: Disabled
 NUMA Support: Disabled
 Compressed Oops: Enabled (32-bit)
 Heap Region Size: 1M
 Heap Min Capacity: 8M
 Heap Initial Capacity: 128M
 Heap Max Capacity: 2018M
 Pre-touch: Disabled
 Parallel Workers: 8
 Concurrent Workers: 2
 Concurrent Refinement Workers: 8
 Periodic GC: Disabled
Heap:
 garbage-first heap   total 88064K, used 48292K [0x0000000081e00000, 0x0000000100000000)
  region size 1024K, 9 young (9216K), 5 survivors (5120K)
 Metaspace       used 84616K, committed 85376K, reserved 1179648K
  class space    used 11710K, committed 12032K, reserved 1048576K
GC Heap History (20 events):
Event: 2.960 GC heap before
{Heap before GC invocations=3 (full 0):
 garbage-first heap   total 131072K, used 32950K [0x0000000081e00000, 0x0000000100000000)
  region size 1024K, 17 young (17408K), 3 survivors (3072K)
 Metaspace       used 21158K, committed 21504K, reserved 1114112K
  class space    used 2671K, committed 2816K, reserved 1048576K
}
Event: 2.965 GC heap after
{Heap after GC invocations=4 (full 0):
 garbage-first heap   total 131072K, used 21964K [0x0000000081e00000, 0x0000000100000000)
  region size 1024K, 5 young (5120K), 5 survivors (5120K)
 Metaspace       used 21158K, committed 21504K, reserved 1114112K
  class space    used 2671K, committed 2816K, reserved 1048576K
}
Event: 3.536 GC heap before
{Heap before GC invocations=5 (full 0):
 garbage-first heap   total 71680K, used 56780K [0x0000000081e00000, 0x0000000100000000)
  region size 1024K, 42 young (43008K), 5 survivors (5120K)
 Metaspace       used 27404K, committed 27840K, reserved 1114112K
  class space    used 3438K, committed 3648K, reserved 1048576K
}
Event: 3.546 GC heap after
{Heap after GC invocations=6 (full 0):
 garbage-first heap   total 86016K, used 22291K [0x0000000081e00000, 0x0000000100000000)
  region size 1024K, 4 young (4096K), 4 survivors (4096K)
 Metaspace       used 27404K, committed 27840K, reserved 1114112K
  class space    used 3438K, committed 3648K, reserved 1048576K
}
Event: 5.102 GC heap before
{Heap before GC invocations=6 (full 0):
 garbage-first heap   total 86016K, used 66323K [0x0000000081e00000, 0x0000000100000000)
  region size 1024K, 47 young (48128K), 4 survivors (4096K)
 Metaspace       used 32895K, committed 33280K, reserved 1114112K
  class space    used 4259K, committed 4416K, reserved 1048576K
}
Event: 5.115 GC heap after
{Heap after GC invocations=7 (full 0):
 garbage-first heap   total 86016K, used 24947K [0x0000000081e00000, 0x0000000100000000)
  region size 1024K, 6 young (6144K), 6 survivors (6144K)
 Metaspace       used 32895K, committed 33280K, reserved 1114112K
  class space    used 4259K, committed 4416K, reserved 1048576K
}
Event: 5.703 GC heap before
{Heap before GC invocations=7 (full 0):
 garbage-first heap   total 86016K, used 43379K [0x0000000081e00000, 0x0000000100000000)
  region size 1024K, 25 young (25600K), 6 survivors (6144K)
 Metaspace       used 35640K, committed 36096K, reserved 1114112K
  class space    used 4670K, committed 4864K, reserved 1048576K
}
Event: 5.716 GC heap after
{Heap after GC invocations=8 (full 0):
 garbage-first heap   total 86016K, used 26818K [0x0000000081e00000, 0x0000000100000000)
  region size 1024K, 5 young (5120K), 5 survivors (5120K)
 Metaspace       used 35640K, committed 36096K, reserved 1114112K
  class space    used 4670K, committed 4864K, reserved 1048576K
}
Event: 7.322 GC heap before
{Heap before GC invocations=9 (full 0):
 garbage-first heap   total 86016K, used 72898K [0x0000000081e00000, 0x0000000100000000)
  region size 1024K, 49 young (50176K), 5 survivors (5120K)
 Metaspace       used 45496K, committed 46080K, reserved 1114112K
  class space    used 6094K, committed 6336K, reserved 1048576K
}
Event: 7.330 GC heap after
{Heap after GC invocations=10 (full 0):
 garbage-first heap   total 86016K, used 30817K [0x0000000081e00000, 0x0000000100000000)
  region size 1024K, 6 young (6144K), 6 survivors (6144K)
 Metaspace       used 45496K, committed 46080K, reserved 1114112K
  class space    used 6094K, committed 6336K, reserved 1048576K
}
Event: 8.603 GC heap before
{Heap before GC invocations=10 (full 0):
 garbage-first heap   total 86016K, used 72801K [0x0000000081e00000, 0x0000000100000000)
  region size 1024K, 47 young (48128K), 6 survivors (6144K)
 Metaspace       used 57370K, committed 57984K, reserved 1114112K
  class space    used 7783K, committed 8064K, reserved 1048576K
}
Event: 8.610 GC heap after
{Heap after GC invocations=11 (full 0):
 garbage-first heap   total 86016K, used 34414K [0x0000000081e00000, 0x0000000100000000)
  region size 1024K, 4 young (4096K), 4 survivors (4096K)
 Metaspace       used 57370K, committed 57984K, reserved 1114112K
  class space    used 7783K, committed 8064K, reserved 1048576K
}
Event: 8.808 GC heap before
{Heap before GC invocations=11 (full 0):
 garbage-first heap   total 86016K, used 44654K [0x0000000081e00000, 0x0000000100000000)
  region size 1024K, 15 young (15360K), 4 survivors (4096K)
 Metaspace       used 59708K, committed 60288K, reserved 1114112K
  class space    used 8104K, committed 8384K, reserved 1048576K
}
Event: 8.811 GC heap after
{Heap after GC invocations=12 (full 0):
 garbage-first heap   total 86016K, used 35300K [0x0000000081e00000, 0x0000000100000000)
  region size 1024K, 2 young (2048K), 2 survivors (2048K)
 Metaspace       used 59708K, committed 60288K, reserved 1114112K
  class space    used 8104K, committed 8384K, reserved 1048576K
}
Event: 10.374 GC heap before
{Heap before GC invocations=13 (full 0):
 garbage-first heap   total 86016K, used 75236K [0x0000000081e00000, 0x0000000100000000)
  region size 1024K, 41 young (41984K), 2 survivors (2048K)
 Metaspace       used 70955K, committed 71552K, reserved 1114112K
  class space    used 9917K, committed 10176K, reserved 1048576K
}
Event: 10.378 GC heap after
{Heap after GC invocations=14 (full 0):
 garbage-first heap   total 86016K, used 37253K [0x0000000081e00000, 0x0000000100000000)
  region size 1024K, 3 young (3072K), 3 survivors (3072K)
 Metaspace       used 70955K, committed 71552K, reserved 1114112K
  class space    used 9917K, committed 10176K, reserved 1048576K
}
Event: 11.944 GC heap before
{Heap before GC invocations=14 (full 0):
 garbage-first heap   total 86016K, used 76165K [0x0000000081e00000, 0x0000000100000000)
  region size 1024K, 41 young (41984K), 3 survivors (3072K)
 Metaspace       used 78475K, committed 79232K, reserved 1179648K
  class space    used 10861K, committed 11200K, reserved 1048576K
}
Event: 11.951 GC heap after
{Heap after GC invocations=15 (full 0):
 garbage-first heap   total 86016K, used 40145K [0x0000000081e00000, 0x0000000100000000)
  region size 1024K, 6 young (6144K), 6 survivors (6144K)
 Metaspace       used 78475K, committed 79232K, reserved 1179648K
  class space    used 10861K, committed 11200K, reserved 1048576K
}
Event: 13.135 GC heap before
{Heap before GC invocations=15 (full 0):
 garbage-first heap   total 86016K, used 75985K [0x0000000081e00000, 0x0000000100000000)
  region size 1024K, 41 young (41984K), 6 survivors (6144K)
 Metaspace       used 83926K, committed 84736K, reserved 1179648K
  class space    used 11617K, committed 11968K, reserved 1048576K
}
Event: 13.144 GC heap after
{Heap after GC invocations=16 (full 0):
 garbage-first heap   total 88064K, used 45220K [0x0000000081e00000, 0x0000000100000000)
  region size 1024K, 5 young (5120K), 5 survivors (5120K)
 Metaspace       used 83926K, committed 84736K, reserved 1179648K
  class space    used 11617K, committed 11968K, reserved 1048576K
}

