# JRE version: OpenJDK Runtime Environment Temurin-21.0.10+7 (21.0.10+7) (build 21.0.10+7-LTS)
# Java VM: OpenJDK 64-Bit Server VM Temurin-21.0.10+7 (21.0.10+7-LTS, mixed mode, sharing, tiered, compressed oops, compressed class ptrs, parallel gc, windows-amd64)
GC Precious Log:
 CardTable entry size: 512
 CPUs: 8 total, 8 available
 Memory: 8071M
 Large Page Support: Disabled
 NUMA Support: Disabled
 Compressed Oops: Enabled (32-bit)
 Alignments: Space 512K, Generation 512K, Heap 2M
 Heap Min Capacity: 100M
 Heap Initial Capacity: 100M
 Heap Max Capacity: 2G
 Pre-touch: Disabled
 Parallel Workers: 8
Heap:
 PSYoungGen      total 6144K, used 2474K [0x00000000d5580000, 0x00000000d5d80000, 0x0000000100000000)
  eden space 5120K, 34% used [0x00000000d5580000,0x00000000d5735788,0x00000000d5a80000)
  from space 1024K, 70% used [0x00000000d5b80000,0x00000000d5c35220,0x00000000d5c80000)
  to   space 1024K, 0% used [0x00000000d5a80000,0x00000000d5a80000,0x00000000d5b80000)
 ParOldGen       total 638976K, used 638580K [0x0000000080000000, 0x00000000a7000000, 0x00000000d5580000)
  object space 638976K, 99% used [0x0000000080000000,0x00000000a6f9d1a0,0x00000000a7000000)
 Metaspace       used 96661K, committed 98432K, reserved 1179648K
  class space    used 9804K, committed 10624K, reserved 1048576K
GC Heap History (20 events):
Event: 14790.877 GC heap before
{Heap before GC invocations=3274 (full 8):
 PSYoungGen      total 2560K, used 2272K [0x00000000d5580000, 0x00000000d5980000, 0x0000000100000000)
  eden space 1536K, 100% used [0x00000000d5580000,0x00000000d5700000,0x00000000d5700000)
  from space 1024K, 71% used [0x00000000d5880000,0x00000000d5938000,0x00000000d5980000)
  to   space 1024K, 0% used [0x00000000d5780000,0x00000000d5780000,0x00000000d5880000)
 ParOldGen       total 628736K, used 628553K [0x0000000080000000, 0x00000000a6600000, 0x00000000d5580000)
  object space 628736K, 99% used [0x0000000080000000,0x00000000a65d2570,0x00000000a6600000)
 Metaspace       used 96656K, committed 98432K, reserved 1179648K
  class space    used 9804K, committed 10624K, reserved 1048576K
}
Event: 14790.881 GC heap after
{Heap after GC invocations=3274 (full 8):
 PSYoungGen      total 3072K, used 1024K [0x00000000d5580000, 0x00000000d5b80000, 0x0000000100000000)
  eden space 2048K, 0% used [0x00000000d5580000,0x00000000d5580000,0x00000000d5780000)
  from space 1024K, 100% used [0x00000000d5780000,0x00000000d5880000,0x00000000d5880000)
  to   space 2048K, 0% used [0x00000000d5980000,0x00000000d5980000,0x00000000d5b80000)
 ParOldGen       total 629248K, used 629233K [0x0000000080000000, 0x00000000a6680000, 0x00000000d5580000)
  object space 629248K, 99% used [0x0000000080000000,0x00000000a667c570,0x00000000a6680000)
 Metaspace       used 96656K, committed 98432K, reserved 1179648K
  class space    used 9804K, committed 10624K, reserved 1048576K
}
Event: 14790.897 GC heap before
{Heap before GC invocations=3275 (full 8):
 PSYoungGen      total 3072K, used 3072K [0x00000000d5580000, 0x00000000d5b80000, 0x0000000100000000)
  eden space 2048K, 100% used [0x00000000d5580000,0x00000000d5780000,0x00000000d5780000)
  from space 1024K, 100% used [0x00000000d5780000,0x00000000d5880000,0x00000000d5880000)
  to   space 2048K, 0% used [0x00000000d5980000,0x00000000d5980000,0x00000000d5b80000)
 ParOldGen       total 629248K, used 629233K [0x0000000080000000, 0x00000000a6680000, 0x00000000d5580000)
  object space 629248K, 99% used [0x0000000080000000,0x00000000a667c570,0x00000000a6680000)
 Metaspace       used 96656K, committed 98432K, reserved 1179648K
  class space    used 9804K, committed 10624K, reserved 1048576K
}
Event: 14790.902 GC heap after
{Heap after GC invocations=3275 (full 8):
 PSYoungGen      total 3584K, used 1984K [0x00000000d5580000, 0x00000000d5d00000, 0x0000000100000000)
  eden space 1536K, 0% used [0x00000000d5580000,0x00000000d5580000,0x00000000d5700000)
  from space 2048K, 96% used [0x00000000d5980000,0x00000000d5b70000,0x00000000d5b80000)
  to   space 2560K, 0% used [0x00000000d5700000,0x00000000d5700000,0x00000000d5980000)
 ParOldGen       total 630272K, used 630241K [0x0000000080000000, 0x00000000a6780000, 0x00000000d5580000)
  object space 630272K, 99% used [0x0000000080000000,0x00000000a6778570,0x00000000a6780000)
 Metaspace       used 96656K, committed 98432K, reserved 1179648K
  class space    used 9804K, committed 10624K, reserved 1048576K
}
Event: 14790.912 GC heap before
{Heap before GC invocations=3276 (full 8):
 PSYoungGen      total 3584K, used 3520K [0x00000000d5580000, 0x00000000d5d00000, 0x0000000100000000)
  eden space 1536K, 100% used [0x00000000d5580000,0x00000000d5700000,0x00000000d5700000)
  from space 2048K, 96% used [0x00000000d5980000,0x00000000d5b70000,0x00000000d5b80000)
  to   space 2560K, 0% used [0x00000000d5700000,0x00000000d5700000,0x00000000d5980000)
 ParOldGen       total 630272K, used 630241K [0x0000000080000000, 0x00000000a6780000, 0x00000000d5580000)
  object space 630272K, 99% used [0x0000000080000000,0x00000000a6778570,0x00000000a6780000)
 Metaspace       used 96656K, committed 98432K, reserved 1179648K
  class space    used 9804K, committed 10624K, reserved 1048576K
}
Event: 14790.919 GC heap after
{Heap after GC invocations=3276 (full 8):
 PSYoungGen      total 4096K, used 1600K [0x00000000d5580000, 0x00000000d5b80000, 0x0000000100000000)
  eden space 1536K, 0% used [0x00000000d5580000,0x00000000d5580000,0x00000000d5700000)
  from space 2560K, 62% used [0x00000000d5700000,0x00000000d5890000,0x00000000d5980000)
  to   space 2048K, 0% used [0x00000000d5980000,0x00000000d5980000,0x00000000d5b80000)
 ParOldGen       total 632320K, used 632182K [0x0000000080000000, 0x00000000a6980000, 0x00000000d5580000)
  object space 632320K, 99% used [0x0000000080000000,0x00000000a695db40,0x00000000a6980000)
 Metaspace       used 96656K, committed 98432K, reserved 1179648K
  class space    used 9804K, committed 10624K, reserved 1048576K
}
Event: 14790.928 GC heap before
{Heap before GC invocations=3277 (full 8):
 PSYoungGen      total 4096K, used 3136K [0x00000000d5580000, 0x00000000d5b80000, 0x0000000100000000)
  eden space 1536K, 100% used [0x00000000d5580000,0x00000000d5700000,0x00000000d5700000)
  from space 2560K, 62% used [0x00000000d5700000,0x00000000d5890000,0x00000000d5980000)
  to   space 2048K, 0% used [0x00000000d5980000,0x00000000d5980000,0x00000000d5b80000)
 ParOldGen       total 632320K, used 632182K [0x0000000080000000, 0x00000000a6980000, 0x00000000d5580000)
  object space 632320K, 99% used [0x0000000080000000,0x00000000a695db40,0x00000000a6980000)
 Metaspace       used 96656K, committed 98432K, reserved 1179648K
  class space    used 9804K, committed 10624K, reserved 1048576K
}
Event: 14790.937 GC heap after
{Heap after GC invocations=3277 (full 8):
 PSYoungGen      total 4096K, used 1632K [0x00000000d5580000, 0x00000000d5b80000, 0x0000000100000000)
  eden space 2048K, 0% used [0x00000000d5580000,0x00000000d5580000,0x00000000d5780000)
  from space 2048K, 79% used [0x00000000d5980000,0x00000000d5b18000,0x00000000d5b80000)
  to   space 2048K, 0% used [0x00000000d5780000,0x00000000d5780000,0x00000000d5980000)
 ParOldGen       total 633856K, used 633726K [0x0000000080000000, 0x00000000a6b00000, 0x00000000d5580000)
  object space 633856K, 99% used [0x0000000080000000,0x00000000a6adfb40,0x00000000a6b00000)
 Metaspace       used 96656K, committed 98432K, reserved 1179648K
  class space    used 9804K, committed 10624K, reserved 1048576K
}
Event: 14791.003 GC heap before
{Heap before GC invocations=3278 (full 8):
 PSYoungGen      total 4096K, used 3680K [0x00000000d5580000, 0x00000000d5b80000, 0x0000000100000000)
  eden space 2048K, 100% used [0x00000000d5580000,0x00000000d5780000,0x00000000d5780000)
  from space 2048K, 79% used [0x00000000d5980000,0x00000000d5b18000,0x00000000d5b80000)
  to   space 2048K, 0% used [0x00000000d5780000,0x00000000d5780000,0x00000000d5980000)
 ParOldGen       total 633856K, used 633726K [0x0000000080000000, 0x00000000a6b00000, 0x00000000d5580000)
  object space 633856K, 99% used [0x0000000080000000,0x00000000a6adfb40,0x00000000a6b00000)
 Metaspace       used 96656K, committed 98432K, reserved 1179648K
  class space    used 9804K, committed 10624K, reserved 1048576K
}
Event: 14791.011 GC heap after
{Heap after GC invocations=3278 (full 8):
 PSYoungGen      total 4096K, used 2025K [0x00000000d5580000, 0x00000000d6000000, 0x0000000100000000)
  eden space 2048K, 0% used [0x00000000d5580000,0x00000000d5580000,0x00000000d5780000)
  from space 2048K, 98% used [0x00000000d5780000,0x00000000d597a400,0x00000000d5980000)
  to   space 4096K, 0% used [0x00000000d5c00000,0x00000000d5c00000,0x00000000d6000000)
 ParOldGen       total 635392K, used 635270K [0x0000000080000000, 0x00000000a6c80000, 0x00000000d5580000)
  object space 635392K, 99% used [0x0000000080000000,0x00000000a6c61b40,0x00000000a6c80000)
 Metaspace       used 96656K, committed 98432K, reserved 1179648K
  class space    used 9804K, committed 10624K, reserved 1048576K
}
Event: 14791.020 GC heap before
{Heap before GC invocations=3279 (full 8):
 PSYoungGen      total 4096K, used 4073K [0x00000000d5580000, 0x00000000d6000000, 0x0000000100000000)
  eden space 2048K, 100% used [0x00000000d5580000,0x00000000d5780000,0x00000000d5780000)
  from space 2048K, 98% used [0x00000000d5780000,0x00000000d597a400,0x00000000d5980000)
  to   space 4096K, 0% used [0x00000000d5c00000,0x00000000d5c00000,0x00000000d6000000)
 ParOldGen       total 635392K, used 635270K [0x0000000080000000, 0x00000000a6c80000, 0x00000000d5580000)
  object space 635392K, 99% used [0x0000000080000000,0x00000000a6c61b40,0x00000000a6c80000)
 Metaspace       used 96656K, committed 98432K, reserved 1179648K
  class space    used 9804K, committed 10624K, reserved 1048576K
}
Event: 14791.027 GC heap after
{Heap after GC invocations=3279 (full 8):
 PSYoungGen      total 3072K, used 448K [0x00000000d5580000, 0x00000000d5c80000, 0x0000000100000000)
  eden space 2560K, 0% used [0x00000000d5580000,0x00000000d5580000,0x00000000d5800000)
  from space 512K, 87% used [0x00000000d5c00000,0x00000000d5c70000,0x00000000d5c80000)
  to   space 2048K, 0% used [0x00000000d5880000,0x00000000d5880000,0x00000000d5a80000)
 ParOldGen       total 637440K, used 637215K [0x0000000080000000, 0x00000000a6e80000, 0x00000000d5580000)
  object space 637440K, 99% used [0x0000000080000000,0x00000000a6e47f40,0x00000000a6e80000)
 Metaspace       used 96656K, committed 98432K, reserved 1179648K
  class space    used 9804K, committed 10624K, reserved 1048576K
}
Event: 14791.037 GC heap before
{Heap before GC invocations=3280 (full 8):
 PSYoungGen      total 3072K, used 3008K [0x00000000d5580000, 0x00000000d5c80000, 0x0000000100000000)
  eden space 2560K, 100% used [0x00000000d5580000,0x00000000d5800000,0x00000000d5800000)
  from space 512K, 87% used [0x00000000d5c00000,0x00000000d5c70000,0x00000000d5c80000)
  to   space 2048K, 0% used [0x00000000d5880000,0x00000000d5880000,0x00000000d5a80000)
 ParOldGen       total 637440K, used 637215K [0x0000000080000000, 0x00000000a6e80000, 0x00000000d5580000)
  object space 637440K, 99% used [0x0000000080000000,0x00000000a6e47f40,0x00000000a6e80000)
 Metaspace       used 96656K, committed 98432K, reserved 1179648K
  class space    used 9804K, committed 10624K, reserved 1048576K
}
Event: 14791.041 GC heap after
{Heap after GC invocations=3280 (full 8):
 PSYoungGen      total 5120K, used 384K [0x00000000d5580000, 0x00000000d5c80000, 0x0000000100000000)
  eden space 3072K, 0% used [0x00000000d5580000,0x00000000d5580000,0x00000000d5880000)
  from space 2048K, 18% used [0x00000000d5880000,0x00000000d58e0000,0x00000000d5a80000)
  to   space 1024K, 0% used [0x00000000d5b80000,0x00000000d5b80000,0x00000000d5c80000)
 ParOldGen       total 637952K, used 637623K [0x0000000080000000, 0x00000000a6f00000, 0x00000000d5580000)
  object space 637952K, 99% used [0x0000000080000000,0x00000000a6eadf40,0x00000000a6f00000)
 Metaspace       used 96656K, committed 98432K, reserved 1179648K
  class space    used 9804K, committed 10624K, reserved 1048576K
}
Event: 14791.096 GC heap before
{Heap before GC invocations=3281 (full 8):
 PSYoungGen      total 5120K, used 3455K [0x00000000d5580000, 0x00000000d5c80000, 0x0000000100000000)
  eden space 3072K, 99% used [0x00000000d5580000,0x00000000d587fff0,0x00000000d5880000)
  from space 2048K, 18% used [0x00000000d5880000,0x00000000d58e0000,0x00000000d5a80000)
  to   space 1024K, 0% used [0x00000000d5b80000,0x00000000d5b80000,0x00000000d5c80000)
 ParOldGen       total 637952K, used 637623K [0x0000000080000000, 0x00000000a6f00000, 0x00000000d5580000)
  object space 637952K, 99% used [0x0000000080000000,0x00000000a6eadf40,0x00000000a6f00000)
 Metaspace       used 96656K, committed 98432K, reserved 1179648K
  class space    used 9804K, committed 10624K, reserved 1048576K
}
Event: 14791.119 GC heap after
{Heap after GC invocations=3281 (full 8):
 PSYoungGen      total 4608K, used 448K [0x00000000d5580000, 0x00000000d5c00000, 0x0000000100000000)
  eden space 4096K, 0% used [0x00000000d5580000,0x00000000d5580000,0x00000000d5980000)
  from space 512K, 87% used [0x00000000d5b80000,0x00000000d5bf0000,0x00000000d5c00000)
  to   space 512K, 0% used [0x00000000d5b00000,0x00000000d5b00000,0x00000000d5b80000)
 ParOldGen       total 637952K, used 637871K [0x0000000080000000, 0x00000000a6f00000, 0x00000000d5580000)
  object space 637952K, 99% used [0x0000000080000000,0x00000000a6eebf40,0x00000000a6f00000)
 Metaspace       used 96656K, committed 98432K, reserved 1179648K
  class space    used 9804K, committed 10624K, reserved 1048576K
}
Event: 14791.347 GC heap before
{Heap before GC invocations=3282 (full 8):
 PSYoungGen      total 4608K, used 4537K [0x00000000d5580000, 0x00000000d5c00000, 0x0000000100000000)
  eden space 4096K, 99% used [0x00000000d5580000,0x00000000d597e690,0x00000000d5980000)
  from space 512K, 87% used [0x00000000d5b80000,0x00000000d5bf0000,0x00000000d5c00000)
  to   space 512K, 0% used [0x00000000d5b00000,0x00000000d5b00000,0x00000000d5b80000)
 ParOldGen       total 637952K, used 637871K [0x0000000080000000, 0x00000000a6f00000, 0x00000000d5580000)
  object space 637952K, 99% used [0x0000000080000000,0x00000000a6eebf40,0x00000000a6f00000)
 Metaspace       used 96656K, committed 98432K, reserved 1179648K
  class space    used 9804K, committed 10624K, reserved 1048576K
}
Event: 14791.361 GC heap after
{Heap after GC invocations=3282 (full 8):
 PSYoungGen      total 5632K, used 512K [0x00000000d5580000, 0x00000000d5c80000, 0x0000000100000000)
  eden space 5120K, 0% used [0x00000000d5580000,0x00000000d5580000,0x00000000d5a80000)
  from space 512K, 100% used [0x00000000d5b00000,0x00000000d5b80000,0x00000000d5b80000)
  to   space 1024K, 0% used [0x00000000d5b80000,0x00000000d5b80000,0x00000000d5c80000)
 ParOldGen       total 638464K, used 638228K [0x0000000080000000, 0x00000000a6f80000, 0x00000000d5580000)
  object space 638464K, 99% used [0x0000000080000000,0x00000000a6f45160,0x00000000a6f80000)
 Metaspace       used 96656K, committed 98432K, reserved 1179648K
  class space    used 9804K, committed 10624K, reserved 1048576K
}
Event: 14791.379 GC heap before
{Heap before GC invocations=3283 (full 8):
 PSYoungGen      total 5632K, used 5632K [0x00000000d5580000, 0x00000000d5c80000, 0x0000000100000000)
  eden space 5120K, 100% used [0x00000000d5580000,0x00000000d5a80000,0x00000000d5a80000)
  from space 512K, 100% used [0x00000000d5b00000,0x00000000d5b80000,0x00000000d5b80000)
  to   space 1024K, 0% used [0x00000000d5b80000,0x00000000d5b80000,0x00000000d5c80000)
 ParOldGen       total 638464K, used 638228K [0x0000000080000000, 0x00000000a6f80000, 0x00000000d5580000)
  object space 638464K, 99% used [0x0000000080000000,0x00000000a6f45160,0x00000000a6f80000)
 Metaspace       used 96656K, committed 98432K, reserved 1179648K
  class space    used 9804K, committed 10624K, reserved 1048576K
}
Event: 14791.385 GC heap after
{Heap after GC invocations=3283 (full 8):
 PSYoungGen      total 6144K, used 724K [0x00000000d5580000, 0x00000000d5d80000, 0x0000000100000000)
  eden space 5120K, 0% used [0x00000000d5580000,0x00000000d5580000,0x00000000d5a80000)
  from space 1024K, 70% used [0x00000000d5b80000,0x00000000d5c35220,0x00000000d5c80000)
  to   space 1024K, 0% used [0x00000000d5a80000,0x00000000d5a80000,0x00000000d5b80000)
 ParOldGen       total 638976K, used 638580K [0x0000000080000000, 0x00000000a7000000, 0x00000000d5580000)
  object space 638976K, 99% used [0x0000000080000000,0x00000000a6f9d1a0,0x00000000a7000000)
 Metaspace       used 96656K, committed 98432K, reserved 1179648K
  class space    used 9804K, committed 10624K, reserved 1048576K
}

