# JRE version: OpenJDK Runtime Environment Temurin-21.0.10+7 (21.0.10+7) (build 21.0.10+7-LTS)
# Java VM: OpenJDK 64-Bit Server VM Temurin-21.0.10+7 (21.0.10+7-LTS, mixed mode, sharing, tiered, compressed oops, compressed class ptrs, parallel gc, windows-amd64)
GC Precious Log:
 CardTable entry size: 512
 CPUs: 8 total, 8 available
 Memory: 8071M
 Large Page Support: Disabled
 NUMA Support: Disabled
 Compressed Oops: Enabled (32-bit)
 Alignments: Space 512K, Generation 512K, Heap 2M
 Heap Min Capacity: 100M
 Heap Initial Capacity: 100M
 Heap Max Capacity: 2G
 Pre-touch: Disabled
 Parallel Workers: 8
Heap:
 PSYoungGen      total 20992K, used 17196K [0x00000000d5580000, 0x00000000d7200000, 0x0000000100000000)
  eden space 19968K, 81% used [0x00000000d5580000,0x00000000d654eca0,0x00000000d6900000)
  from space 1024K, 98% used [0x00000000d6980000,0x00000000d6a7c368,0x00000000d6a80000)
  to   space 4608K, 0% used [0x00000000d6d80000,0x00000000d6d80000,0x00000000d7200000)
 ParOldGen       total 385536K, used 385300K [0x0000000080000000, 0x0000000097880000, 0x00000000d5580000)
  object space 385536K, 99% used [0x0000000080000000,0x00000000978453c0,0x0000000097880000)
 Metaspace       used 81536K, committed 83264K, reserved 1179648K
  class space    used 8741K, committed 9472K, reserved 1048576K
GC Heap History (20 events):
Event: 12784.298 GC heap before
{Heap before GC invocations=691 (full 3):
 PSYoungGen      total 22016K, used 21760K [0x00000000d5580000, 0x00000000d6c00000, 0x0000000100000000)
  eden space 21504K, 100% used [0x00000000d5580000,0x00000000d6a80000,0x00000000d6a80000)
  from space 512K, 50% used [0x00000000d6a80000,0x00000000d6ac0000,0x00000000d6b00000)
  to   space 512K, 0% used [0x00000000d6b80000,0x00000000d6b80000,0x00000000d6c00000)
 ParOldGen       total 377856K, used 377459K [0x0000000080000000, 0x0000000097100000, 0x00000000d5580000)
  object space 377856K, 99% used [0x0000000080000000,0x000000009709ce78,0x0000000097100000)
 Metaspace       used 77436K, committed 79040K, reserved 1179648K
  class space    used 8206K, committed 8896K, reserved 1048576K
}
Event: 12784.300 GC heap after
{Heap after GC invocations=691 (full 3):
 PSYoungGen      total 22016K, used 384K [0x00000000d5580000, 0x00000000d6c00000, 0x0000000100000000)
  eden space 21504K, 0% used [0x00000000d5580000,0x00000000d5580000,0x00000000d6a80000)
  from space 512K, 75% used [0x00000000d6b80000,0x00000000d6be0000,0x00000000d6c00000)
  to   space 512K, 0% used [0x00000000d6a80000,0x00000000d6a80000,0x00000000d6b00000)
 ParOldGen       total 377856K, used 377555K [0x0000000080000000, 0x0000000097100000, 0x00000000d5580000)
  object space 377856K, 99% used [0x0000000080000000,0x00000000970b4e78,0x0000000097100000)
 Metaspace       used 77436K, committed 79040K, reserved 1179648K
  class space    used 8206K, committed 8896K, reserved 1048576K
}
Event: 12784.327 GC heap before
{Heap before GC invocations=692 (full 3):
 PSYoungGen      total 22016K, used 21888K [0x00000000d5580000, 0x00000000d6c00000, 0x0000000100000000)
  eden space 21504K, 100% used [0x00000000d5580000,0x00000000d6a80000,0x00000000d6a80000)
  from space 512K, 75% used [0x00000000d6b80000,0x00000000d6be0000,0x00000000d6c00000)
  to   space 512K, 0% used [0x00000000d6a80000,0x00000000d6a80000,0x00000000d6b00000)
 ParOldGen       total 377856K, used 377555K [0x0000000080000000, 0x0000000097100000, 0x00000000d5580000)
  object space 377856K, 99% used [0x0000000080000000,0x00000000970b4e78,0x0000000097100000)
 Metaspace       used 77446K, committed 79040K, reserved 1179648K
  class space    used 8206K, committed 8896K, reserved 1048576K
}
Event: 12784.329 GC heap after
{Heap after GC invocations=692 (full 3):
 PSYoungGen      total 22016K, used 288K [0x00000000d5580000, 0x00000000d6c00000, 0x0000000100000000)
  eden space 21504K, 0% used [0x00000000d5580000,0x00000000d5580000,0x00000000d6a80000)
  from space 512K, 56% used [0x00000000d6a80000,0x00000000d6ac8000,0x00000000d6b00000)
  to   space 512K, 0% used [0x00000000d6b80000,0x00000000d6b80000,0x00000000d6c00000)
 ParOldGen       total 377856K, used 377750K [0x0000000080000000, 0x0000000097100000, 0x00000000d5580000)
  object space 377856K, 99% used [0x0000000080000000,0x00000000970e5ba8,0x0000000097100000)
 Metaspace       used 77446K, committed 79040K, reserved 1179648K
  class space    used 8206K, committed 8896K, reserved 1048576K
}
Event: 12784.359 GC heap before
{Heap before GC invocations=693 (full 3):
 PSYoungGen      total 22016K, used 21792K [0x00000000d5580000, 0x00000000d6c00000, 0x0000000100000000)
  eden space 21504K, 100% used [0x00000000d5580000,0x00000000d6a80000,0x00000000d6a80000)
  from space 512K, 56% used [0x00000000d6a80000,0x00000000d6ac8000,0x00000000d6b00000)
  to   space 512K, 0% used [0x00000000d6b80000,0x00000000d6b80000,0x00000000d6c00000)
 ParOldGen       total 377856K, used 377750K [0x0000000080000000, 0x0000000097100000, 0x00000000d5580000)
  object space 377856K, 99% used [0x0000000080000000,0x00000000970e5ba8,0x0000000097100000)
 Metaspace       used 77454K, committed 79040K, reserved 1179648K
  class space    used 8206K, committed 8896K, reserved 1048576K
}
Event: 12784.362 GC heap after
{Heap after GC invocations=693 (full 3):
 PSYoungGen      total 22016K, used 352K [0x00000000d5580000, 0x00000000d6c00000, 0x0000000100000000)
  eden space 21504K, 0% used [0x00000000d5580000,0x00000000d5580000,0x00000000d6a80000)
  from space 512K, 68% used [0x00000000d6b80000,0x00000000d6bd8000,0x00000000d6c00000)
  to   space 512K, 0% used [0x00000000d6a80000,0x00000000d6a80000,0x00000000d6b00000)
 ParOldGen       total 378368K, used 377918K [0x0000000080000000, 0x0000000097180000, 0x00000000d5580000)
  object space 378368K, 99% used [0x0000000080000000,0x000000009710fbb0,0x0000000097180000)
 Metaspace       used 77454K, committed 79040K, reserved 1179648K
  class space    used 8206K, committed 8896K, reserved 1048576K
}
Event: 12784.380 GC heap before
{Heap before GC invocations=694 (full 3):
 PSYoungGen      total 22016K, used 21856K [0x00000000d5580000, 0x00000000d6c00000, 0x0000000100000000)
  eden space 21504K, 100% used [0x00000000d5580000,0x00000000d6a80000,0x00000000d6a80000)
  from space 512K, 68% used [0x00000000d6b80000,0x00000000d6bd8000,0x00000000d6c00000)
  to   space 512K, 0% used [0x00000000d6a80000,0x00000000d6a80000,0x00000000d6b00000)
 ParOldGen       total 378368K, used 377918K [0x0000000080000000, 0x0000000097180000, 0x00000000d5580000)
  object space 378368K, 99% used [0x0000000080000000,0x000000009710fbb0,0x0000000097180000)
 Metaspace       used 77454K, committed 79040K, reserved 1179648K
  class space    used 8206K, committed 8896K, reserved 1048576K
}
Event: 12784.383 GC heap after
{Heap after GC invocations=694 (full 3):
 PSYoungGen      total 22016K, used 320K [0x00000000d5580000, 0x00000000d6c00000, 0x0000000100000000)
  eden space 21504K, 0% used [0x00000000d5580000,0x00000000d5580000,0x00000000d6a80000)
  from space 512K, 62% used [0x00000000d6a80000,0x00000000d6ad0000,0x00000000d6b00000)
  to   space 512K, 0% used [0x00000000d6b80000,0x00000000d6b80000,0x00000000d6c00000)
 ParOldGen       total 378368K, used 378014K [0x0000000080000000, 0x0000000097180000, 0x00000000d5580000)
  object space 378368K, 99% used [0x0000000080000000,0x0000000097127bb0,0x0000000097180000)
 Metaspace       used 77454K, committed 79040K, reserved 1179648K
  class space    used 8206K, committed 8896K, reserved 1048576K
}
Event: 12784.402 GC heap before
{Heap before GC invocations=695 (full 3):
 PSYoungGen      total 22016K, used 21824K [0x00000000d5580000, 0x00000000d6c00000, 0x0000000100000000)
  eden space 21504K, 100% used [0x00000000d5580000,0x00000000d6a80000,0x00000000d6a80000)
  from space 512K, 62% used [0x00000000d6a80000,0x00000000d6ad0000,0x00000000d6b00000)
  to   space 512K, 0% used [0x00000000d6b80000,0x00000000d6b80000,0x00000000d6c00000)
 ParOldGen       total 378368K, used 378014K [0x0000000080000000, 0x0000000097180000, 0x00000000d5580000)
  object space 378368K, 99% used [0x0000000080000000,0x0000000097127bb0,0x0000000097180000)
 Metaspace       used 77454K, committed 79040K, reserved 1179648K
  class space    used 8206K, committed 8896K, reserved 1048576K
}
Event: 12784.404 GC heap after
{Heap after GC invocations=695 (full 3):
 PSYoungGen      total 22016K, used 320K [0x00000000d5580000, 0x00000000d6c00000, 0x0000000100000000)
  eden space 21504K, 0% used [0x00000000d5580000,0x00000000d5580000,0x00000000d6a80000)
  from space 512K, 62% used [0x00000000d6b80000,0x00000000d6bd0000,0x00000000d6c00000)
  to   space 512K, 0% used [0x00000000d6a80000,0x00000000d6a80000,0x00000000d6b00000)
 ParOldGen       total 378368K, used 378158K [0x0000000080000000, 0x0000000097180000, 0x00000000d5580000)
  object space 378368K, 99% used [0x0000000080000000,0x000000009714bbb0,0x0000000097180000)
 Metaspace       used 77454K, committed 79040K, reserved 1179648K
  class space    used 8206K, committed 8896K, reserved 1048576K
}
Event: 12784.476 GC heap before
{Heap before GC invocations=696 (full 3):
 PSYoungGen      total 22016K, used 21824K [0x00000000d5580000, 0x00000000d6c00000, 0x0000000100000000)
  eden space 21504K, 100% used [0x00000000d5580000,0x00000000d6a80000,0x00000000d6a80000)
  from space 512K, 62% used [0x00000000d6b80000,0x00000000d6bd0000,0x00000000d6c00000)
  to   space 512K, 0% used [0x00000000d6a80000,0x00000000d6a80000,0x00000000d6b00000)
 ParOldGen       total 378368K, used 378158K [0x0000000080000000, 0x0000000097180000, 0x00000000d5580000)
  object space 378368K, 99% used [0x0000000080000000,0x000000009714bbb0,0x0000000097180000)
 Metaspace       used 77577K, committed 79296K, reserved 1179648K
  class space    used 8224K, committed 8960K, reserved 1048576K
}
Event: 12784.480 GC heap after
{Heap after GC invocations=696 (full 3):
 PSYoungGen      total 22016K, used 482K [0x00000000d5580000, 0x00000000d6e80000, 0x0000000100000000)
  eden space 21504K, 0% used [0x00000000d5580000,0x00000000d5580000,0x00000000d6a80000)
  from space 512K, 94% used [0x00000000d6a80000,0x00000000d6af8988,0x00000000d6b00000)
  to   space 2048K, 0% used [0x00000000d6c80000,0x00000000d6c80000,0x00000000d6e80000)
 ParOldGen       total 379392K, used 379213K [0x0000000080000000, 0x0000000097280000, 0x00000000d5580000)
  object space 379392K, 99% used [0x0000000080000000,0x0000000097253480,0x0000000097280000)
 Metaspace       used 77577K, committed 79296K, reserved 1179648K
  class space    used 8224K, committed 8960K, reserved 1048576K
}
Event: 12784.606 GC heap before
{Heap before GC invocations=697 (full 3):
 PSYoungGen      total 22016K, used 21986K [0x00000000d5580000, 0x00000000d6e80000, 0x0000000100000000)
  eden space 21504K, 100% used [0x00000000d5580000,0x00000000d6a80000,0x00000000d6a80000)
  from space 512K, 94% used [0x00000000d6a80000,0x00000000d6af8988,0x00000000d6b00000)
  to   space 2048K, 0% used [0x00000000d6c80000,0x00000000d6c80000,0x00000000d6e80000)
 ParOldGen       total 379392K, used 379213K [0x0000000080000000, 0x0000000097280000, 0x00000000d5580000)
  object space 379392K, 99% used [0x0000000080000000,0x0000000097253480,0x0000000097280000)
 Metaspace       used 77894K, committed 79552K, reserved 1179648K
  class space    used 8256K, committed 8960K, reserved 1048576K
}
Event: 12784.610 GC heap after
{Heap after GC invocations=697 (full 3):
 PSYoungGen      total 22016K, used 2039K [0x00000000d5580000, 0x00000000d7180000, 0x0000000100000000)
  eden space 19968K, 0% used [0x00000000d5580000,0x00000000d5580000,0x00000000d6900000)
  from space 2048K, 99% used [0x00000000d6c80000,0x00000000d6e7dd48,0x00000000d6e80000)
  to   space 3584K, 0% used [0x00000000d6900000,0x00000000d6900000,0x00000000d6c80000)
 ParOldGen       total 380416K, used 380026K [0x0000000080000000, 0x0000000097380000, 0x00000000d5580000)
  object space 380416K, 99% used [0x0000000080000000,0x000000009731e898,0x0000000097380000)
 Metaspace       used 77894K, committed 79552K, reserved 1179648K
  class space    used 8256K, committed 8960K, reserved 1048576K
}
Event: 12784.747 GC heap before
{Heap before GC invocations=698 (full 3):
 PSYoungGen      total 22016K, used 22007K [0x00000000d5580000, 0x00000000d7180000, 0x0000000100000000)
  eden space 19968K, 99% used [0x00000000d5580000,0x00000000d68fffb0,0x00000000d6900000)
  from space 2048K, 99% used [0x00000000d6c80000,0x00000000d6e7dd48,0x00000000d6e80000)
  to   space 3584K, 0% used [0x00000000d6900000,0x00000000d6900000,0x00000000d6c80000)
 ParOldGen       total 380416K, used 380026K [0x0000000080000000, 0x0000000097380000, 0x00000000d5580000)
  object space 380416K, 99% used [0x0000000080000000,0x000000009731e898,0x0000000097380000)
 Metaspace       used 78426K, committed 80128K, reserved 1179648K
  class space    used 8319K, committed 9024K, reserved 1048576K
}
Event: 12784.755 GC heap after
{Heap after GC invocations=698 (full 3):
 PSYoungGen      total 20992K, used 816K [0x00000000d5580000, 0x00000000d6d00000, 0x0000000100000000)
  eden space 19968K, 0% used [0x00000000d5580000,0x00000000d5580000,0x00000000d6900000)
  from space 1024K, 79% used [0x00000000d6900000,0x00000000d69cc010,0x00000000d6a00000)
  to   space 2048K, 0% used [0x00000000d6b00000,0x00000000d6b00000,0x00000000d6d00000)
 ParOldGen       total 382464K, used 382020K [0x0000000080000000, 0x0000000097580000, 0x00000000d5580000)
  object space 382464K, 99% used [0x0000000080000000,0x0000000097511250,0x0000000097580000)
 Metaspace       used 78426K, committed 80128K, reserved 1179648K
  class space    used 8319K, committed 9024K, reserved 1048576K
}
Event: 12785.227 GC heap before
{Heap before GC invocations=699 (full 3):
 PSYoungGen      total 20992K, used 20784K [0x00000000d5580000, 0x00000000d6d00000, 0x0000000100000000)
  eden space 19968K, 100% used [0x00000000d5580000,0x00000000d6900000,0x00000000d6900000)
  from space 1024K, 79% used [0x00000000d6900000,0x00000000d69cc010,0x00000000d6a00000)
  to   space 2048K, 0% used [0x00000000d6b00000,0x00000000d6b00000,0x00000000d6d00000)
 ParOldGen       total 382464K, used 382020K [0x0000000080000000, 0x0000000097580000, 0x00000000d5580000)
  object space 382464K, 99% used [0x0000000080000000,0x0000000097511250,0x0000000097580000)
 Metaspace       used 79915K, committed 81600K, reserved 1179648K
  class space    used 8484K, committed 9216K, reserved 1048576K
}
Event: 12785.230 GC heap after
{Heap after GC invocations=699 (full 3):
 PSYoungGen      total 20480K, used 401K [0x00000000d5580000, 0x00000000d6b80000, 0x0000000100000000)
  eden space 19968K, 0% used [0x00000000d5580000,0x00000000d5580000,0x00000000d6900000)
  from space 512K, 78% used [0x00000000d6b00000,0x00000000d6b645c8,0x00000000d6b80000)
  to   space 1024K, 0% used [0x00000000d6980000,0x00000000d6980000,0x00000000d6a80000)
 ParOldGen       total 382976K, used 382513K [0x0000000080000000, 0x0000000097600000, 0x00000000d5580000)
  object space 382976K, 99% used [0x0000000080000000,0x000000009758c748,0x0000000097600000)
 Metaspace       used 79915K, committed 81600K, reserved 1179648K
  class space    used 8484K, committed 9216K, reserved 1048576K
}
Event: 12793.152 GC heap before
{Heap before GC invocations=700 (full 3):
 PSYoungGen      total 20480K, used 20363K [0x00000000d5580000, 0x00000000d6b80000, 0x0000000100000000)
  eden space 19968K, 99% used [0x00000000d5580000,0x00000000d68fea28,0x00000000d6900000)
  from space 512K, 78% used [0x00000000d6b00000,0x00000000d6b645c8,0x00000000d6b80000)
  to   space 1024K, 0% used [0x00000000d6980000,0x00000000d6980000,0x00000000d6a80000)
 ParOldGen       total 382976K, used 382513K [0x0000000080000000, 0x0000000097600000, 0x00000000d5580000)
  object space 382976K, 99% used [0x0000000080000000,0x000000009758c748,0x0000000097600000)
 Metaspace       used 81478K, committed 83200K, reserved 1179648K
  class space    used 8741K, committed 9472K, reserved 1048576K
}
Event: 12793.156 GC heap after
{Heap after GC invocations=700 (full 3):
 PSYoungGen      total 20992K, used 1008K [0x00000000d5580000, 0x00000000d7200000, 0x0000000100000000)
  eden space 19968K, 0% used [0x00000000d5580000,0x00000000d5580000,0x00000000d6900000)
  from space 1024K, 98% used [0x00000000d6980000,0x00000000d6a7c368,0x00000000d6a80000)
  to   space 4608K, 0% used [0x00000000d6d80000,0x00000000d6d80000,0x00000000d7200000)
 ParOldGen       total 385536K, used 385300K [0x0000000080000000, 0x0000000097880000, 0x00000000d5580000)
  object space 385536K, 99% used [0x0000000080000000,0x00000000978453c0,0x0000000097880000)
 Metaspace       used 81478K, committed 83200K, reserved 1179648K
  class space    used 8741K, committed 9472K, reserved 1048576K
}

