# JRE version: OpenJDK Runtime Environment Temurin-21.0.10+7 (21.0.10+7) (build 21.0.10+7-LTS)
# Java VM: OpenJDK 64-Bit Server VM Temurin-21.0.10+7 (21.0.10+7-LTS, mixed mode, sharing, tiered, compressed oops, compressed class ptrs, parallel gc, windows-amd64)
GC Precious Log:
 CardTable entry size: 512
 CPUs: 8 total, 8 available
 Memory: 8071M
 Large Page Support: Disabled
 NUMA Support: Disabled
 Compressed Oops: Enabled (32-bit)
 Alignments: Space 512K, Generation 512K, Heap 2M
 Heap Min Capacity: 100M
 Heap Initial Capacity: 100M
 Heap Max Capacity: 2G
 Pre-touch: Disabled
 Parallel Workers: 8
Heap:
 PSYoungGen      total 3072K, used 661K [0x00000000d5580000, 0x00000000d5a80000, 0x0000000100000000)
  eden space 2560K, 19% used [0x00000000d5580000,0x00000000d55fd4e0,0x00000000d5800000)
  from space 512K, 31% used [0x00000000d5a00000,0x00000000d5a28000,0x00000000d5a80000)
  to   space 512K, 0% used [0x00000000d5880000,0x00000000d5880000,0x00000000d5900000)
 ParOldGen       total 175616K, used 175395K [0x0000000080000000, 0x000000008ab80000, 0x00000000d5580000)
  object space 175616K, 99% used [0x0000000080000000,0x000000008ab48ee0,0x000000008ab80000)
 Metaspace       used 72118K, committed 73856K, reserved 1179648K
  class space    used 7740K, committed 8512K, reserved 1048576K
GC Heap History (20 events):
Event: 344.459 GC heap before
{Heap before GC invocations=214 (full 3):
 PSYoungGen      total 3072K, used 2873K [0x00000000d5580000, 0x00000000d5a80000, 0x0000000100000000)
  eden space 2560K, 100% used [0x00000000d5580000,0x00000000d5800000,0x00000000d5800000)
  from space 512K, 61% used [0x00000000d5a00000,0x00000000d5a4e5c0,0x00000000d5a80000)
  to   space 512K, 0% used [0x00000000d5880000,0x00000000d5880000,0x00000000d5900000)
 ParOldGen       total 175104K, used 174611K [0x0000000080000000, 0x000000008ab00000, 0x00000000d5580000)
  object space 175104K, 99% used [0x0000000080000000,0x000000008aa84ea0,0x000000008ab00000)
 Metaspace       used 70399K, committed 72064K, reserved 1114112K
  class space    used 7494K, committed 8192K, reserved 1048576K
}
Event: 344.461 GC heap after
{Heap after GC invocations=214 (full 3):
 PSYoungGen      total 3072K, used 272K [0x00000000d5580000, 0x00000000d5a80000, 0x0000000100000000)
  eden space 2560K, 0% used [0x00000000d5580000,0x00000000d5580000,0x00000000d5800000)
  from space 512K, 53% used [0x00000000d5880000,0x00000000d58c4010,0x00000000d5900000)
  to   space 512K, 0% used [0x00000000d5a00000,0x00000000d5a00000,0x00000000d5a80000)
 ParOldGen       total 175104K, used 174651K [0x0000000080000000, 0x000000008ab00000, 0x00000000d5580000)
  object space 175104K, 99% used [0x0000000080000000,0x000000008aa8eea0,0x000000008ab00000)
 Metaspace       used 70399K, committed 72064K, reserved 1114112K
  class space    used 7494K, committed 8192K, reserved 1048576K
}
Event: 344.532 GC heap before
{Heap before GC invocations=215 (full 3):
 PSYoungGen      total 3072K, used 2832K [0x00000000d5580000, 0x00000000d5a80000, 0x0000000100000000)
  eden space 2560K, 100% used [0x00000000d5580000,0x00000000d5800000,0x00000000d5800000)
  from space 512K, 53% used [0x00000000d5880000,0x00000000d58c4010,0x00000000d5900000)
  to   space 512K, 0% used [0x00000000d5a00000,0x00000000d5a00000,0x00000000d5a80000)
 ParOldGen       total 175104K, used 174651K [0x0000000080000000, 0x000000008ab00000, 0x00000000d5580000)
  object space 175104K, 99% used [0x0000000080000000,0x000000008aa8eea0,0x000000008ab00000)
 Metaspace       used 70567K, committed 72256K, reserved 1114112K
  class space    used 7543K, committed 8256K, reserved 1048576K
}
Event: 344.533 GC heap after
{Heap after GC invocations=215 (full 3):
 PSYoungGen      total 3072K, used 128K [0x00000000d5580000, 0x00000000d5a80000, 0x0000000100000000)
  eden space 2560K, 0% used [0x00000000d5580000,0x00000000d5580000,0x00000000d5800000)
  from space 512K, 25% used [0x00000000d5a00000,0x00000000d5a20000,0x00000000d5a80000)
  to   space 512K, 0% used [0x00000000d5880000,0x00000000d5880000,0x00000000d5900000)
 ParOldGen       total 175104K, used 174787K [0x0000000080000000, 0x000000008ab00000, 0x00000000d5580000)
  object space 175104K, 99% used [0x0000000080000000,0x000000008aab0ed0,0x000000008ab00000)
 Metaspace       used 70567K, committed 72256K, reserved 1114112K
  class space    used 7543K, committed 8256K, reserved 1048576K
}
Event: 344.600 GC heap before
{Heap before GC invocations=216 (full 3):
 PSYoungGen      total 3072K, used 2688K [0x00000000d5580000, 0x00000000d5a80000, 0x0000000100000000)
  eden space 2560K, 100% used [0x00000000d5580000,0x00000000d5800000,0x00000000d5800000)
  from space 512K, 25% used [0x00000000d5a00000,0x00000000d5a20000,0x00000000d5a80000)
  to   space 512K, 0% used [0x00000000d5880000,0x00000000d5880000,0x00000000d5900000)
 ParOldGen       total 175104K, used 174787K [0x0000000080000000, 0x000000008ab00000, 0x00000000d5580000)
  object space 175104K, 99% used [0x0000000080000000,0x000000008aab0ed0,0x000000008ab00000)
 Metaspace       used 70842K, committed 72576K, reserved 1114112K
  class space    used 7593K, committed 8320K, reserved 1048576K
}
Event: 344.602 GC heap after
{Heap after GC invocations=216 (full 3):
 PSYoungGen      total 3072K, used 224K [0x00000000d5580000, 0x00000000d5a80000, 0x0000000100000000)
  eden space 2560K, 0% used [0x00000000d5580000,0x00000000d5580000,0x00000000d5800000)
  from space 512K, 43% used [0x00000000d5880000,0x00000000d58b8000,0x00000000d5900000)
  to   space 512K, 0% used [0x00000000d5a00000,0x00000000d5a00000,0x00000000d5a80000)
 ParOldGen       total 175104K, used 174843K [0x0000000080000000, 0x000000008ab00000, 0x00000000d5580000)
  object space 175104K, 99% used [0x0000000080000000,0x000000008aabeed0,0x000000008ab00000)
 Metaspace       used 70842K, committed 72576K, reserved 1114112K
  class space    used 7593K, committed 8320K, reserved 1048576K
}
Event: 344.655 GC heap before
{Heap before GC invocations=217 (full 3):
 PSYoungGen      total 3072K, used 2765K [0x00000000d5580000, 0x00000000d5a80000, 0x0000000100000000)
  eden space 2560K, 99% used [0x00000000d5580000,0x00000000d57fb778,0x00000000d5800000)
  from space 512K, 43% used [0x00000000d5880000,0x00000000d58b8000,0x00000000d5900000)
  to   space 512K, 0% used [0x00000000d5a00000,0x00000000d5a00000,0x00000000d5a80000)
 ParOldGen       total 175104K, used 174843K [0x0000000080000000, 0x000000008ab00000, 0x00000000d5580000)
  object space 175104K, 99% used [0x0000000080000000,0x000000008aabeed0,0x000000008ab00000)
 Metaspace       used 71108K, committed 72768K, reserved 1114112K
  class space    used 7636K, committed 8320K, reserved 1048576K
}
Event: 344.657 GC heap after
{Heap after GC invocations=217 (full 3):
 PSYoungGen      total 3072K, used 252K [0x00000000d5580000, 0x00000000d5a80000, 0x0000000100000000)
  eden space 2560K, 0% used [0x00000000d5580000,0x00000000d5580000,0x00000000d5800000)
  from space 512K, 49% used [0x00000000d5a00000,0x00000000d5a3f118,0x00000000d5a80000)
  to   space 512K, 0% used [0x00000000d5880000,0x00000000d5880000,0x00000000d5900000)
 ParOldGen       total 175104K, used 174907K [0x0000000080000000, 0x000000008ab00000, 0x00000000d5580000)
  object space 175104K, 99% used [0x0000000080000000,0x000000008aaceed0,0x000000008ab00000)
 Metaspace       used 71108K, committed 72768K, reserved 1114112K
  class space    used 7636K, committed 8320K, reserved 1048576K
}
Event: 344.873 GC heap before
{Heap before GC invocations=218 (full 3):
 PSYoungGen      total 3072K, used 2808K [0x00000000d5580000, 0x00000000d5a80000, 0x0000000100000000)
  eden space 2560K, 99% used [0x00000000d5580000,0x00000000d57ff290,0x00000000d5800000)
  from space 512K, 49% used [0x00000000d5a00000,0x00000000d5a3f118,0x00000000d5a80000)
  to   space 512K, 0% used [0x00000000d5880000,0x00000000d5880000,0x00000000d5900000)
 ParOldGen       total 175104K, used 174907K [0x0000000080000000, 0x000000008ab00000, 0x00000000d5580000)
  object space 175104K, 99% used [0x0000000080000000,0x000000008aaceed0,0x000000008ab00000)
 Metaspace       used 71379K, committed 73088K, reserved 1114112K
  class space    used 7664K, committed 8384K, reserved 1048576K
}
Event: 344.877 GC heap after
{Heap after GC invocations=218 (full 3):
 PSYoungGen      total 3072K, used 339K [0x00000000d5580000, 0x00000000d5a80000, 0x0000000100000000)
  eden space 2560K, 0% used [0x00000000d5580000,0x00000000d5580000,0x00000000d5800000)
  from space 512K, 66% used [0x00000000d5880000,0x00000000d58d4df0,0x00000000d5900000)
  to   space 512K, 0% used [0x00000000d5a00000,0x00000000d5a00000,0x00000000d5a80000)
 ParOldGen       total 175104K, used 174963K [0x0000000080000000, 0x000000008ab00000, 0x00000000d5580000)
  object space 175104K, 99% used [0x0000000080000000,0x000000008aadced0,0x000000008ab00000)
 Metaspace       used 71379K, committed 73088K, reserved 1114112K
  class space    used 7664K, committed 8384K, reserved 1048576K
}
Event: 637.942 GC heap before
{Heap before GC invocations=219 (full 3):
 PSYoungGen      total 3072K, used 2899K [0x00000000d5580000, 0x00000000d5a80000, 0x0000000100000000)
  eden space 2560K, 99% used [0x00000000d5580000,0x00000000d57ffeb0,0x00000000d5800000)
  from space 512K, 66% used [0x00000000d5880000,0x00000000d58d4df0,0x00000000d5900000)
  to   space 512K, 0% used [0x00000000d5a00000,0x00000000d5a00000,0x00000000d5a80000)
 ParOldGen       total 175104K, used 174963K [0x0000000080000000, 0x000000008ab00000, 0x00000000d5580000)
  object space 175104K, 99% used [0x0000000080000000,0x000000008aadced0,0x000000008ab00000)
 Metaspace       used 71756K, committed 73536K, reserved 1179648K
  class space    used 7711K, committed 8512K, reserved 1048576K
}
Event: 638.085 GC heap after
{Heap after GC invocations=219 (full 3):
 PSYoungGen      total 3072K, used 256K [0x00000000d5580000, 0x00000000d5a80000, 0x0000000100000000)
  eden space 2560K, 0% used [0x00000000d5580000,0x00000000d5580000,0x00000000d5800000)
  from space 512K, 50% used [0x00000000d5a00000,0x00000000d5a40000,0x00000000d5a80000)
  to   space 512K, 0% used [0x00000000d5880000,0x00000000d5880000,0x00000000d5900000)
 ParOldGen       total 175104K, used 175083K [0x0000000080000000, 0x000000008ab00000, 0x00000000d5580000)
  object space 175104K, 99% used [0x0000000080000000,0x000000008aafaee0,0x000000008ab00000)
 Metaspace       used 71756K, committed 73536K, reserved 1179648K
  class space    used 7711K, committed 8512K, reserved 1048576K
}
Event: 911.547 GC heap before
{Heap before GC invocations=220 (full 3):
 PSYoungGen      total 3072K, used 2816K [0x00000000d5580000, 0x00000000d5a80000, 0x0000000100000000)
  eden space 2560K, 100% used [0x00000000d5580000,0x00000000d5800000,0x00000000d5800000)
  from space 512K, 50% used [0x00000000d5a00000,0x00000000d5a40000,0x00000000d5a80000)
  to   space 512K, 0% used [0x00000000d5880000,0x00000000d5880000,0x00000000d5900000)
 ParOldGen       total 175104K, used 175083K [0x0000000080000000, 0x000000008ab00000, 0x00000000d5580000)
  object space 175104K, 99% used [0x0000000080000000,0x000000008aafaee0,0x000000008ab00000)
 Metaspace       used 72041K, committed 73792K, reserved 1179648K
  class space    used 7740K, committed 8512K, reserved 1048576K
}
Event: 911.580 GC heap after
{Heap after GC invocations=220 (full 3):
 PSYoungGen      total 3072K, used 224K [0x00000000d5580000, 0x00000000d5a80000, 0x0000000100000000)
  eden space 2560K, 0% used [0x00000000d5580000,0x00000000d5580000,0x00000000d5800000)
  from space 512K, 43% used [0x00000000d5880000,0x00000000d58b8000,0x00000000d5900000)
  to   space 512K, 0% used [0x00000000d5a00000,0x00000000d5a00000,0x00000000d5a80000)
 ParOldGen       total 175616K, used 175219K [0x0000000080000000, 0x000000008ab80000, 0x00000000d5580000)
  object space 175616K, 99% used [0x0000000080000000,0x000000008ab1cee0,0x000000008ab80000)
 Metaspace       used 72041K, committed 73792K, reserved 1179648K
  class space    used 7740K, committed 8512K, reserved 1048576K
}
Event: 7001.423 GC heap before
{Heap before GC invocations=221 (full 3):
 PSYoungGen      total 3072K, used 2784K [0x00000000d5580000, 0x00000000d5a80000, 0x0000000100000000)
  eden space 2560K, 100% used [0x00000000d5580000,0x00000000d5800000,0x00000000d5800000)
  from space 512K, 43% used [0x00000000d5880000,0x00000000d58b8000,0x00000000d5900000)
  to   space 512K, 0% used [0x00000000d5a00000,0x00000000d5a00000,0x00000000d5a80000)
 ParOldGen       total 175616K, used 175219K [0x0000000080000000, 0x000000008ab80000, 0x00000000d5580000)
  object space 175616K, 99% used [0x0000000080000000,0x000000008ab1cee0,0x000000008ab80000)
 Metaspace       used 72086K, committed 73792K, reserved 1179648K
  class space    used 7740K, committed 8512K, reserved 1048576K
}
Event: 7001.581 GC heap after
{Heap after GC invocations=221 (full 3):
 PSYoungGen      total 3072K, used 224K [0x00000000d5580000, 0x00000000d5a80000, 0x0000000100000000)
  eden space 2560K, 0% used [0x00000000d5580000,0x00000000d5580000,0x00000000d5800000)
  from space 512K, 43% used [0x00000000d5a00000,0x00000000d5a38000,0x00000000d5a80000)
  to   space 512K, 0% used [0x00000000d5880000,0x00000000d5880000,0x00000000d5900000)
 ParOldGen       total 175616K, used 175355K [0x0000000080000000, 0x000000008ab80000, 0x00000000d5580000)
  object space 175616K, 99% used [0x0000000080000000,0x000000008ab3eee0,0x000000008ab80000)
 Metaspace       used 72086K, committed 73792K, reserved 1179648K
  class space    used 7740K, committed 8512K, reserved 1048576K
}
Event: 13574.760 GC heap before
{Heap before GC invocations=222 (full 3):
 PSYoungGen      total 3072K, used 2784K [0x00000000d5580000, 0x00000000d5a80000, 0x0000000100000000)
  eden space 2560K, 100% used [0x00000000d5580000,0x00000000d5800000,0x00000000d5800000)
  from space 512K, 43% used [0x00000000d5a00000,0x00000000d5a38000,0x00000000d5a80000)
  to   space 512K, 0% used [0x00000000d5880000,0x00000000d5880000,0x00000000d5900000)
 ParOldGen       total 175616K, used 175355K [0x0000000080000000, 0x000000008ab80000, 0x00000000d5580000)
  object space 175616K, 99% used [0x0000000080000000,0x000000008ab3eee0,0x000000008ab80000)
 Metaspace       used 72112K, committed 73856K, reserved 1179648K
  class space    used 7740K, committed 8512K, reserved 1048576K
}
Event: 13574.874 GC heap after
{Heap after GC invocations=222 (full 3):
 PSYoungGen      total 3072K, used 128K [0x00000000d5580000, 0x00000000d5a80000, 0x0000000100000000)
  eden space 2560K, 0% used [0x00000000d5580000,0x00000000d5580000,0x00000000d5800000)
  from space 512K, 25% used [0x00000000d5880000,0x00000000d58a0000,0x00000000d5900000)
  to   space 512K, 0% used [0x00000000d5a00000,0x00000000d5a00000,0x00000000d5a80000)
 ParOldGen       total 175616K, used 175379K [0x0000000080000000, 0x000000008ab80000, 0x00000000d5580000)
  object space 175616K, 99% used [0x0000000080000000,0x000000008ab44ee0,0x000000008ab80000)
 Metaspace       used 72112K, committed 73856K, reserved 1179648K
  class space    used 7740K, committed 8512K, reserved 1048576K
}
Event: 20176.678 GC heap before
{Heap before GC invocations=223 (full 3):
 PSYoungGen      total 3072K, used 2688K [0x00000000d5580000, 0x00000000d5a80000, 0x0000000100000000)
  eden space 2560K, 100% used [0x00000000d5580000,0x00000000d5800000,0x00000000d5800000)
  from space 512K, 25% used [0x00000000d5880000,0x00000000d58a0000,0x00000000d5900000)
  to   space 512K, 0% used [0x00000000d5a00000,0x00000000d5a00000,0x00000000d5a80000)
 ParOldGen       total 175616K, used 175379K [0x0000000080000000, 0x000000008ab80000, 0x00000000d5580000)
  object space 175616K, 99% used [0x0000000080000000,0x000000008ab44ee0,0x000000008ab80000)
 Metaspace       used 72118K, committed 73856K, reserved 1179648K
  class space    used 7740K, committed 8512K, reserved 1048576K
}
Event: 20176.792 GC heap after
{Heap after GC invocations=223 (full 3):
 PSYoungGen      total 3072K, used 160K [0x00000000d5580000, 0x00000000d5a80000, 0x0000000100000000)
  eden space 2560K, 0% used [0x00000000d5580000,0x00000000d5580000,0x00000000d5800000)
  from space 512K, 31% used [0x00000000d5a00000,0x00000000d5a28000,0x00000000d5a80000)
  to   space 512K, 0% used [0x00000000d5880000,0x00000000d5880000,0x00000000d5900000)
 ParOldGen       total 175616K, used 175395K [0x0000000080000000, 0x000000008ab80000, 0x00000000d5580000)
  object space 175616K, 99% used [0x0000000080000000,0x000000008ab48ee0,0x000000008ab80000)
 Metaspace       used 72118K, committed 73856K, reserved 1179648K
  class space    used 7740K, committed 8512K, reserved 1048576K
}

