# JRE version: OpenJDK Runtime Environment Temurin-21.0.10+7 (21.0.10+7) (build 21.0.10+7-LTS)
# Java VM: OpenJDK 64-Bit Server VM Temurin-21.0.10+7 (21.0.10+7-LTS, mixed mode, sharing, tiered, compressed oops, compressed class ptrs, parallel gc, windows-amd64)
GC Precious Log:
 CardTable entry size: 512
 CPUs: 8 total, 8 available
 Memory: 8071M
 Large Page Support: Disabled
 NUMA Support: Disabled
 Compressed Oops: Enabled (32-bit)
 Alignments: Space 512K, Generation 512K, Heap 2M
 Heap Min Capacity: 100M
 Heap Initial Capacity: 100M
 Heap Max Capacity: 2G
 Pre-touch: Disabled
 Parallel Workers: 8
Heap:
 PSYoungGen      total 19456K, used 7531K [0x00000000d5580000, 0x00000000d6a00000, 0x0000000100000000)
  eden space 17920K, 35% used [0x00000000d5580000,0x00000000d5bc2ce0,0x00000000d6700000)
  from space 1536K, 72% used [0x00000000d6700000,0x00000000d6818020,0x00000000d6880000)
  to   space 1536K, 0% used [0x00000000d6880000,0x00000000d6880000,0x00000000d6a00000)
 ParOldGen       total 134144K, used 133714K [0x0000000080000000, 0x0000000088300000, 0x00000000d5580000)
  object space 134144K, 99% used [0x0000000080000000,0x0000000088294838,0x0000000088300000)
 Metaspace       used 71759K, committed 73344K, reserved 1114112K
  class space    used 7682K, committed 8384K, reserved 1048576K
GC Heap History (20 events):
Event: 18.880 GC heap before
{Heap before GC invocations=137 (full 3):
 PSYoungGen      total 19968K, used 19584K [0x00000000d5580000, 0x00000000d6a00000, 0x0000000100000000)
  eden space 18944K, 100% used [0x00000000d5580000,0x00000000d6800000,0x00000000d6800000)
  from space 1024K, 62% used [0x00000000d6800000,0x00000000d68a0000,0x00000000d6900000)
  to   space 1024K, 0% used [0x00000000d6900000,0x00000000d6900000,0x00000000d6a00000)
 ParOldGen       total 130048K, used 129670K [0x0000000080000000, 0x0000000087f00000, 0x00000000d5580000)
  object space 130048K, 99% used [0x0000000080000000,0x0000000087ea18c8,0x0000000087f00000)
 Metaspace       used 70170K, committed 71744K, reserved 1114112K
  class space    used 7539K, committed 8192K, reserved 1048576K
}
Event: 18.882 GC heap after
{Heap after GC invocations=137 (full 3):
 PSYoungGen      total 19968K, used 416K [0x00000000d5580000, 0x00000000d6a00000, 0x0000000100000000)
  eden space 18944K, 0% used [0x00000000d5580000,0x00000000d5580000,0x00000000d6800000)
  from space 1024K, 40% used [0x00000000d6900000,0x00000000d6968000,0x00000000d6a00000)
  to   space 1024K, 0% used [0x00000000d6800000,0x00000000d6800000,0x00000000d6900000)
 ParOldGen       total 130560K, used 130174K [0x0000000080000000, 0x0000000087f80000, 0x00000000d5580000)
  object space 130560K, 99% used [0x0000000080000000,0x0000000087f1f8d8,0x0000000087f80000)
 Metaspace       used 70170K, committed 71744K, reserved 1114112K
  class space    used 7539K, committed 8192K, reserved 1048576K
}
Event: 18.904 GC heap before
{Heap before GC invocations=138 (full 3):
 PSYoungGen      total 19968K, used 19360K [0x00000000d5580000, 0x00000000d6a00000, 0x0000000100000000)
  eden space 18944K, 100% used [0x00000000d5580000,0x00000000d6800000,0x00000000d6800000)
  from space 1024K, 40% used [0x00000000d6900000,0x00000000d6968000,0x00000000d6a00000)
  to   space 1024K, 0% used [0x00000000d6800000,0x00000000d6800000,0x00000000d6900000)
 ParOldGen       total 130560K, used 130174K [0x0000000080000000, 0x0000000087f80000, 0x00000000d5580000)
  object space 130560K, 99% used [0x0000000080000000,0x0000000087f1f8d8,0x0000000087f80000)
 Metaspace       used 70189K, committed 71744K, reserved 1114112K
  class space    used 7539K, committed 8192K, reserved 1048576K
}
Event: 18.906 GC heap after
{Heap after GC invocations=138 (full 3):
 PSYoungGen      total 19968K, used 474K [0x00000000d5580000, 0x00000000d6980000, 0x0000000100000000)
  eden space 18944K, 0% used [0x00000000d5580000,0x00000000d5580000,0x00000000d6800000)
  from space 1024K, 46% used [0x00000000d6800000,0x00000000d6876900,0x00000000d6900000)
  to   space 512K, 0% used [0x00000000d6900000,0x00000000d6900000,0x00000000d6980000)
 ParOldGen       total 130560K, used 130478K [0x0000000080000000, 0x0000000087f80000, 0x00000000d5580000)
  object space 130560K, 99% used [0x0000000080000000,0x0000000087f6b8d8,0x0000000087f80000)
 Metaspace       used 70189K, committed 71744K, reserved 1114112K
  class space    used 7539K, committed 8192K, reserved 1048576K
}
Event: 18.932 GC heap before
{Heap before GC invocations=139 (full 3):
 PSYoungGen      total 19968K, used 19418K [0x00000000d5580000, 0x00000000d6980000, 0x0000000100000000)
  eden space 18944K, 100% used [0x00000000d5580000,0x00000000d6800000,0x00000000d6800000)
  from space 1024K, 46% used [0x00000000d6800000,0x00000000d6876900,0x00000000d6900000)
  to   space 512K, 0% used [0x00000000d6900000,0x00000000d6900000,0x00000000d6980000)
 ParOldGen       total 130560K, used 130478K [0x0000000080000000, 0x0000000087f80000, 0x00000000d5580000)
  object space 130560K, 99% used [0x0000000080000000,0x0000000087f6b8d8,0x0000000087f80000)
 Metaspace       used 70200K, committed 71744K, reserved 1114112K
  class space    used 7539K, committed 8192K, reserved 1048576K
}
Event: 18.934 GC heap after
{Heap after GC invocations=139 (full 3):
 PSYoungGen      total 19456K, used 512K [0x00000000d5580000, 0x00000000d6a00000, 0x0000000100000000)
  eden space 18944K, 0% used [0x00000000d5580000,0x00000000d5580000,0x00000000d6800000)
  from space 512K, 100% used [0x00000000d6900000,0x00000000d6980000,0x00000000d6980000)
  to   space 1024K, 0% used [0x00000000d6800000,0x00000000d6800000,0x00000000d6900000)
 ParOldGen       total 131072K, used 130816K [0x0000000080000000, 0x0000000088000000, 0x00000000d5580000)
  object space 131072K, 99% used [0x0000000080000000,0x0000000087fc01d8,0x0000000088000000)
 Metaspace       used 70200K, committed 71744K, reserved 1114112K
  class space    used 7539K, committed 8192K, reserved 1048576K
}
Event: 18.965 GC heap before
{Heap before GC invocations=140 (full 3):
 PSYoungGen      total 19456K, used 19456K [0x00000000d5580000, 0x00000000d6a00000, 0x0000000100000000)
  eden space 18944K, 100% used [0x00000000d5580000,0x00000000d6800000,0x00000000d6800000)
  from space 512K, 100% used [0x00000000d6900000,0x00000000d6980000,0x00000000d6980000)
  to   space 1024K, 0% used [0x00000000d6800000,0x00000000d6800000,0x00000000d6900000)
 ParOldGen       total 131072K, used 130816K [0x0000000080000000, 0x0000000088000000, 0x00000000d5580000)
  object space 131072K, 99% used [0x0000000080000000,0x0000000087fc01d8,0x0000000088000000)
 Metaspace       used 70227K, committed 71808K, reserved 1114112K
  class space    used 7545K, committed 8192K, reserved 1048576K
}
Event: 18.967 GC heap after
{Heap after GC invocations=140 (full 3):
 PSYoungGen      total 19968K, used 320K [0x00000000d5580000, 0x00000000d6a00000, 0x0000000100000000)
  eden space 18944K, 0% used [0x00000000d5580000,0x00000000d5580000,0x00000000d6800000)
  from space 1024K, 31% used [0x00000000d6800000,0x00000000d6850000,0x00000000d6900000)
  to   space 1024K, 0% used [0x00000000d6900000,0x00000000d6900000,0x00000000d6a00000)
 ParOldGen       total 131584K, used 131168K [0x0000000080000000, 0x0000000088080000, 0x00000000d5580000)
  object space 131584K, 99% used [0x0000000080000000,0x0000000088018160,0x0000000088080000)
 Metaspace       used 70227K, committed 71808K, reserved 1114112K
  class space    used 7545K, committed 8192K, reserved 1048576K
}
Event: 18.997 GC heap before
{Heap before GC invocations=141 (full 3):
 PSYoungGen      total 19968K, used 19264K [0x00000000d5580000, 0x00000000d6a00000, 0x0000000100000000)
  eden space 18944K, 100% used [0x00000000d5580000,0x00000000d6800000,0x00000000d6800000)
  from space 1024K, 31% used [0x00000000d6800000,0x00000000d6850000,0x00000000d6900000)
  to   space 1024K, 0% used [0x00000000d6900000,0x00000000d6900000,0x00000000d6a00000)
 ParOldGen       total 131584K, used 131168K [0x0000000080000000, 0x0000000088080000, 0x00000000d5580000)
  object space 131584K, 99% used [0x0000000080000000,0x0000000088018160,0x0000000088080000)
 Metaspace       used 70227K, committed 71808K, reserved 1114112K
  class space    used 7545K, committed 8192K, reserved 1048576K
}
Event: 18.998 GC heap after
{Heap after GC invocations=141 (full 3):
 PSYoungGen      total 19456K, used 288K [0x00000000d5580000, 0x00000000d6980000, 0x0000000100000000)
  eden space 18944K, 0% used [0x00000000d5580000,0x00000000d5580000,0x00000000d6800000)
  from space 512K, 56% used [0x00000000d6900000,0x00000000d6948000,0x00000000d6980000)
  to   space 512K, 0% used [0x00000000d6880000,0x00000000d6880000,0x00000000d6900000)
 ParOldGen       total 131584K, used 131376K [0x0000000080000000, 0x0000000088080000, 0x00000000d5580000)
  object space 131584K, 99% used [0x0000000080000000,0x000000008804c160,0x0000000088080000)
 Metaspace       used 70227K, committed 71808K, reserved 1114112K
  class space    used 7545K, committed 8192K, reserved 1048576K
}
Event: 19.030 GC heap before
{Heap before GC invocations=142 (full 3):
 PSYoungGen      total 19456K, used 19232K [0x00000000d5580000, 0x00000000d6980000, 0x0000000100000000)
  eden space 18944K, 100% used [0x00000000d5580000,0x00000000d6800000,0x00000000d6800000)
  from space 512K, 56% used [0x00000000d6900000,0x00000000d6948000,0x00000000d6980000)
  to   space 512K, 0% used [0x00000000d6880000,0x00000000d6880000,0x00000000d6900000)
 ParOldGen       total 131584K, used 131376K [0x0000000080000000, 0x0000000088080000, 0x00000000d5580000)
  object space 131584K, 99% used [0x0000000080000000,0x000000008804c160,0x0000000088080000)
 Metaspace       used 70228K, committed 71808K, reserved 1114112K
  class space    used 7545K, committed 8192K, reserved 1048576K
}
Event: 19.031 GC heap after
{Heap after GC invocations=142 (full 3):
 PSYoungGen      total 19456K, used 384K [0x00000000d5580000, 0x00000000d6980000, 0x0000000100000000)
  eden space 18944K, 0% used [0x00000000d5580000,0x00000000d5580000,0x00000000d6800000)
  from space 512K, 75% used [0x00000000d6880000,0x00000000d68e0000,0x00000000d6900000)
  to   space 512K, 0% used [0x00000000d6900000,0x00000000d6900000,0x00000000d6980000)
 ParOldGen       total 131584K, used 131560K [0x0000000080000000, 0x0000000088080000, 0x00000000d5580000)
  object space 131584K, 99% used [0x0000000080000000,0x000000008807a160,0x0000000088080000)
 Metaspace       used 70228K, committed 71808K, reserved 1114112K
  class space    used 7545K, committed 8192K, reserved 1048576K
}
Event: 19.066 GC heap before
{Heap before GC invocations=143 (full 3):
 PSYoungGen      total 19456K, used 19328K [0x00000000d5580000, 0x00000000d6980000, 0x0000000100000000)
  eden space 18944K, 100% used [0x00000000d5580000,0x00000000d6800000,0x00000000d6800000)
  from space 512K, 75% used [0x00000000d6880000,0x00000000d68e0000,0x00000000d6900000)
  to   space 512K, 0% used [0x00000000d6900000,0x00000000d6900000,0x00000000d6980000)
 ParOldGen       total 131584K, used 131560K [0x0000000080000000, 0x0000000088080000, 0x00000000d5580000)
  object space 131584K, 99% used [0x0000000080000000,0x000000008807a160,0x0000000088080000)
 Metaspace       used 70229K, committed 71808K, reserved 1114112K
  class space    used 7545K, committed 8192K, reserved 1048576K
}
Event: 19.068 GC heap after
{Heap after GC invocations=143 (full 3):
 PSYoungGen      total 19456K, used 482K [0x00000000d5580000, 0x00000000d6980000, 0x0000000100000000)
  eden space 18944K, 0% used [0x00000000d5580000,0x00000000d5580000,0x00000000d6800000)
  from space 512K, 94% used [0x00000000d6900000,0x00000000d6978800,0x00000000d6980000)
  to   space 512K, 0% used [0x00000000d6880000,0x00000000d6880000,0x00000000d6900000)
 ParOldGen       total 132096K, used 131832K [0x0000000080000000, 0x0000000088100000, 0x00000000d5580000)
  object space 132096K, 99% used [0x0000000080000000,0x00000000880be160,0x0000000088100000)
 Metaspace       used 70229K, committed 71808K, reserved 1114112K
  class space    used 7545K, committed 8192K, reserved 1048576K
}
Event: 19.106 GC heap before
{Heap before GC invocations=144 (full 3):
 PSYoungGen      total 19456K, used 19426K [0x00000000d5580000, 0x00000000d6980000, 0x0000000100000000)
  eden space 18944K, 100% used [0x00000000d5580000,0x00000000d6800000,0x00000000d6800000)
  from space 512K, 94% used [0x00000000d6900000,0x00000000d6978800,0x00000000d6980000)
  to   space 512K, 0% used [0x00000000d6880000,0x00000000d6880000,0x00000000d6900000)
 ParOldGen       total 132096K, used 131832K [0x0000000080000000, 0x0000000088100000, 0x00000000d5580000)
  object space 132096K, 99% used [0x0000000080000000,0x00000000880be160,0x0000000088100000)
 Metaspace       used 70229K, committed 71808K, reserved 1114112K
  class space    used 7545K, committed 8192K, reserved 1048576K
}
Event: 19.108 GC heap after
{Heap after GC invocations=144 (full 3):
 PSYoungGen      total 19456K, used 416K [0x00000000d5580000, 0x00000000d6980000, 0x0000000100000000)
  eden space 18944K, 0% used [0x00000000d5580000,0x00000000d5580000,0x00000000d6800000)
  from space 512K, 81% used [0x00000000d6880000,0x00000000d68e8000,0x00000000d6900000)
  to   space 512K, 0% used [0x00000000d6900000,0x00000000d6900000,0x00000000d6980000)
 ParOldGen       total 132608K, used 132162K [0x0000000080000000, 0x0000000088180000, 0x00000000d5580000)
  object space 132608K, 99% used [0x0000000080000000,0x0000000088110960,0x0000000088180000)
 Metaspace       used 70229K, committed 71808K, reserved 1114112K
  class space    used 7545K, committed 8192K, reserved 1048576K
}
Event: 19.225 GC heap before
{Heap before GC invocations=145 (full 3):
 PSYoungGen      total 19456K, used 19360K [0x00000000d5580000, 0x00000000d6980000, 0x0000000100000000)
  eden space 18944K, 100% used [0x00000000d5580000,0x00000000d6800000,0x00000000d6800000)
  from space 512K, 81% used [0x00000000d6880000,0x00000000d68e8000,0x00000000d6900000)
  to   space 512K, 0% used [0x00000000d6900000,0x00000000d6900000,0x00000000d6980000)
 ParOldGen       total 132608K, used 132162K [0x0000000080000000, 0x0000000088180000, 0x00000000d5580000)
  object space 132608K, 99% used [0x0000000080000000,0x0000000088110960,0x0000000088180000)
 Metaspace       used 70384K, committed 71936K, reserved 1114112K
  class space    used 7569K, committed 8256K, reserved 1048576K
}
Event: 19.230 GC heap after
{Heap after GC invocations=145 (full 3):
 PSYoungGen      total 18432K, used 493K [0x00000000d5580000, 0x00000000d6c00000, 0x0000000100000000)
  eden space 17920K, 0% used [0x00000000d5580000,0x00000000d5580000,0x00000000d6700000)
  from space 512K, 96% used [0x00000000d6900000,0x00000000d697b438,0x00000000d6980000)
  to   space 2048K, 0% used [0x00000000d6700000,0x00000000d6700000,0x00000000d6900000)
 ParOldGen       total 133632K, used 133186K [0x0000000080000000, 0x0000000088280000, 0x00000000d5580000)
  object space 133632K, 99% used [0x0000000080000000,0x0000000088210980,0x0000000088280000)
 Metaspace       used 70384K, committed 71936K, reserved 1114112K
  class space    used 7569K, committed 8256K, reserved 1048576K
}
Event: 31.535 GC heap before
{Heap before GC invocations=146 (full 3):
 PSYoungGen      total 18432K, used 18413K [0x00000000d5580000, 0x00000000d6c00000, 0x0000000100000000)
  eden space 17920K, 100% used [0x00000000d5580000,0x00000000d6700000,0x00000000d6700000)
  from space 512K, 96% used [0x00000000d6900000,0x00000000d697b438,0x00000000d6980000)
  to   space 2048K, 0% used [0x00000000d6700000,0x00000000d6700000,0x00000000d6900000)
 ParOldGen       total 133632K, used 133186K [0x0000000080000000, 0x0000000088280000, 0x00000000d5580000)
  object space 133632K, 99% used [0x0000000080000000,0x0000000088210980,0x0000000088280000)
 Metaspace       used 71247K, committed 72896K, reserved 1114112K
  class space    used 7640K, committed 8384K, reserved 1048576K
}
Event: 31.537 GC heap after
{Heap after GC invocations=146 (full 3):
 PSYoungGen      total 19456K, used 1120K [0x00000000d5580000, 0x00000000d6a00000, 0x0000000100000000)
  eden space 17920K, 0% used [0x00000000d5580000,0x00000000d5580000,0x00000000d6700000)
  from space 1536K, 72% used [0x00000000d6700000,0x00000000d6818020,0x00000000d6880000)
  to   space 1536K, 0% used [0x00000000d6880000,0x00000000d6880000,0x00000000d6a00000)
 ParOldGen       total 134144K, used 133714K [0x0000000080000000, 0x0000000088300000, 0x00000000d5580000)
  object space 134144K, 99% used [0x0000000080000000,0x0000000088294838,0x0000000088300000)
 Metaspace       used 71247K, committed 72896K, reserved 1114112K
  class space    used 7640K, committed 8384K, reserved 1048576K
}

