# JRE version: OpenJDK Runtime Environment Temurin-21.0.10+7 (21.0.10+7) (build 21.0.10+7-LTS)
# Java VM: OpenJDK 64-Bit Server VM Temurin-21.0.10+7 (21.0.10+7-LTS, mixed mode, sharing, tiered, compressed oops, compressed class ptrs, parallel gc, windows-amd64)
GC Precious Log:
 CardTable entry size: 512
 CPUs: 8 total, 8 available
 Memory: 8071M
 Large Page Support: Disabled
 NUMA Support: Disabled
 Compressed Oops: Enabled (32-bit)
 Alignments: Space 512K, Generation 512K, Heap 2M
 Heap Min Capacity: 100M
 Heap Initial Capacity: 100M
 Heap Max Capacity: 2G
 Pre-touch: Disabled
 Parallel Workers: 8
Heap:
 PSYoungGen      total 23552K, used 17358K [0x00000000d5580000, 0x00000000d6e80000, 0x0000000100000000)
  eden space 21504K, 72% used [0x00000000d5580000,0x00000000d64cc370,0x00000000d6a80000)
  from space 2048K, 99% used [0x00000000d6c80000,0x00000000d6e7fe10,0x00000000d6e80000)
  to   space 2048K, 0% used [0x00000000d6a80000,0x00000000d6a80000,0x00000000d6c80000)
 ParOldGen       total 68608K, used 30253K [0x0000000080000000, 0x0000000084300000, 0x00000000d5580000)
  object space 68608K, 44% used [0x0000000080000000,0x0000000081d8b6a8,0x0000000084300000)
 Metaspace       used 43614K, committed 44992K, reserved 1114112K
  class space    used 4682K, committed 5312K, reserved 1048576K
GC Heap History (20 events):
Event: 6.587 GC heap before
{Heap before GC invocations=15 (full 1):
 PSYoungGen      total 23040K, used 3513K [0x00000000d5580000, 0x00000000d7180000, 0x0000000100000000)
  eden space 22016K, 12% used [0x00000000d5580000,0x00000000d581aa68,0x00000000d6b00000)
  from space 1024K, 82% used [0x00000000d6e00000,0x00000000d6ed3d28,0x00000000d6f00000)
  to   space 1536K, 0% used [0x00000000d7000000,0x00000000d7000000,0x00000000d7180000)
 ParOldGen       total 68608K, used 19686K [0x0000000080000000, 0x0000000084300000, 0x00000000d5580000)
  object space 68608K, 28% used [0x0000000080000000,0x0000000081339858,0x0000000084300000)
 Metaspace       used 34992K, committed 36224K, reserved 1114112K
  class space    used 3588K, committed 4096K, reserved 1048576K
}
Event: 6.588 GC heap after
{Heap after GC invocations=15 (full 1):
 PSYoungGen      total 22528K, used 313K [0x00000000d5580000, 0x00000000d7080000, 0x0000000100000000)
  eden space 22016K, 0% used [0x00000000d5580000,0x00000000d5580000,0x00000000d6b00000)
  from space 512K, 61% used [0x00000000d7000000,0x00000000d704e700,0x00000000d7080000)
  to   space 1024K, 0% used [0x00000000d6e80000,0x00000000d6e80000,0x00000000d6f80000)
 ParOldGen       total 68608K, used 20322K [0x0000000080000000, 0x0000000084300000, 0x00000000d5580000)
  object space 68608K, 29% used [0x0000000080000000,0x00000000813d8910,0x0000000084300000)
 Metaspace       used 34992K, committed 36224K, reserved 1114112K
  class space    used 3588K, committed 4096K, reserved 1048576K
}
Event: 6.608 GC heap before
{Heap before GC invocations=16 (full 1):
 PSYoungGen      total 22528K, used 2363K [0x00000000d5580000, 0x00000000d7080000, 0x0000000100000000)
  eden space 22016K, 9% used [0x00000000d5580000,0x00000000d57807e8,0x00000000d6b00000)
  from space 512K, 61% used [0x00000000d7000000,0x00000000d704e700,0x00000000d7080000)
  to   space 1024K, 0% used [0x00000000d6e80000,0x00000000d6e80000,0x00000000d6f80000)
 ParOldGen       total 68608K, used 20322K [0x0000000080000000, 0x0000000084300000, 0x00000000d5580000)
  object space 68608K, 29% used [0x0000000080000000,0x00000000813d8910,0x0000000084300000)
 Metaspace       used 35318K, committed 36480K, reserved 1114112K
  class space    used 3625K, committed 4160K, reserved 1048576K
}
Event: 6.609 GC heap after
{Heap after GC invocations=16 (full 1):
 PSYoungGen      total 23040K, used 256K [0x00000000d5580000, 0x00000000d7080000, 0x0000000100000000)
  eden space 22016K, 0% used [0x00000000d5580000,0x00000000d5580000,0x00000000d6b00000)
  from space 1024K, 25% used [0x00000000d6e80000,0x00000000d6ec0000,0x00000000d6f80000)
  to   space 512K, 0% used [0x00000000d7000000,0x00000000d7000000,0x00000000d7080000)
 ParOldGen       total 68608K, used 20442K [0x0000000080000000, 0x0000000084300000, 0x00000000d5580000)
  object space 68608K, 29% used [0x0000000080000000,0x00000000813f6a48,0x0000000084300000)
 Metaspace       used 35318K, committed 36480K, reserved 1114112K
  class space    used 3625K, committed 4160K, reserved 1048576K
}
Event: 6.609 GC heap before
{Heap before GC invocations=17 (full 2):
 PSYoungGen      total 23040K, used 256K [0x00000000d5580000, 0x00000000d7080000, 0x0000000100000000)
  eden space 22016K, 0% used [0x00000000d5580000,0x00000000d5580000,0x00000000d6b00000)
  from space 1024K, 25% used [0x00000000d6e80000,0x00000000d6ec0000,0x00000000d6f80000)
  to   space 512K, 0% used [0x00000000d7000000,0x00000000d7000000,0x00000000d7080000)
 ParOldGen       total 68608K, used 20442K [0x0000000080000000, 0x0000000084300000, 0x00000000d5580000)
  object space 68608K, 29% used [0x0000000080000000,0x00000000813f6a48,0x0000000084300000)
 Metaspace       used 35318K, committed 36480K, reserved 1114112K
  class space    used 3625K, committed 4160K, reserved 1048576K
}
Event: 6.672 GC heap after
{Heap after GC invocations=17 (full 2):
 PSYoungGen      total 23040K, used 0K [0x00000000d5580000, 0x00000000d7080000, 0x0000000100000000)
  eden space 22016K, 0% used [0x00000000d5580000,0x00000000d5580000,0x00000000d6b00000)
  from space 1024K, 0% used [0x00000000d6e80000,0x00000000d6e80000,0x00000000d6f80000)
  to   space 512K, 0% used [0x00000000d7000000,0x00000000d7000000,0x00000000d7080000)
 ParOldGen       total 68608K, used 19486K [0x0000000080000000, 0x0000000084300000, 0x00000000d5580000)
  object space 68608K, 28% used [0x0000000080000000,0x0000000081307b18,0x0000000084300000)
 Metaspace       used 35318K, committed 36480K, reserved 1114112K
  class space    used 3625K, committed 4160K, reserved 1048576K
}
Event: 6.994 GC heap before
{Heap before GC invocations=18 (full 2):
 PSYoungGen      total 23040K, used 22016K [0x00000000d5580000, 0x00000000d7080000, 0x0000000100000000)
  eden space 22016K, 100% used [0x00000000d5580000,0x00000000d6b00000,0x00000000d6b00000)
  from space 1024K, 0% used [0x00000000d6e80000,0x00000000d6e80000,0x00000000d6f80000)
  to   space 512K, 0% used [0x00000000d7000000,0x00000000d7000000,0x00000000d7080000)
 ParOldGen       total 68608K, used 19486K [0x0000000080000000, 0x0000000084300000, 0x00000000d5580000)
  object space 68608K, 28% used [0x0000000080000000,0x0000000081307b18,0x0000000084300000)
 Metaspace       used 37458K, committed 38720K, reserved 1114112K
  class space    used 3919K, committed 4480K, reserved 1048576K
}
Event: 7.003 GC heap after
{Heap after GC invocations=18 (full 2):
 PSYoungGen      total 22528K, used 512K [0x00000000d5580000, 0x00000000d7200000, 0x0000000100000000)
  eden space 22016K, 0% used [0x00000000d5580000,0x00000000d5580000,0x00000000d6b00000)
  from space 512K, 100% used [0x00000000d7000000,0x00000000d7080000,0x00000000d7080000)
  to   space 3584K, 0% used [0x00000000d6b00000,0x00000000d6b00000,0x00000000d6e80000)
 ParOldGen       total 68608K, used 21694K [0x0000000080000000, 0x0000000084300000, 0x00000000d5580000)
  object space 68608K, 31% used [0x0000000080000000,0x000000008152fb28,0x0000000084300000)
 Metaspace       used 37458K, committed 38720K, reserved 1114112K
  class space    used 3919K, committed 4480K, reserved 1048576K
}
Event: 7.310 GC heap before
{Heap before GC invocations=19 (full 2):
 PSYoungGen      total 22528K, used 22528K [0x00000000d5580000, 0x00000000d7200000, 0x0000000100000000)
  eden space 22016K, 100% used [0x00000000d5580000,0x00000000d6b00000,0x00000000d6b00000)
  from space 512K, 100% used [0x00000000d7000000,0x00000000d7080000,0x00000000d7080000)
  to   space 3584K, 0% used [0x00000000d6b00000,0x00000000d6b00000,0x00000000d6e80000)
 ParOldGen       total 68608K, used 21694K [0x0000000080000000, 0x0000000084300000, 0x00000000d5580000)
  object space 68608K, 31% used [0x0000000080000000,0x000000008152fb28,0x0000000084300000)
 Metaspace       used 39172K, committed 40448K, reserved 1114112K
  class space    used 4117K, committed 4672K, reserved 1048576K
}
Event: 7.316 GC heap after
{Heap after GC invocations=19 (full 2):
 PSYoungGen      total 25600K, used 1645K [0x00000000d5580000, 0x00000000d7080000, 0x0000000100000000)
  eden space 22016K, 0% used [0x00000000d5580000,0x00000000d5580000,0x00000000d6b00000)
  from space 3584K, 45% used [0x00000000d6b00000,0x00000000d6c9b630,0x00000000d6e80000)
  to   space 2048K, 0% used [0x00000000d6e80000,0x00000000d6e80000,0x00000000d7080000)
 ParOldGen       total 68608K, used 22171K [0x0000000080000000, 0x0000000084300000, 0x00000000d5580000)
  object space 68608K, 32% used [0x0000000080000000,0x00000000815a6e80,0x0000000084300000)
 Metaspace       used 39172K, committed 40448K, reserved 1114112K
  class space    used 4117K, committed 4672K, reserved 1048576K
}
Event: 7.577 GC heap before
{Heap before GC invocations=20 (full 2):
 PSYoungGen      total 25600K, used 23661K [0x00000000d5580000, 0x00000000d7080000, 0x0000000100000000)
  eden space 22016K, 100% used [0x00000000d5580000,0x00000000d6b00000,0x00000000d6b00000)
  from space 3584K, 45% used [0x00000000d6b00000,0x00000000d6c9b630,0x00000000d6e80000)
  to   space 2048K, 0% used [0x00000000d6e80000,0x00000000d6e80000,0x00000000d7080000)
 ParOldGen       total 68608K, used 22171K [0x0000000080000000, 0x0000000084300000, 0x00000000d5580000)
  object space 68608K, 32% used [0x0000000080000000,0x00000000815a6e80,0x0000000084300000)
 Metaspace       used 39759K, committed 40960K, reserved 1114112K
  class space    used 4184K, committed 4736K, reserved 1048576K
}
Event: 7.583 GC heap after
{Heap after GC invocations=20 (full 2):
 PSYoungGen      total 23552K, used 2016K [0x00000000d5580000, 0x00000000d7300000, 0x0000000100000000)
  eden space 21504K, 0% used [0x00000000d5580000,0x00000000d5580000,0x00000000d6a80000)
  from space 2048K, 98% used [0x00000000d6e80000,0x00000000d7078010,0x00000000d7080000)
  to   space 4096K, 0% used [0x00000000d6a80000,0x00000000d6a80000,0x00000000d6e80000)
 ParOldGen       total 68608K, used 23675K [0x0000000080000000, 0x0000000084300000, 0x00000000d5580000)
  object space 68608K, 34% used [0x0000000080000000,0x000000008171eec0,0x0000000084300000)
 Metaspace       used 39759K, committed 40960K, reserved 1114112K
  class space    used 4184K, committed 4736K, reserved 1048576K
}
Event: 7.810 GC heap before
{Heap before GC invocations=21 (full 2):
 PSYoungGen      total 23552K, used 23520K [0x00000000d5580000, 0x00000000d7300000, 0x0000000100000000)
  eden space 21504K, 100% used [0x00000000d5580000,0x00000000d6a80000,0x00000000d6a80000)
  from space 2048K, 98% used [0x00000000d6e80000,0x00000000d7078010,0x00000000d7080000)
  to   space 4096K, 0% used [0x00000000d6a80000,0x00000000d6a80000,0x00000000d6e80000)
 ParOldGen       total 68608K, used 23675K [0x0000000080000000, 0x0000000084300000, 0x00000000d5580000)
  object space 68608K, 34% used [0x0000000080000000,0x000000008171eec0,0x0000000084300000)
 Metaspace       used 40608K, committed 41856K, reserved 1114112K
  class space    used 4299K, committed 4864K, reserved 1048576K
}
Event: 7.818 GC heap after
{Heap after GC invocations=21 (full 2):
 PSYoungGen      total 23552K, used 1572K [0x00000000d5580000, 0x00000000d6f80000, 0x0000000100000000)
  eden space 21504K, 0% used [0x00000000d5580000,0x00000000d5580000,0x00000000d6a80000)
  from space 2048K, 76% used [0x00000000d6a80000,0x00000000d6c09200,0x00000000d6c80000)
  to   space 2560K, 0% used [0x00000000d6d00000,0x00000000d6d00000,0x00000000d6f80000)
 ParOldGen       total 68608K, used 25547K [0x0000000080000000, 0x0000000084300000, 0x00000000d5580000)
  object space 68608K, 37% used [0x0000000080000000,0x00000000818f2ec0,0x0000000084300000)
 Metaspace       used 40608K, committed 41856K, reserved 1114112K
  class space    used 4299K, committed 4864K, reserved 1048576K
}
Event: 8.037 GC heap before
{Heap before GC invocations=22 (full 2):
 PSYoungGen      total 23552K, used 23076K [0x00000000d5580000, 0x00000000d6f80000, 0x0000000100000000)
  eden space 21504K, 100% used [0x00000000d5580000,0x00000000d6a80000,0x00000000d6a80000)
  from space 2048K, 76% used [0x00000000d6a80000,0x00000000d6c09200,0x00000000d6c80000)
  to   space 2560K, 0% used [0x00000000d6d00000,0x00000000d6d00000,0x00000000d6f80000)
 ParOldGen       total 68608K, used 25547K [0x0000000080000000, 0x0000000084300000, 0x00000000d5580000)
  object space 68608K, 37% used [0x0000000080000000,0x00000000818f2ec0,0x0000000084300000)
 Metaspace       used 42110K, committed 43392K, reserved 1114112K
  class space    used 4496K, committed 5056K, reserved 1048576K
}
Event: 8.041 GC heap after
{Heap after GC invocations=22 (full 2):
 PSYoungGen      total 23040K, used 1442K [0x00000000d5580000, 0x00000000d6e80000, 0x0000000100000000)
  eden space 21504K, 0% used [0x00000000d5580000,0x00000000d5580000,0x00000000d6a80000)
  from space 1536K, 93% used [0x00000000d6d00000,0x00000000d6e68810,0x00000000d6e80000)
  to   space 2048K, 0% used [0x00000000d6a80000,0x00000000d6a80000,0x00000000d6c80000)
 ParOldGen       total 68608K, used 26944K [0x0000000080000000, 0x0000000084300000, 0x00000000d5580000)
  object space 68608K, 39% used [0x0000000080000000,0x0000000081a500e0,0x0000000084300000)
 Metaspace       used 42110K, committed 43392K, reserved 1114112K
  class space    used 4496K, committed 5056K, reserved 1048576K
}
Event: 8.164 GC heap before
{Heap before GC invocations=23 (full 2):
 PSYoungGen      total 23040K, used 22946K [0x00000000d5580000, 0x00000000d6e80000, 0x0000000100000000)
  eden space 21504K, 100% used [0x00000000d5580000,0x00000000d6a80000,0x00000000d6a80000)
  from space 1536K, 93% used [0x00000000d6d00000,0x00000000d6e68810,0x00000000d6e80000)
  to   space 2048K, 0% used [0x00000000d6a80000,0x00000000d6a80000,0x00000000d6c80000)
 ParOldGen       total 68608K, used 26944K [0x0000000080000000, 0x0000000084300000, 0x00000000d5580000)
  object space 68608K, 39% used [0x0000000080000000,0x0000000081a500e0,0x0000000084300000)
 Metaspace       used 42450K, committed 43712K, reserved 1114112K
  class space    used 4541K, committed 5120K, reserved 1048576K
}
Event: 8.169 GC heap after
{Heap after GC invocations=23 (full 2):
 PSYoungGen      total 23552K, used 1912K [0x00000000d5580000, 0x00000000d6e80000, 0x0000000100000000)
  eden space 21504K, 0% used [0x00000000d5580000,0x00000000d5580000,0x00000000d6a80000)
  from space 2048K, 93% used [0x00000000d6a80000,0x00000000d6c5e360,0x00000000d6c80000)
  to   space 2048K, 0% used [0x00000000d6c80000,0x00000000d6c80000,0x00000000d6e80000)
 ParOldGen       total 68608K, used 28270K [0x0000000080000000, 0x0000000084300000, 0x00000000d5580000)
  object space 68608K, 41% used [0x0000000080000000,0x0000000081b9ba00,0x0000000084300000)
 Metaspace       used 42450K, committed 43712K, reserved 1114112K
  class space    used 4541K, committed 5120K, reserved 1048576K
}
Event: 8.355 GC heap before
{Heap before GC invocations=24 (full 2):
 PSYoungGen      total 23552K, used 23416K [0x00000000d5580000, 0x00000000d6e80000, 0x0000000100000000)
  eden space 21504K, 100% used [0x00000000d5580000,0x00000000d6a80000,0x00000000d6a80000)
  from space 2048K, 93% used [0x00000000d6a80000,0x00000000d6c5e360,0x00000000d6c80000)
  to   space 2048K, 0% used [0x00000000d6c80000,0x00000000d6c80000,0x00000000d6e80000)
 ParOldGen       total 68608K, used 28270K [0x0000000080000000, 0x0000000084300000, 0x00000000d5580000)
  object space 68608K, 41% used [0x0000000080000000,0x0000000081b9ba00,0x0000000084300000)
 Metaspace       used 43140K, committed 44480K, reserved 1114112K
  class space    used 4625K, committed 5248K, reserved 1048576K
}
Event: 8.366 GC heap after
{Heap after GC invocations=24 (full 2):
 PSYoungGen      total 23552K, used 2047K [0x00000000d5580000, 0x00000000d6e80000, 0x0000000100000000)
  eden space 21504K, 0% used [0x00000000d5580000,0x00000000d5580000,0x00000000d6a80000)
  from space 2048K, 99% used [0x00000000d6c80000,0x00000000d6e7fe10,0x00000000d6e80000)
  to   space 2048K, 0% used [0x00000000d6a80000,0x00000000d6a80000,0x00000000d6c80000)
 ParOldGen       total 68608K, used 30253K [0x0000000080000000, 0x0000000084300000, 0x00000000d5580000)
  object space 68608K, 44% used [0x0000000080000000,0x0000000081d8b6a8,0x0000000084300000)
 Metaspace       used 43140K, committed 44480K, reserved 1114112K
  class space    used 4625K, committed 5248K, reserved 1048576K
}

