# JRE version: OpenJDK Runtime Environment Temurin-21.0.10+7 (21.0.10+7) (build 21.0.10+7-LTS)
# Java VM: OpenJDK 64-Bit Server VM Temurin-21.0.10+7 (21.0.10+7-LTS, mixed mode, sharing, tiered, compressed oops, compressed class ptrs, parallel gc, windows-amd64)
GC Precious Log:
 CardTable entry size: 512
 CPUs: 8 total, 8 available
 Memory: 8071M
 Large Page Support: Disabled
 NUMA Support: Disabled
 Compressed Oops: Enabled (32-bit)
 Alignments: Space 512K, Generation 512K, Heap 2M
 Heap Min Capacity: 100M
 Heap Initial Capacity: 100M
 Heap Max Capacity: 2G
 Pre-touch: Disabled
 Parallel Workers: 8
Heap:
 PSYoungGen      total 8192K, used 5020K [0x00000000d5580000, 0x00000000d5f00000, 0x0000000100000000)
  eden space 7168K, 57% used [0x00000000d5580000,0x00000000d598e060,0x00000000d5c80000)
  from space 1024K, 84% used [0x00000000d5d00000,0x00000000d5dd9210,0x00000000d5e00000)
  to   space 1024K, 0% used [0x00000000d5e00000,0x00000000d5e00000,0x00000000d5f00000)
 ParOldGen       total 208384K, used 208359K [0x0000000080000000, 0x000000008cb80000, 0x00000000d5580000)
  object space 208384K, 99% used [0x0000000080000000,0x000000008cb79f48,0x000000008cb80000)
 Metaspace       used 74375K, committed 75968K, reserved 1179648K
  class space    used 7905K, committed 8576K, reserved 1048576K
GC Heap History (20 events):
Event: 650.929 GC heap before
{Heap before GC invocations=195 (full 3):
 PSYoungGen      total 7680K, used 7566K [0x00000000d5580000, 0x00000000d5f80000, 0x0000000100000000)
  eden space 7168K, 98% used [0x00000000d5580000,0x00000000d5c68820,0x00000000d5c80000)
  from space 512K, 96% used [0x00000000d5e80000,0x00000000d5efb170,0x00000000d5f00000)
  to   space 512K, 0% used [0x00000000d5f00000,0x00000000d5f00000,0x00000000d5f80000)
 ParOldGen       total 205824K, used 205671K [0x0000000080000000, 0x000000008c900000, 0x00000000d5580000)
  object space 205824K, 99% used [0x0000000080000000,0x000000008c8d9fd0,0x000000008c900000)
 Metaspace       used 70772K, committed 72320K, reserved 1114112K
  class space    used 7417K, committed 8064K, reserved 1048576K
}
Event: 650.934 GC heap after
{Heap after GC invocations=195 (full 3):
 PSYoungGen      total 7680K, used 480K [0x00000000d5580000, 0x00000000d5f80000, 0x0000000100000000)
  eden space 7168K, 0% used [0x00000000d5580000,0x00000000d5580000,0x00000000d5c80000)
  from space 512K, 93% used [0x00000000d5f00000,0x00000000d5f78020,0x00000000d5f80000)
  to   space 1024K, 0% used [0x00000000d5d80000,0x00000000d5d80000,0x00000000d5e80000)
 ParOldGen       total 206336K, used 206141K [0x0000000080000000, 0x000000008c980000, 0x00000000d5580000)
  object space 206336K, 99% used [0x0000000080000000,0x000000008c94f5a0,0x000000008c980000)
 Metaspace       used 70772K, committed 72320K, reserved 1114112K
  class space    used 7417K, committed 8064K, reserved 1048576K
}
Event: 651.001 GC heap before
{Heap before GC invocations=196 (full 3):
 PSYoungGen      total 7680K, used 7648K [0x00000000d5580000, 0x00000000d5f80000, 0x0000000100000000)
  eden space 7168K, 100% used [0x00000000d5580000,0x00000000d5c80000,0x00000000d5c80000)
  from space 512K, 93% used [0x00000000d5f00000,0x00000000d5f78020,0x00000000d5f80000)
  to   space 1024K, 0% used [0x00000000d5d80000,0x00000000d5d80000,0x00000000d5e80000)
 ParOldGen       total 206336K, used 206141K [0x0000000080000000, 0x000000008c980000, 0x00000000d5580000)
  object space 206336K, 99% used [0x0000000080000000,0x000000008c94f5a0,0x000000008c980000)
 Metaspace       used 70773K, committed 72320K, reserved 1114112K
  class space    used 7417K, committed 8064K, reserved 1048576K
}
Event: 651.009 GC heap after
{Heap after GC invocations=196 (full 3):
 PSYoungGen      total 8192K, used 1015K [0x00000000d5580000, 0x00000000d6080000, 0x0000000100000000)
  eden space 7168K, 0% used [0x00000000d5580000,0x00000000d5580000,0x00000000d5c80000)
  from space 1024K, 99% used [0x00000000d5d80000,0x00000000d5e7dd30,0x00000000d5e80000)
  to   space 2048K, 0% used [0x00000000d5e80000,0x00000000d5e80000,0x00000000d6080000)
 ParOldGen       total 206848K, used 206705K [0x0000000080000000, 0x000000008ca00000, 0x00000000d5580000)
  object space 206848K, 99% used [0x0000000080000000,0x000000008c9dc6f0,0x000000008ca00000)
 Metaspace       used 70773K, committed 72320K, reserved 1114112K
  class space    used 7417K, committed 8064K, reserved 1048576K
}
Event: 651.055 GC heap before
{Heap before GC invocations=197 (full 3):
 PSYoungGen      total 8192K, used 8183K [0x00000000d5580000, 0x00000000d6080000, 0x0000000100000000)
  eden space 7168K, 100% used [0x00000000d5580000,0x00000000d5c80000,0x00000000d5c80000)
  from space 1024K, 99% used [0x00000000d5d80000,0x00000000d5e7dd30,0x00000000d5e80000)
  to   space 2048K, 0% used [0x00000000d5e80000,0x00000000d5e80000,0x00000000d6080000)
 ParOldGen       total 206848K, used 206705K [0x0000000080000000, 0x000000008ca00000, 0x00000000d5580000)
  object space 206848K, 99% used [0x0000000080000000,0x000000008c9dc6f0,0x000000008ca00000)
 Metaspace       used 70773K, committed 72320K, reserved 1114112K
  class space    used 7417K, committed 8064K, reserved 1048576K
}
Event: 651.056 GC heap after
{Heap after GC invocations=197 (full 3):
 PSYoungGen      total 7680K, used 317K [0x00000000d5580000, 0x00000000d5f00000, 0x0000000100000000)
  eden space 7168K, 0% used [0x00000000d5580000,0x00000000d5580000,0x00000000d5c80000)
  from space 512K, 62% used [0x00000000d5e80000,0x00000000d5ecf6a8,0x00000000d5f00000)
  to   space 1024K, 0% used [0x00000000d5d00000,0x00000000d5d00000,0x00000000d5e00000)
 ParOldGen       total 206848K, used 206753K [0x0000000080000000, 0x000000008ca00000, 0x00000000d5580000)
  object space 206848K, 99% used [0x0000000080000000,0x000000008c9e86f0,0x000000008ca00000)
 Metaspace       used 70773K, committed 72320K, reserved 1114112K
  class space    used 7417K, committed 8064K, reserved 1048576K
}
Event: 651.690 GC heap before
{Heap before GC invocations=198 (full 3):
 PSYoungGen      total 7680K, used 7451K [0x00000000d5580000, 0x00000000d5f00000, 0x0000000100000000)
  eden space 7168K, 99% used [0x00000000d5580000,0x00000000d5c77560,0x00000000d5c80000)
  from space 512K, 62% used [0x00000000d5e80000,0x00000000d5ecf6a8,0x00000000d5f00000)
  to   space 1024K, 0% used [0x00000000d5d00000,0x00000000d5d00000,0x00000000d5e00000)
 ParOldGen       total 206848K, used 206753K [0x0000000080000000, 0x000000008ca00000, 0x00000000d5580000)
  object space 206848K, 99% used [0x0000000080000000,0x000000008c9e86f0,0x000000008ca00000)
 Metaspace       used 70901K, committed 72448K, reserved 1114112K
  class space    used 7435K, committed 8064K, reserved 1048576K
}
Event: 651.693 GC heap after
{Heap after GC invocations=198 (full 3):
 PSYoungGen      total 8192K, used 352K [0x00000000d5580000, 0x00000000d5f00000, 0x0000000100000000)
  eden space 7168K, 0% used [0x00000000d5580000,0x00000000d5580000,0x00000000d5c80000)
  from space 1024K, 34% used [0x00000000d5d00000,0x00000000d5d58000,0x00000000d5e00000)
  to   space 512K, 0% used [0x00000000d5e80000,0x00000000d5e80000,0x00000000d5f00000)
 ParOldGen       total 206848K, used 206793K [0x0000000080000000, 0x000000008ca00000, 0x00000000d5580000)
  object space 206848K, 99% used [0x0000000080000000,0x000000008c9f26f0,0x000000008ca00000)
 Metaspace       used 70901K, committed 72448K, reserved 1114112K
  class space    used 7435K, committed 8064K, reserved 1048576K
}
Event: 652.007 GC heap before
{Heap before GC invocations=199 (full 3):
 PSYoungGen      total 8192K, used 7519K [0x00000000d5580000, 0x00000000d5f00000, 0x0000000100000000)
  eden space 7168K, 99% used [0x00000000d5580000,0x00000000d5c7fff8,0x00000000d5c80000)
  from space 1024K, 34% used [0x00000000d5d00000,0x00000000d5d58000,0x00000000d5e00000)
  to   space 512K, 0% used [0x00000000d5e80000,0x00000000d5e80000,0x00000000d5f00000)
 ParOldGen       total 206848K, used 206793K [0x0000000080000000, 0x000000008ca00000, 0x00000000d5580000)
  object space 206848K, 99% used [0x0000000080000000,0x000000008c9f26f0,0x000000008ca00000)
 Metaspace       used 72086K, committed 73664K, reserved 1179648K
  class space    used 7543K, committed 8192K, reserved 1048576K
}
Event: 652.009 GC heap after
{Heap after GC invocations=199 (full 3):
 PSYoungGen      total 7680K, used 401K [0x00000000d5580000, 0x00000000d5f00000, 0x0000000100000000)
  eden space 7168K, 0% used [0x00000000d5580000,0x00000000d5580000,0x00000000d5c80000)
  from space 512K, 78% used [0x00000000d5e80000,0x00000000d5ee45c8,0x00000000d5f00000)
  to   space 512K, 0% used [0x00000000d5e00000,0x00000000d5e00000,0x00000000d5e80000)
 ParOldGen       total 207360K, used 206961K [0x0000000080000000, 0x000000008ca80000, 0x00000000d5580000)
  object space 207360K, 99% used [0x0000000080000000,0x000000008ca1c6f0,0x000000008ca80000)
 Metaspace       used 72086K, committed 73664K, reserved 1179648K
  class space    used 7543K, committed 8192K, reserved 1048576K
}
Event: 652.177 GC heap before
{Heap before GC invocations=200 (full 3):
 PSYoungGen      total 7680K, used 7569K [0x00000000d5580000, 0x00000000d5f00000, 0x0000000100000000)
  eden space 7168K, 100% used [0x00000000d5580000,0x00000000d5c80000,0x00000000d5c80000)
  from space 512K, 78% used [0x00000000d5e80000,0x00000000d5ee45c8,0x00000000d5f00000)
  to   space 512K, 0% used [0x00000000d5e00000,0x00000000d5e00000,0x00000000d5e80000)
 ParOldGen       total 207360K, used 206961K [0x0000000080000000, 0x000000008ca80000, 0x00000000d5580000)
  object space 207360K, 99% used [0x0000000080000000,0x000000008ca1c6f0,0x000000008ca80000)
 Metaspace       used 72798K, committed 74368K, reserved 1179648K
  class space    used 7675K, committed 8320K, reserved 1048576K
}
Event: 652.178 GC heap after
{Heap after GC invocations=200 (full 3):
 PSYoungGen      total 7680K, used 304K [0x00000000d5580000, 0x00000000d5f00000, 0x0000000100000000)
  eden space 7168K, 0% used [0x00000000d5580000,0x00000000d5580000,0x00000000d5c80000)
  from space 512K, 59% used [0x00000000d5e00000,0x00000000d5e4c010,0x00000000d5e80000)
  to   space 512K, 0% used [0x00000000d5e80000,0x00000000d5e80000,0x00000000d5f00000)
 ParOldGen       total 207360K, used 207195K [0x0000000080000000, 0x000000008ca80000, 0x00000000d5580000)
  object space 207360K, 99% used [0x0000000080000000,0x000000008ca56cb8,0x000000008ca80000)
 Metaspace       used 72798K, committed 74368K, reserved 1179648K
  class space    used 7675K, committed 8320K, reserved 1048576K
}
Event: 652.292 GC heap before
{Heap before GC invocations=201 (full 3):
 PSYoungGen      total 7680K, used 7472K [0x00000000d5580000, 0x00000000d5f00000, 0x0000000100000000)
  eden space 7168K, 100% used [0x00000000d5580000,0x00000000d5c80000,0x00000000d5c80000)
  from space 512K, 59% used [0x00000000d5e00000,0x00000000d5e4c010,0x00000000d5e80000)
  to   space 512K, 0% used [0x00000000d5e80000,0x00000000d5e80000,0x00000000d5f00000)
 ParOldGen       total 207360K, used 207195K [0x0000000080000000, 0x000000008ca80000, 0x00000000d5580000)
  object space 207360K, 99% used [0x0000000080000000,0x000000008ca56cb8,0x000000008ca80000)
 Metaspace       used 73572K, committed 75136K, reserved 1179648K
  class space    used 7798K, committed 8448K, reserved 1048576K
}
Event: 652.295 GC heap after
{Heap after GC invocations=201 (full 3):
 PSYoungGen      total 7680K, used 288K [0x00000000d5580000, 0x00000000d5f00000, 0x0000000100000000)
  eden space 7168K, 0% used [0x00000000d5580000,0x00000000d5580000,0x00000000d5c80000)
  from space 512K, 56% used [0x00000000d5e80000,0x00000000d5ec8000,0x00000000d5f00000)
  to   space 512K, 0% used [0x00000000d5e00000,0x00000000d5e00000,0x00000000d5e80000)
 ParOldGen       total 207360K, used 207355K [0x0000000080000000, 0x000000008ca80000, 0x00000000d5580000)
  object space 207360K, 99% used [0x0000000080000000,0x000000008ca7ece8,0x000000008ca80000)
 Metaspace       used 73572K, committed 75136K, reserved 1179648K
  class space    used 7798K, committed 8448K, reserved 1048576K
}
Event: 3238.727 GC heap before
{Heap before GC invocations=202 (full 3):
 PSYoungGen      total 7680K, used 7456K [0x00000000d5580000, 0x00000000d5f00000, 0x0000000100000000)
  eden space 7168K, 100% used [0x00000000d5580000,0x00000000d5c80000,0x00000000d5c80000)
  from space 512K, 56% used [0x00000000d5e80000,0x00000000d5ec8000,0x00000000d5f00000)
  to   space 512K, 0% used [0x00000000d5e00000,0x00000000d5e00000,0x00000000d5e80000)
 ParOldGen       total 207360K, used 207355K [0x0000000080000000, 0x000000008ca80000, 0x00000000d5580000)
  object space 207360K, 99% used [0x0000000080000000,0x000000008ca7ece8,0x000000008ca80000)
 Metaspace       used 74083K, committed 75712K, reserved 1179648K
  class space    used 7861K, committed 8576K, reserved 1048576K
}
Event: 3238.887 GC heap after
{Heap after GC invocations=202 (full 3):
 PSYoungGen      total 7680K, used 468K [0x00000000d5580000, 0x00000000d5f00000, 0x0000000100000000)
  eden space 7168K, 0% used [0x00000000d5580000,0x00000000d5580000,0x00000000d5c80000)
  from space 512K, 91% used [0x00000000d5e00000,0x00000000d5e75220,0x00000000d5e80000)
  to   space 512K, 0% used [0x00000000d5e80000,0x00000000d5e80000,0x00000000d5f00000)
 ParOldGen       total 207872K, used 207491K [0x0000000080000000, 0x000000008cb00000, 0x00000000d5580000)
  object space 207872K, 99% used [0x0000000080000000,0x000000008caa0cf8,0x000000008cb00000)
 Metaspace       used 74083K, committed 75712K, reserved 1179648K
  class space    used 7861K, committed 8576K, reserved 1048576K
}
Event: 3241.228 GC heap before
{Heap before GC invocations=203 (full 3):
 PSYoungGen      total 7680K, used 7636K [0x00000000d5580000, 0x00000000d5f00000, 0x0000000100000000)
  eden space 7168K, 100% used [0x00000000d5580000,0x00000000d5c80000,0x00000000d5c80000)
  from space 512K, 91% used [0x00000000d5e00000,0x00000000d5e75220,0x00000000d5e80000)
  to   space 512K, 0% used [0x00000000d5e80000,0x00000000d5e80000,0x00000000d5f00000)
 ParOldGen       total 207872K, used 207491K [0x0000000080000000, 0x000000008cb00000, 0x00000000d5580000)
  object space 207872K, 99% used [0x0000000080000000,0x000000008caa0cf8,0x000000008cb00000)
 Metaspace       used 74280K, committed 75840K, reserved 1179648K
  class space    used 7905K, committed 8576K, reserved 1048576K
}
Event: 3241.238 GC heap after
{Heap after GC invocations=203 (full 3):
 PSYoungGen      total 7680K, used 500K [0x00000000d5580000, 0x00000000d5f00000, 0x0000000100000000)
  eden space 7168K, 0% used [0x00000000d5580000,0x00000000d5580000,0x00000000d5c80000)
  from space 512K, 97% used [0x00000000d5e80000,0x00000000d5efd220,0x00000000d5f00000)
  to   space 1024K, 0% used [0x00000000d5d00000,0x00000000d5d00000,0x00000000d5e00000)
 ParOldGen       total 208384K, used 207923K [0x0000000080000000, 0x000000008cb80000, 0x00000000d5580000)
  object space 208384K, 99% used [0x0000000080000000,0x000000008cb0cd18,0x000000008cb80000)
 Metaspace       used 74280K, committed 75840K, reserved 1179648K
  class space    used 7905K, committed 8576K, reserved 1048576K
}
Event: 3241.438 GC heap before
{Heap before GC invocations=204 (full 3):
 PSYoungGen      total 7680K, used 7668K [0x00000000d5580000, 0x00000000d5f00000, 0x0000000100000000)
  eden space 7168K, 100% used [0x00000000d5580000,0x00000000d5c80000,0x00000000d5c80000)
  from space 512K, 97% used [0x00000000d5e80000,0x00000000d5efd220,0x00000000d5f00000)
  to   space 1024K, 0% used [0x00000000d5d00000,0x00000000d5d00000,0x00000000d5e00000)
 ParOldGen       total 208384K, used 207923K [0x0000000080000000, 0x000000008cb80000, 0x00000000d5580000)
  object space 208384K, 99% used [0x0000000080000000,0x000000008cb0cd18,0x000000008cb80000)
 Metaspace       used 74327K, committed 75904K, reserved 1179648K
  class space    used 7905K, committed 8576K, reserved 1048576K
}
Event: 3241.442 GC heap after
{Heap after GC invocations=204 (full 3):
 PSYoungGen      total 8192K, used 868K [0x00000000d5580000, 0x00000000d5f00000, 0x0000000100000000)
  eden space 7168K, 0% used [0x00000000d5580000,0x00000000d5580000,0x00000000d5c80000)
  from space 1024K, 84% used [0x00000000d5d00000,0x00000000d5dd9210,0x00000000d5e00000)
  to   space 1024K, 0% used [0x00000000d5e00000,0x00000000d5e00000,0x00000000d5f00000)
 ParOldGen       total 208384K, used 208359K [0x0000000080000000, 0x000000008cb80000, 0x00000000d5580000)
  object space 208384K, 99% used [0x0000000080000000,0x000000008cb79f48,0x000000008cb80000)
 Metaspace       used 74327K, committed 75904K, reserved 1179648K
  class space    used 7905K, committed 8576K, reserved 1048576K
}

