# JRE version: OpenJDK Runtime Environment Temurin-21.0.10+7 (21.0.10+7) (build 21.0.10+7-LTS)
# Java VM: OpenJDK 64-Bit Server VM Temurin-21.0.10+7 (21.0.10+7-LTS, mixed mode, sharing, tiered, compressed oops, compressed class ptrs, parallel gc, windows-amd64)
GC Precious Log:
 CardTable entry size: 512
 CPUs: 8 total, 8 available
 Memory: 8071M
 Large Page Support: Disabled
 NUMA Support: Disabled
 Compressed Oops: Enabled (32-bit)
 Alignments: Space 512K, Generation 512K, Heap 2M
 Heap Min Capacity: 100M
 Heap Initial Capacity: 100M
 Heap Max Capacity: 2G
 Pre-touch: Disabled
 Parallel Workers: 8
Heap:
 PSYoungGen      total 11264K, used 6297K [0x00000000d5580000, 0x00000000d6380000, 0x0000000100000000)
  eden space 10240K, 51% used [0x00000000d5580000,0x00000000d5aa6460,0x00000000d5f80000)
  from space 1024K, 100% used [0x00000000d5f80000,0x00000000d6080000,0x00000000d6080000)
  to   space 2048K, 0% used [0x00000000d6180000,0x00000000d6180000,0x00000000d6380000)
 ParOldGen       total 89088K, used 88603K [0x0000000080000000, 0x0000000085700000, 0x00000000d5580000)
  object space 89088K, 99% used [0x0000000080000000,0x0000000085686e38,0x0000000085700000)
 Metaspace       used 66145K, committed 67520K, reserved 1114112K
  class space    used 7072K, committed 7680K, reserved 1048576K
GC Heap History (20 events):
Event: 24.843 GC heap before
{Heap before GC invocations=63 (full 3):
 PSYoungGen      total 12288K, used 12288K [0x00000000d5580000, 0x00000000d6480000, 0x0000000100000000)
  eden space 11776K, 100% used [0x00000000d5580000,0x00000000d6100000,0x00000000d6100000)
  from space 512K, 100% used [0x00000000d6100000,0x00000000d6180000,0x00000000d6180000)
  to   space 1536K, 0% used [0x00000000d6300000,0x00000000d6300000,0x00000000d6480000)
 ParOldGen       total 83456K, used 83155K [0x0000000080000000, 0x0000000085180000, 0x00000000d5580000)
  object space 83456K, 99% used [0x0000000080000000,0x0000000085134e28,0x0000000085180000)
 Metaspace       used 65116K, committed 66496K, reserved 1114112K
  class space    used 6968K, committed 7552K, reserved 1048576K
}
Event: 24.846 GC heap after
{Heap after GC invocations=63 (full 3):
 PSYoungGen      total 13312K, used 1088K [0x00000000d5580000, 0x00000000d6480000, 0x0000000100000000)
  eden space 11776K, 0% used [0x00000000d5580000,0x00000000d5580000,0x00000000d6100000)
  from space 1536K, 70% used [0x00000000d6300000,0x00000000d6410000,0x00000000d6480000)
  to   space 1536K, 0% used [0x00000000d6180000,0x00000000d6180000,0x00000000d6300000)
 ParOldGen       total 83968K, used 83515K [0x0000000080000000, 0x0000000085200000, 0x00000000d5580000)
  object space 83968K, 99% used [0x0000000080000000,0x000000008518ee38,0x0000000085200000)
 Metaspace       used 65116K, committed 66496K, reserved 1114112K
  class space    used 6968K, committed 7552K, reserved 1048576K
}
Event: 24.988 GC heap before
{Heap before GC invocations=64 (full 3):
 PSYoungGen      total 13312K, used 12864K [0x00000000d5580000, 0x00000000d6480000, 0x0000000100000000)
  eden space 11776K, 100% used [0x00000000d5580000,0x00000000d6100000,0x00000000d6100000)
  from space 1536K, 70% used [0x00000000d6300000,0x00000000d6410000,0x00000000d6480000)
  to   space 1536K, 0% used [0x00000000d6180000,0x00000000d6180000,0x00000000d6300000)
 ParOldGen       total 83968K, used 83515K [0x0000000080000000, 0x0000000085200000, 0x00000000d5580000)
  object space 83968K, 99% used [0x0000000080000000,0x000000008518ee38,0x0000000085200000)
 Metaspace       used 65131K, committed 66496K, reserved 1114112K
  class space    used 6968K, committed 7552K, reserved 1048576K
}
Event: 24.992 GC heap after
{Heap after GC invocations=64 (full 3):
 PSYoungGen      total 13312K, used 1408K [0x00000000d5580000, 0x00000000d6400000, 0x0000000100000000)
  eden space 11776K, 0% used [0x00000000d5580000,0x00000000d5580000,0x00000000d6100000)
  from space 1536K, 91% used [0x00000000d6180000,0x00000000d62e0020,0x00000000d6300000)
  to   space 1024K, 0% used [0x00000000d6300000,0x00000000d6300000,0x00000000d6400000)
 ParOldGen       total 84480K, used 84187K [0x0000000080000000, 0x0000000085280000, 0x00000000d5580000)
  object space 84480K, 99% used [0x0000000080000000,0x0000000085236e38,0x0000000085280000)
 Metaspace       used 65131K, committed 66496K, reserved 1114112K
  class space    used 6968K, committed 7552K, reserved 1048576K
}
Event: 25.180 GC heap before
{Heap before GC invocations=65 (full 3):
 PSYoungGen      total 13312K, used 13184K [0x00000000d5580000, 0x00000000d6400000, 0x0000000100000000)
  eden space 11776K, 100% used [0x00000000d5580000,0x00000000d6100000,0x00000000d6100000)
  from space 1536K, 91% used [0x00000000d6180000,0x00000000d62e0020,0x00000000d6300000)
  to   space 1024K, 0% used [0x00000000d6300000,0x00000000d6300000,0x00000000d6400000)
 ParOldGen       total 84480K, used 84187K [0x0000000080000000, 0x0000000085280000, 0x00000000d5580000)
  object space 84480K, 99% used [0x0000000080000000,0x0000000085236e38,0x0000000085280000)
 Metaspace       used 65190K, committed 66560K, reserved 1114112K
  class space    used 6968K, committed 7552K, reserved 1048576K
}
Event: 25.183 GC heap after
{Heap after GC invocations=65 (full 3):
 PSYoungGen      total 12800K, used 960K [0x00000000d5580000, 0x00000000d6400000, 0x0000000100000000)
  eden space 11776K, 0% used [0x00000000d5580000,0x00000000d5580000,0x00000000d6100000)
  from space 1024K, 93% used [0x00000000d6300000,0x00000000d63f0000,0x00000000d6400000)
  to   space 1536K, 0% used [0x00000000d6100000,0x00000000d6100000,0x00000000d6280000)
 ParOldGen       total 84992K, used 84939K [0x0000000080000000, 0x0000000085300000, 0x00000000d5580000)
  object space 84992K, 99% used [0x0000000080000000,0x00000000852f2e38,0x0000000085300000)
 Metaspace       used 65190K, committed 66560K, reserved 1114112K
  class space    used 6968K, committed 7552K, reserved 1048576K
}
Event: 25.324 GC heap before
{Heap before GC invocations=66 (full 3):
 PSYoungGen      total 12800K, used 12735K [0x00000000d5580000, 0x00000000d6400000, 0x0000000100000000)
  eden space 11776K, 99% used [0x00000000d5580000,0x00000000d60ffff8,0x00000000d6100000)
  from space 1024K, 93% used [0x00000000d6300000,0x00000000d63f0000,0x00000000d6400000)
  to   space 1536K, 0% used [0x00000000d6100000,0x00000000d6100000,0x00000000d6280000)
 ParOldGen       total 84992K, used 84939K [0x0000000080000000, 0x0000000085300000, 0x00000000d5580000)
  object space 84992K, 99% used [0x0000000080000000,0x00000000852f2e38,0x0000000085300000)
 Metaspace       used 65245K, committed 66560K, reserved 1114112K
  class space    used 6968K, committed 7552K, reserved 1048576K
}
Event: 25.328 GC heap after
{Heap after GC invocations=66 (full 3):
 PSYoungGen      total 13312K, used 864K [0x00000000d5580000, 0x00000000d6380000, 0x0000000100000000)
  eden space 11776K, 0% used [0x00000000d5580000,0x00000000d5580000,0x00000000d6100000)
  from space 1536K, 56% used [0x00000000d6100000,0x00000000d61d8000,0x00000000d6280000)
  to   space 1024K, 0% used [0x00000000d6280000,0x00000000d6280000,0x00000000d6380000)
 ParOldGen       total 86016K, used 85667K [0x0000000080000000, 0x0000000085400000, 0x00000000d5580000)
  object space 86016K, 99% used [0x0000000080000000,0x00000000853a8e38,0x0000000085400000)
 Metaspace       used 65245K, committed 66560K, reserved 1114112K
  class space    used 6968K, committed 7552K, reserved 1048576K
}
Event: 25.596 GC heap before
{Heap before GC invocations=67 (full 3):
 PSYoungGen      total 13312K, used 12640K [0x00000000d5580000, 0x00000000d6380000, 0x0000000100000000)
  eden space 11776K, 100% used [0x00000000d5580000,0x00000000d6100000,0x00000000d6100000)
  from space 1536K, 56% used [0x00000000d6100000,0x00000000d61d8000,0x00000000d6280000)
  to   space 1024K, 0% used [0x00000000d6280000,0x00000000d6280000,0x00000000d6380000)
 ParOldGen       total 86016K, used 85667K [0x0000000080000000, 0x0000000085400000, 0x00000000d5580000)
  object space 86016K, 99% used [0x0000000080000000,0x00000000853a8e38,0x0000000085400000)
 Metaspace       used 65279K, committed 66624K, reserved 1114112K
  class space    used 6968K, committed 7552K, reserved 1048576K
}
Event: 25.602 GC heap after
{Heap after GC invocations=67 (full 3):
 PSYoungGen      total 12288K, used 1024K [0x00000000d5580000, 0x00000000d6500000, 0x0000000100000000)
  eden space 11264K, 0% used [0x00000000d5580000,0x00000000d5580000,0x00000000d6080000)
  from space 1024K, 100% used [0x00000000d6280000,0x00000000d6380000,0x00000000d6380000)
  to   space 2048K, 0% used [0x00000000d6080000,0x00000000d6080000,0x00000000d6280000)
 ParOldGen       total 86528K, used 86499K [0x0000000080000000, 0x0000000085480000, 0x00000000d5580000)
  object space 86528K, 99% used [0x0000000080000000,0x0000000085478e38,0x0000000085480000)
 Metaspace       used 65279K, committed 66624K, reserved 1114112K
  class space    used 6968K, committed 7552K, reserved 1048576K
}
Event: 25.704 GC heap before
{Heap before GC invocations=68 (full 3):
 PSYoungGen      total 12288K, used 12288K [0x00000000d5580000, 0x00000000d6500000, 0x0000000100000000)
  eden space 11264K, 100% used [0x00000000d5580000,0x00000000d6080000,0x00000000d6080000)
  from space 1024K, 100% used [0x00000000d6280000,0x00000000d6380000,0x00000000d6380000)
  to   space 2048K, 0% used [0x00000000d6080000,0x00000000d6080000,0x00000000d6280000)
 ParOldGen       total 86528K, used 86499K [0x0000000080000000, 0x0000000085480000, 0x00000000d5580000)
  object space 86528K, 99% used [0x0000000080000000,0x0000000085478e38,0x0000000085480000)
 Metaspace       used 65308K, committed 66624K, reserved 1114112K
  class space    used 6968K, committed 7552K, reserved 1048576K
}
Event: 25.709 GC heap after
{Heap after GC invocations=68 (full 3):
 PSYoungGen      total 12288K, used 896K [0x00000000d5580000, 0x00000000d6380000, 0x0000000100000000)
  eden space 11264K, 0% used [0x00000000d5580000,0x00000000d5580000,0x00000000d6080000)
  from space 1024K, 87% used [0x00000000d6080000,0x00000000d6160000,0x00000000d6180000)
  to   space 1536K, 0% used [0x00000000d6200000,0x00000000d6200000,0x00000000d6380000)
 ParOldGen       total 87552K, used 87203K [0x0000000080000000, 0x0000000085580000, 0x00000000d5580000)
  object space 87552K, 99% used [0x0000000080000000,0x0000000085528e38,0x0000000085580000)
 Metaspace       used 65308K, committed 66624K, reserved 1114112K
  class space    used 6968K, committed 7552K, reserved 1048576K
}
Event: 25.798 GC heap before
{Heap before GC invocations=69 (full 3):
 PSYoungGen      total 12288K, used 12160K [0x00000000d5580000, 0x00000000d6380000, 0x0000000100000000)
  eden space 11264K, 100% used [0x00000000d5580000,0x00000000d6080000,0x00000000d6080000)
  from space 1024K, 87% used [0x00000000d6080000,0x00000000d6160000,0x00000000d6180000)
  to   space 1536K, 0% used [0x00000000d6200000,0x00000000d6200000,0x00000000d6380000)
 ParOldGen       total 87552K, used 87203K [0x0000000080000000, 0x0000000085580000, 0x00000000d5580000)
  object space 87552K, 99% used [0x0000000080000000,0x0000000085528e38,0x0000000085580000)
 Metaspace       used 65335K, committed 66688K, reserved 1114112K
  class space    used 6968K, committed 7552K, reserved 1048576K
}
Event: 25.803 GC heap after
{Heap after GC invocations=69 (full 3):
 PSYoungGen      total 11776K, used 1504K [0x00000000d5580000, 0x00000000d6580000, 0x0000000100000000)
  eden space 10240K, 0% used [0x00000000d5580000,0x00000000d5580000,0x00000000d5f80000)
  from space 1536K, 97% used [0x00000000d6200000,0x00000000d6378020,0x00000000d6380000)
  to   space 2560K, 0% used [0x00000000d5f80000,0x00000000d5f80000,0x00000000d6200000)
 ParOldGen       total 88064K, used 87747K [0x0000000080000000, 0x0000000085600000, 0x00000000d5580000)
  object space 88064K, 99% used [0x0000000080000000,0x00000000855b0e38,0x0000000085600000)
 Metaspace       used 65335K, committed 66688K, reserved 1114112K
  class space    used 6968K, committed 7552K, reserved 1048576K
}
Event: 25.867 GC heap before
{Heap before GC invocations=70 (full 3):
 PSYoungGen      total 11776K, used 11744K [0x00000000d5580000, 0x00000000d6580000, 0x0000000100000000)
  eden space 10240K, 100% used [0x00000000d5580000,0x00000000d5f80000,0x00000000d5f80000)
  from space 1536K, 97% used [0x00000000d6200000,0x00000000d6378020,0x00000000d6380000)
  to   space 2560K, 0% used [0x00000000d5f80000,0x00000000d5f80000,0x00000000d6200000)
 ParOldGen       total 88064K, used 87747K [0x0000000080000000, 0x0000000085600000, 0x00000000d5580000)
  object space 88064K, 99% used [0x0000000080000000,0x00000000855b0e38,0x0000000085600000)
 Metaspace       used 65350K, committed 66752K, reserved 1114112K
  class space    used 6968K, committed 7552K, reserved 1048576K
}
Event: 25.870 GC heap after
{Heap after GC invocations=70 (full 3):
 PSYoungGen      total 10752K, used 448K [0x00000000d5580000, 0x00000000d6280000, 0x0000000100000000)
  eden space 10240K, 0% used [0x00000000d5580000,0x00000000d5580000,0x00000000d5f80000)
  from space 512K, 87% used [0x00000000d5f80000,0x00000000d5ff0000,0x00000000d6000000)
  to   space 1536K, 0% used [0x00000000d6100000,0x00000000d6100000,0x00000000d6280000)
 ParOldGen       total 88064K, used 87939K [0x0000000080000000, 0x0000000085600000, 0x00000000d5580000)
  object space 88064K, 99% used [0x0000000080000000,0x00000000855e0e38,0x0000000085600000)
 Metaspace       used 65350K, committed 66752K, reserved 1114112K
  class space    used 6968K, committed 7552K, reserved 1048576K
}
Event: 26.975 GC heap before
{Heap before GC invocations=71 (full 3):
 PSYoungGen      total 10752K, used 10687K [0x00000000d5580000, 0x00000000d6280000, 0x0000000100000000)
  eden space 10240K, 99% used [0x00000000d5580000,0x00000000d5f7ffe8,0x00000000d5f80000)
  from space 512K, 87% used [0x00000000d5f80000,0x00000000d5ff0000,0x00000000d6000000)
  to   space 1536K, 0% used [0x00000000d6100000,0x00000000d6100000,0x00000000d6280000)
 ParOldGen       total 88064K, used 87939K [0x0000000080000000, 0x0000000085600000, 0x00000000d5580000)
  object space 88064K, 99% used [0x0000000080000000,0x00000000855e0e38,0x0000000085600000)
 Metaspace       used 65769K, committed 67136K, reserved 1114112K
  class space    used 7009K, committed 7616K, reserved 1048576K
}
Event: 26.982 GC heap after
{Heap after GC invocations=71 (full 3):
 PSYoungGen      total 10752K, used 416K [0x00000000d5580000, 0x00000000d6180000, 0x0000000100000000)
  eden space 10240K, 0% used [0x00000000d5580000,0x00000000d5580000,0x00000000d5f80000)
  from space 512K, 81% used [0x00000000d6100000,0x00000000d6168000,0x00000000d6180000)
  to   space 1024K, 0% used [0x00000000d5f80000,0x00000000d5f80000,0x00000000d6080000)
 ParOldGen       total 88576K, used 88147K [0x0000000080000000, 0x0000000085680000, 0x00000000d5580000)
  object space 88576K, 99% used [0x0000000080000000,0x0000000085614e38,0x0000000085680000)
 Metaspace       used 65769K, committed 67136K, reserved 1114112K
  class space    used 7009K, committed 7616K, reserved 1048576K
}
Event: 27.337 GC heap before
{Heap before GC invocations=72 (full 3):
 PSYoungGen      total 10752K, used 10656K [0x00000000d5580000, 0x00000000d6180000, 0x0000000100000000)
  eden space 10240K, 100% used [0x00000000d5580000,0x00000000d5f80000,0x00000000d5f80000)
  from space 512K, 81% used [0x00000000d6100000,0x00000000d6168000,0x00000000d6180000)
  to   space 1024K, 0% used [0x00000000d5f80000,0x00000000d5f80000,0x00000000d6080000)
 ParOldGen       total 88576K, used 88147K [0x0000000080000000, 0x0000000085680000, 0x00000000d5580000)
  object space 88576K, 99% used [0x0000000080000000,0x0000000085614e38,0x0000000085680000)
 Metaspace       used 66128K, committed 67520K, reserved 1114112K
  class space    used 7072K, committed 7680K, reserved 1048576K
}
Event: 27.340 GC heap after
{Heap after GC invocations=72 (full 3):
 PSYoungGen      total 11264K, used 1024K [0x00000000d5580000, 0x00000000d6380000, 0x0000000100000000)
  eden space 10240K, 0% used [0x00000000d5580000,0x00000000d5580000,0x00000000d5f80000)
  from space 1024K, 100% used [0x00000000d5f80000,0x00000000d6080000,0x00000000d6080000)
  to   space 2048K, 0% used [0x00000000d6180000,0x00000000d6180000,0x00000000d6380000)
 ParOldGen       total 89088K, used 88603K [0x0000000080000000, 0x0000000085700000, 0x00000000d5580000)
  object space 89088K, 99% used [0x0000000080000000,0x0000000085686e38,0x0000000085700000)
 Metaspace       used 66128K, committed 67520K, reserved 1114112K
  class space    used 7072K, committed 7680K, reserved 1048576K
}

