# JRE version: OpenJDK Runtime Environment Temurin-21.0.10+7 (21.0.10+7) (build 21.0.10+7-LTS)
# Java VM: OpenJDK 64-Bit Server VM Temurin-21.0.10+7 (21.0.10+7-LTS, mixed mode, sharing, tiered, compressed oops, compressed class ptrs, parallel gc, windows-amd64)
GC Precious Log:
 CardTable entry size: 512
 CPUs: 8 total, 8 available
 Memory: 8071M
 Large Page Support: Disabled
 NUMA Support: Disabled
 Compressed Oops: Enabled (32-bit)
 Alignments: Space 512K, Generation 512K, Heap 2M
 Heap Min Capacity: 100M
 Heap Initial Capacity: 100M
 Heap Max Capacity: 2G
 Pre-touch: Disabled
 Parallel Workers: 8
Heap:
 PSYoungGen      total 12800K, used 4198K [0x00000000d5580000, 0x00000000d6580000, 0x0000000100000000)
  eden space 12288K, 30% used [0x00000000d5580000,0x00000000d59218c8,0x00000000d6180000)
  from space 512K, 93% used [0x00000000d6500000,0x00000000d6578000,0x00000000d6580000)
  to   space 512K, 0% used [0x00000000d6480000,0x00000000d6480000,0x00000000d6500000)
 ParOldGen       total 118272K, used 118245K [0x0000000080000000, 0x0000000087380000, 0x00000000d5580000)
  object space 118272K, 99% used [0x0000000080000000,0x00000000873797e8,0x0000000087380000)
 Metaspace       used 73259K, committed 74880K, reserved 1179648K
  class space    used 7801K, committed 8448K, reserved 1048576K
GC Heap History (20 events):
Event: 22.151 GC heap before
{Heap before GC invocations=194 (full 3):
 PSYoungGen      total 12800K, used 12544K [0x00000000d5580000, 0x00000000d6380000, 0x0000000100000000)
  eden space 12288K, 100% used [0x00000000d5580000,0x00000000d6180000,0x00000000d6180000)
  from space 512K, 50% used [0x00000000d6300000,0x00000000d6340000,0x00000000d6380000)
  to   space 512K, 0% used [0x00000000d6280000,0x00000000d6280000,0x00000000d6300000)
 ParOldGen       total 112640K, used 112395K [0x0000000080000000, 0x0000000086e00000, 0x00000000d5580000)
  object space 112640K, 99% used [0x0000000080000000,0x0000000086dc2d98,0x0000000086e00000)
 Metaspace       used 66493K, committed 67968K, reserved 1114112K
  class space    used 7023K, committed 7616K, reserved 1048576K
}
Event: 22.154 GC heap after
{Heap after GC invocations=194 (full 3):
 PSYoungGen      total 12800K, used 496K [0x00000000d5580000, 0x00000000d6480000, 0x0000000100000000)
  eden space 12288K, 0% used [0x00000000d5580000,0x00000000d5580000,0x00000000d6180000)
  from space 512K, 96% used [0x00000000d6280000,0x00000000d62fc010,0x00000000d6300000)
  to   space 1536K, 0% used [0x00000000d6300000,0x00000000d6300000,0x00000000d6480000)
 ParOldGen       total 113152K, used 112834K [0x0000000080000000, 0x0000000086e80000, 0x00000000d5580000)
  object space 113152K, 99% used [0x0000000080000000,0x0000000086e30898,0x0000000086e80000)
 Metaspace       used 66493K, committed 67968K, reserved 1114112K
  class space    used 7023K, committed 7616K, reserved 1048576K
}
Event: 22.276 GC heap before
{Heap before GC invocations=195 (full 3):
 PSYoungGen      total 12800K, used 12784K [0x00000000d5580000, 0x00000000d6480000, 0x0000000100000000)
  eden space 12288K, 100% used [0x00000000d5580000,0x00000000d6180000,0x00000000d6180000)
  from space 512K, 96% used [0x00000000d6280000,0x00000000d62fc010,0x00000000d6300000)
  to   space 1536K, 0% used [0x00000000d6300000,0x00000000d6300000,0x00000000d6480000)
 ParOldGen       total 113152K, used 112834K [0x0000000080000000, 0x0000000086e80000, 0x00000000d5580000)
  object space 113152K, 99% used [0x0000000080000000,0x0000000086e30898,0x0000000086e80000)
 Metaspace       used 66638K, committed 68160K, reserved 1114112K
  class space    used 7039K, committed 7680K, reserved 1048576K
}
Event: 22.282 GC heap after
{Heap after GC invocations=195 (full 3):
 PSYoungGen      total 13312K, used 941K [0x00000000d5580000, 0x00000000d6400000, 0x0000000100000000)
  eden space 12288K, 0% used [0x00000000d5580000,0x00000000d5580000,0x00000000d6180000)
  from space 1024K, 91% used [0x00000000d6300000,0x00000000d63eb438,0x00000000d6400000)
  to   space 1024K, 0% used [0x00000000d6200000,0x00000000d6200000,0x00000000d6300000)
 ParOldGen       total 113664K, used 113292K [0x0000000080000000, 0x0000000086f00000, 0x00000000d5580000)
  object space 113664K, 99% used [0x0000000080000000,0x0000000086ea31b8,0x0000000086f00000)
 Metaspace       used 66638K, committed 68160K, reserved 1114112K
  class space    used 7039K, committed 7680K, reserved 1048576K
}
Event: 22.463 GC heap before
{Heap before GC invocations=196 (full 3):
 PSYoungGen      total 13312K, used 13229K [0x00000000d5580000, 0x00000000d6400000, 0x0000000100000000)
  eden space 12288K, 100% used [0x00000000d5580000,0x00000000d6180000,0x00000000d6180000)
  from space 1024K, 91% used [0x00000000d6300000,0x00000000d63eb438,0x00000000d6400000)
  to   space 1024K, 0% used [0x00000000d6200000,0x00000000d6200000,0x00000000d6300000)
 ParOldGen       total 113664K, used 113292K [0x0000000080000000, 0x0000000086f00000, 0x00000000d5580000)
  object space 113664K, 99% used [0x0000000080000000,0x0000000086ea31b8,0x0000000086f00000)
 Metaspace       used 67238K, committed 68800K, reserved 1114112K
  class space    used 7097K, committed 7744K, reserved 1048576K
}
Event: 22.467 GC heap after
{Heap after GC invocations=196 (full 3):
 PSYoungGen      total 13312K, used 1002K [0x00000000d5580000, 0x00000000d6680000, 0x0000000100000000)
  eden space 12288K, 0% used [0x00000000d5580000,0x00000000d5580000,0x00000000d6180000)
  from space 1024K, 97% used [0x00000000d6200000,0x00000000d62fa910,0x00000000d6300000)
  to   space 2560K, 0% used [0x00000000d6400000,0x00000000d6400000,0x00000000d6680000)
 ParOldGen       total 114688K, used 114274K [0x0000000080000000, 0x0000000087000000, 0x00000000d5580000)
  object space 114688K, 99% used [0x0000000080000000,0x0000000086f98b68,0x0000000087000000)
 Metaspace       used 67238K, committed 68800K, reserved 1114112K
  class space    used 7097K, committed 7744K, reserved 1048576K
}
Event: 22.698 GC heap before
{Heap before GC invocations=197 (full 3):
 PSYoungGen      total 13312K, used 13290K [0x00000000d5580000, 0x00000000d6680000, 0x0000000100000000)
  eden space 12288K, 100% used [0x00000000d5580000,0x00000000d6180000,0x00000000d6180000)
  from space 1024K, 97% used [0x00000000d6200000,0x00000000d62fa910,0x00000000d6300000)
  to   space 2560K, 0% used [0x00000000d6400000,0x00000000d6400000,0x00000000d6680000)
 ParOldGen       total 114688K, used 114274K [0x0000000080000000, 0x0000000087000000, 0x00000000d5580000)
  object space 114688K, 99% used [0x0000000080000000,0x0000000086f98b68,0x0000000087000000)
 Metaspace       used 68049K, committed 69568K, reserved 1114112K
  class space    used 7158K, committed 7744K, reserved 1048576K
}
Event: 22.703 GC heap after
{Heap after GC invocations=197 (full 3):
 PSYoungGen      total 14336K, used 1552K [0x00000000d5580000, 0x00000000d6600000, 0x0000000100000000)
  eden space 12288K, 0% used [0x00000000d5580000,0x00000000d5580000,0x00000000d6180000)
  from space 2048K, 75% used [0x00000000d6400000,0x00000000d6584030,0x00000000d6600000)
  to   space 2048K, 0% used [0x00000000d6200000,0x00000000d6200000,0x00000000d6400000)
 ParOldGen       total 114688K, used 114682K [0x0000000080000000, 0x0000000087000000, 0x00000000d5580000)
  object space 114688K, 99% used [0x0000000080000000,0x0000000086ffeb68,0x0000000087000000)
 Metaspace       used 68049K, committed 69568K, reserved 1114112K
  class space    used 7158K, committed 7744K, reserved 1048576K
}
Event: 22.878 GC heap before
{Heap before GC invocations=198 (full 3):
 PSYoungGen      total 14336K, used 13808K [0x00000000d5580000, 0x00000000d6600000, 0x0000000100000000)
  eden space 12288K, 99% used [0x00000000d5580000,0x00000000d6178388,0x00000000d6180000)
  from space 2048K, 75% used [0x00000000d6400000,0x00000000d6584030,0x00000000d6600000)
  to   space 2048K, 0% used [0x00000000d6200000,0x00000000d6200000,0x00000000d6400000)
 ParOldGen       total 114688K, used 114682K [0x0000000080000000, 0x0000000087000000, 0x00000000d5580000)
  object space 114688K, 99% used [0x0000000080000000,0x0000000086ffeb68,0x0000000087000000)
 Metaspace       used 68711K, committed 70272K, reserved 1114112K
  class space    used 7236K, committed 7872K, reserved 1048576K
}
Event: 22.881 GC heap after
{Heap after GC invocations=198 (full 3):
 PSYoungGen      total 14336K, used 1840K [0x00000000d5580000, 0x00000000d6580000, 0x0000000100000000)
  eden space 12288K, 0% used [0x00000000d5580000,0x00000000d5580000,0x00000000d6180000)
  from space 2048K, 89% used [0x00000000d6200000,0x00000000d63cc1f0,0x00000000d6400000)
  to   space 1536K, 0% used [0x00000000d6400000,0x00000000d6400000,0x00000000d6580000)
 ParOldGen       total 115712K, used 115561K [0x0000000080000000, 0x0000000087100000, 0x00000000d5580000)
  object space 115712K, 99% used [0x0000000080000000,0x00000000870da608,0x0000000087100000)
 Metaspace       used 68711K, committed 70272K, reserved 1114112K
  class space    used 7236K, committed 7872K, reserved 1048576K
}
Event: 93.214 GC heap before
{Heap before GC invocations=199 (full 3):
 PSYoungGen      total 14336K, used 14066K [0x00000000d5580000, 0x00000000d6580000, 0x0000000100000000)
  eden space 12288K, 99% used [0x00000000d5580000,0x00000000d6170868,0x00000000d6180000)
  from space 2048K, 89% used [0x00000000d6200000,0x00000000d63cc1f0,0x00000000d6400000)
  to   space 1536K, 0% used [0x00000000d6400000,0x00000000d6400000,0x00000000d6580000)
 ParOldGen       total 115712K, used 115561K [0x0000000080000000, 0x0000000087100000, 0x00000000d5580000)
  object space 115712K, 99% used [0x0000000080000000,0x00000000870da608,0x0000000087100000)
 Metaspace       used 69704K, committed 71232K, reserved 1114112K
  class space    used 7331K, committed 7936K, reserved 1048576K
}
Event: 93.218 GC heap after
{Heap after GC invocations=199 (full 3):
 PSYoungGen      total 13824K, used 1371K [0x00000000d5580000, 0x00000000d6580000, 0x0000000100000000)
  eden space 12288K, 0% used [0x00000000d5580000,0x00000000d5580000,0x00000000d6180000)
  from space 1536K, 89% used [0x00000000d6400000,0x00000000d6556c98,0x00000000d6580000)
  to   space 2048K, 0% used [0x00000000d6180000,0x00000000d6180000,0x00000000d6380000)
 ParOldGen       total 116736K, used 116274K [0x0000000080000000, 0x0000000087200000, 0x00000000d5580000)
  object space 116736K, 99% used [0x0000000080000000,0x000000008718c870,0x0000000087200000)
 Metaspace       used 69704K, committed 71232K, reserved 1114112K
  class space    used 7331K, committed 7936K, reserved 1048576K
}
Event: 93.271 GC heap before
{Heap before GC invocations=200 (full 3):
 PSYoungGen      total 13824K, used 13659K [0x00000000d5580000, 0x00000000d6580000, 0x0000000100000000)
  eden space 12288K, 100% used [0x00000000d5580000,0x00000000d6180000,0x00000000d6180000)
  from space 1536K, 89% used [0x00000000d6400000,0x00000000d6556c98,0x00000000d6580000)
  to   space 2048K, 0% used [0x00000000d6180000,0x00000000d6180000,0x00000000d6380000)
 ParOldGen       total 116736K, used 116274K [0x0000000080000000, 0x0000000087200000, 0x00000000d5580000)
  object space 116736K, 99% used [0x0000000080000000,0x000000008718c870,0x0000000087200000)
 Metaspace       used 69705K, committed 71232K, reserved 1114112K
  class space    used 7331K, committed 7936K, reserved 1048576K
}
Event: 93.274 GC heap after
{Heap after GC invocations=200 (full 3):
 PSYoungGen      total 14336K, used 2039K [0x00000000d5580000, 0x00000000d6980000, 0x0000000100000000)
  eden space 12288K, 0% used [0x00000000d5580000,0x00000000d5580000,0x00000000d6180000)
  from space 2048K, 99% used [0x00000000d6180000,0x00000000d637dd40,0x00000000d6380000)
  to   space 4096K, 0% used [0x00000000d6580000,0x00000000d6580000,0x00000000d6980000)
 ParOldGen       total 117760K, used 117660K [0x0000000080000000, 0x0000000087300000, 0x00000000d5580000)
  object space 117760K, 99% used [0x0000000080000000,0x00000000872e71f0,0x0000000087300000)
 Metaspace       used 69705K, committed 71232K, reserved 1114112K
  class space    used 7331K, committed 7936K, reserved 1048576K
}
Event: 93.838 GC heap before
{Heap before GC invocations=201 (full 3):
 PSYoungGen      total 14336K, used 14327K [0x00000000d5580000, 0x00000000d6980000, 0x0000000100000000)
  eden space 12288K, 100% used [0x00000000d5580000,0x00000000d6180000,0x00000000d6180000)
  from space 2048K, 99% used [0x00000000d6180000,0x00000000d637dd40,0x00000000d6380000)
  to   space 4096K, 0% used [0x00000000d6580000,0x00000000d6580000,0x00000000d6980000)
 ParOldGen       total 117760K, used 117660K [0x0000000080000000, 0x0000000087300000, 0x00000000d5580000)
  object space 117760K, 99% used [0x0000000080000000,0x00000000872e71f0,0x0000000087300000)
 Metaspace       used 69813K, committed 71296K, reserved 1114112K
  class space    used 7345K, committed 7936K, reserved 1048576K
}
Event: 93.840 GC heap after
{Heap after GC invocations=201 (full 3):
 PSYoungGen      total 12800K, used 384K [0x00000000d5580000, 0x00000000d6600000, 0x0000000100000000)
  eden space 12288K, 0% used [0x00000000d5580000,0x00000000d5580000,0x00000000d6180000)
  from space 512K, 75% used [0x00000000d6580000,0x00000000d65e0000,0x00000000d6600000)
  to   space 1536K, 0% used [0x00000000d6300000,0x00000000d6300000,0x00000000d6480000)
 ParOldGen       total 117760K, used 117732K [0x0000000080000000, 0x0000000087300000, 0x00000000d5580000)
  object space 117760K, 99% used [0x0000000080000000,0x00000000872f91f0,0x0000000087300000)
 Metaspace       used 69813K, committed 71296K, reserved 1114112K
  class space    used 7345K, committed 7936K, reserved 1048576K
}
Event: 94.164 GC heap before
{Heap before GC invocations=202 (full 3):
 PSYoungGen      total 12800K, used 12672K [0x00000000d5580000, 0x00000000d6600000, 0x0000000100000000)
  eden space 12288K, 100% used [0x00000000d5580000,0x00000000d6180000,0x00000000d6180000)
  from space 512K, 75% used [0x00000000d6580000,0x00000000d65e0000,0x00000000d6600000)
  to   space 1536K, 0% used [0x00000000d6300000,0x00000000d6300000,0x00000000d6480000)
 ParOldGen       total 117760K, used 117732K [0x0000000080000000, 0x0000000087300000, 0x00000000d5580000)
  object space 117760K, 99% used [0x0000000080000000,0x00000000872f91f0,0x0000000087300000)
 Metaspace       used 71580K, committed 73088K, reserved 1114112K
  class space    used 7545K, committed 8128K, reserved 1048576K
}
Event: 94.166 GC heap after
{Heap after GC invocations=202 (full 3):
 PSYoungGen      total 13824K, used 513K [0x00000000d5580000, 0x00000000d6600000, 0x0000000100000000)
  eden space 12288K, 0% used [0x00000000d5580000,0x00000000d5580000,0x00000000d6180000)
  from space 1536K, 33% used [0x00000000d6300000,0x00000000d63805d8,0x00000000d6480000)
  to   space 1024K, 0% used [0x00000000d6500000,0x00000000d6500000,0x00000000d6600000)
 ParOldGen       total 118272K, used 117924K [0x0000000080000000, 0x0000000087380000, 0x00000000d5580000)
  object space 118272K, 99% used [0x0000000080000000,0x00000000873291f0,0x0000000087380000)
 Metaspace       used 71580K, committed 73088K, reserved 1114112K
  class space    used 7545K, committed 8128K, reserved 1048576K
}
Event: 96.955 GC heap before
{Heap before GC invocations=203 (full 3):
 PSYoungGen      total 13824K, used 12801K [0x00000000d5580000, 0x00000000d6600000, 0x0000000100000000)
  eden space 12288K, 99% used [0x00000000d5580000,0x00000000d617ffe8,0x00000000d6180000)
  from space 1536K, 33% used [0x00000000d6300000,0x00000000d63805d8,0x00000000d6480000)
  to   space 1024K, 0% used [0x00000000d6500000,0x00000000d6500000,0x00000000d6600000)
 ParOldGen       total 118272K, used 117924K [0x0000000080000000, 0x0000000087380000, 0x00000000d5580000)
  object space 118272K, 99% used [0x0000000080000000,0x00000000873291f0,0x0000000087380000)
 Metaspace       used 72882K, committed 74432K, reserved 1179648K
  class space    used 7758K, committed 8384K, reserved 1048576K
}
Event: 96.956 GC heap after
{Heap after GC invocations=203 (full 3):
 PSYoungGen      total 12800K, used 480K [0x00000000d5580000, 0x00000000d6580000, 0x0000000100000000)
  eden space 12288K, 0% used [0x00000000d5580000,0x00000000d5580000,0x00000000d6180000)
  from space 512K, 93% used [0x00000000d6500000,0x00000000d6578000,0x00000000d6580000)
  to   space 512K, 0% used [0x00000000d6480000,0x00000000d6480000,0x00000000d6500000)
 ParOldGen       total 118272K, used 118245K [0x0000000080000000, 0x0000000087380000, 0x00000000d5580000)
  object space 118272K, 99% used [0x0000000080000000,0x00000000873797e8,0x0000000087380000)
 Metaspace       used 72882K, committed 74432K, reserved 1179648K
  class space    used 7758K, committed 8384K, reserved 1048576K
}

