# JRE version: OpenJDK Runtime Environment Temurin-21.0.10+7 (21.0.10+7) (build 21.0.10+7-LTS)
# Java VM: OpenJDK 64-Bit Server VM Temurin-21.0.10+7 (21.0.10+7-LTS, mixed mode, sharing, tiered, compressed oops, compressed class ptrs, parallel gc, windows-amd64)
GC Precious Log:
 CardTable entry size: 512
 CPUs: 8 total, 8 available
 Memory: 8071M
 Large Page Support: Disabled
 NUMA Support: Disabled
 Compressed Oops: Enabled (32-bit)
 Alignments: Space 512K, Generation 512K, Heap 2M
 Heap Min Capacity: 100M
 Heap Initial Capacity: 100M
 Heap Max Capacity: 2G
 Pre-touch: Disabled
 Parallel Workers: 8
Heap:
 PSYoungGen      total 10752K, used 2861K [0x00000000d5580000, 0x00000000d6200000, 0x0000000100000000)
  eden space 9216K, 18% used [0x00000000d5580000,0x00000000d5733650,0x00000000d5e80000)
  from space 1536K, 72% used [0x00000000d6080000,0x00000000d6198030,0x00000000d6200000)
  to   space 1536K, 0% used [0x00000000d5f00000,0x00000000d5f00000,0x00000000d6080000)
 ParOldGen       total 209920K, used 209644K [0x0000000080000000, 0x000000008cd00000, 0x00000000d5580000)
  object space 209920K, 99% used [0x0000000080000000,0x000000008ccbb3e0,0x000000008cd00000)
 Metaspace       used 69992K, committed 71552K, reserved 1114112K
  class space    used 7351K, committed 8064K, reserved 1048576K
GC Heap History (20 events):
Event: 29.304 GC heap before
{Heap before GC invocations=224 (full 3):
 PSYoungGen      total 10240K, used 9984K [0x00000000d5580000, 0x00000000d6080000, 0x0000000100000000)
  eden space 9728K, 100% used [0x00000000d5580000,0x00000000d5f00000,0x00000000d5f00000)
  from space 512K, 50% used [0x00000000d6000000,0x00000000d6040000,0x00000000d6080000)
  to   space 512K, 0% used [0x00000000d5f80000,0x00000000d5f80000,0x00000000d6000000)
 ParOldGen       total 205312K, used 205228K [0x0000000080000000, 0x000000008c880000, 0x00000000d5580000)
  object space 205312K, 99% used [0x0000000080000000,0x000000008c86b0b8,0x000000008c880000)
 Metaspace       used 67210K, committed 68800K, reserved 1114112K
  class space    used 7093K, committed 7808K, reserved 1048576K
}
Event: 29.305 GC heap after
{Heap after GC invocations=224 (full 3):
 PSYoungGen      total 10240K, used 288K [0x00000000d5580000, 0x00000000d6080000, 0x0000000100000000)
  eden space 9728K, 0% used [0x00000000d5580000,0x00000000d5580000,0x00000000d5f00000)
  from space 512K, 56% used [0x00000000d5f80000,0x00000000d5fc8000,0x00000000d6000000)
  to   space 512K, 0% used [0x00000000d6000000,0x00000000d6000000,0x00000000d6080000)
 ParOldGen       total 205824K, used 205372K [0x0000000080000000, 0x000000008c900000, 0x00000000d5580000)
  object space 205824K, 99% used [0x0000000080000000,0x000000008c88f0b8,0x000000008c900000)
 Metaspace       used 67210K, committed 68800K, reserved 1114112K
  class space    used 7093K, committed 7808K, reserved 1048576K
}
Event: 29.318 GC heap before
{Heap before GC invocations=225 (full 3):
 PSYoungGen      total 10240K, used 10016K [0x00000000d5580000, 0x00000000d6080000, 0x0000000100000000)
  eden space 9728K, 100% used [0x00000000d5580000,0x00000000d5f00000,0x00000000d5f00000)
  from space 512K, 56% used [0x00000000d5f80000,0x00000000d5fc8000,0x00000000d6000000)
  to   space 512K, 0% used [0x00000000d6000000,0x00000000d6000000,0x00000000d6080000)
 ParOldGen       total 205824K, used 205372K [0x0000000080000000, 0x000000008c900000, 0x00000000d5580000)
  object space 205824K, 99% used [0x0000000080000000,0x000000008c88f0b8,0x000000008c900000)
 Metaspace       used 67210K, committed 68800K, reserved 1114112K
  class space    used 7093K, committed 7808K, reserved 1048576K
}
Event: 29.320 GC heap after
{Heap after GC invocations=225 (full 3):
 PSYoungGen      total 10240K, used 384K [0x00000000d5580000, 0x00000000d6080000, 0x0000000100000000)
  eden space 9728K, 0% used [0x00000000d5580000,0x00000000d5580000,0x00000000d5f00000)
  from space 512K, 75% used [0x00000000d6000000,0x00000000d6060000,0x00000000d6080000)
  to   space 512K, 0% used [0x00000000d5f80000,0x00000000d5f80000,0x00000000d6000000)
 ParOldGen       total 205824K, used 205572K [0x0000000080000000, 0x000000008c900000, 0x00000000d5580000)
  object space 205824K, 99% used [0x0000000080000000,0x000000008c8c10b8,0x000000008c900000)
 Metaspace       used 67210K, committed 68800K, reserved 1114112K
  class space    used 7093K, committed 7808K, reserved 1048576K
}
Event: 29.335 GC heap before
{Heap before GC invocations=226 (full 3):
 PSYoungGen      total 10240K, used 10112K [0x00000000d5580000, 0x00000000d6080000, 0x0000000100000000)
  eden space 9728K, 100% used [0x00000000d5580000,0x00000000d5f00000,0x00000000d5f00000)
  from space 512K, 75% used [0x00000000d6000000,0x00000000d6060000,0x00000000d6080000)
  to   space 512K, 0% used [0x00000000d5f80000,0x00000000d5f80000,0x00000000d6000000)
 ParOldGen       total 205824K, used 205572K [0x0000000080000000, 0x000000008c900000, 0x00000000d5580000)
  object space 205824K, 99% used [0x0000000080000000,0x000000008c8c10b8,0x000000008c900000)
 Metaspace       used 67210K, committed 68800K, reserved 1114112K
  class space    used 7093K, committed 7808K, reserved 1048576K
}
Event: 29.337 GC heap after
{Heap after GC invocations=226 (full 3):
 PSYoungGen      total 10240K, used 224K [0x00000000d5580000, 0x00000000d6080000, 0x0000000100000000)
  eden space 9728K, 0% used [0x00000000d5580000,0x00000000d5580000,0x00000000d5f00000)
  from space 512K, 43% used [0x00000000d5f80000,0x00000000d5fb8000,0x00000000d6000000)
  to   space 512K, 0% used [0x00000000d6000000,0x00000000d6000000,0x00000000d6080000)
 ParOldGen       total 205824K, used 205788K [0x0000000080000000, 0x000000008c900000, 0x00000000d5580000)
  object space 205824K, 99% used [0x0000000080000000,0x000000008c8f70b8,0x000000008c900000)
 Metaspace       used 67210K, committed 68800K, reserved 1114112K
  class space    used 7093K, committed 7808K, reserved 1048576K
}
Event: 29.377 GC heap before
{Heap before GC invocations=227 (full 3):
 PSYoungGen      total 10240K, used 9952K [0x00000000d5580000, 0x00000000d6080000, 0x0000000100000000)
  eden space 9728K, 100% used [0x00000000d5580000,0x00000000d5f00000,0x00000000d5f00000)
  from space 512K, 43% used [0x00000000d5f80000,0x00000000d5fb8000,0x00000000d6000000)
  to   space 512K, 0% used [0x00000000d6000000,0x00000000d6000000,0x00000000d6080000)
 ParOldGen       total 205824K, used 205788K [0x0000000080000000, 0x000000008c900000, 0x00000000d5580000)
  object space 205824K, 99% used [0x0000000080000000,0x000000008c8f70b8,0x000000008c900000)
 Metaspace       used 67335K, committed 68928K, reserved 1114112K
  class space    used 7114K, committed 7808K, reserved 1048576K
}
Event: 29.380 GC heap after
{Heap after GC invocations=227 (full 3):
 PSYoungGen      total 9728K, used 510K [0x00000000d5580000, 0x00000000d6200000, 0x0000000100000000)
  eden space 9216K, 0% used [0x00000000d5580000,0x00000000d5580000,0x00000000d5e80000)
  from space 512K, 99% used [0x00000000d6000000,0x00000000d607fb10,0x00000000d6080000)
  to   space 1536K, 0% used [0x00000000d5e80000,0x00000000d5e80000,0x00000000d6000000)
 ParOldGen       total 206336K, used 206188K [0x0000000080000000, 0x000000008c980000, 0x00000000d5580000)
  object space 206336K, 99% used [0x0000000080000000,0x000000008c95b0b8,0x000000008c980000)
 Metaspace       used 67335K, committed 68928K, reserved 1114112K
  class space    used 7114K, committed 7808K, reserved 1048576K
}
Event: 29.453 GC heap before
{Heap before GC invocations=228 (full 3):
 PSYoungGen      total 9728K, used 9726K [0x00000000d5580000, 0x00000000d6200000, 0x0000000100000000)
  eden space 9216K, 99% used [0x00000000d5580000,0x00000000d5e7ffe8,0x00000000d5e80000)
  from space 512K, 99% used [0x00000000d6000000,0x00000000d607fb10,0x00000000d6080000)
  to   space 1536K, 0% used [0x00000000d5e80000,0x00000000d5e80000,0x00000000d6000000)
 ParOldGen       total 206336K, used 206188K [0x0000000080000000, 0x000000008c980000, 0x00000000d5580000)
  object space 206336K, 99% used [0x0000000080000000,0x000000008c95b0b8,0x000000008c980000)
 Metaspace       used 67428K, committed 68992K, reserved 1114112K
  class space    used 7124K, committed 7808K, reserved 1048576K
}
Event: 29.457 GC heap after
{Heap after GC invocations=228 (full 3):
 PSYoungGen      total 10240K, used 695K [0x00000000d5580000, 0x00000000d6080000, 0x0000000100000000)
  eden space 9216K, 0% used [0x00000000d5580000,0x00000000d5580000,0x00000000d5e80000)
  from space 1024K, 67% used [0x00000000d5e80000,0x00000000d5f2dd08,0x00000000d5f80000)
  to   space 1024K, 0% used [0x00000000d5f80000,0x00000000d5f80000,0x00000000d6080000)
 ParOldGen       total 206848K, used 206616K [0x0000000080000000, 0x000000008ca00000, 0x00000000d5580000)
  object space 206848K, 99% used [0x0000000080000000,0x000000008c9c62d8,0x000000008ca00000)
 Metaspace       used 67428K, committed 68992K, reserved 1114112K
  class space    used 7124K, committed 7808K, reserved 1048576K
}
Event: 29.508 GC heap before
{Heap before GC invocations=229 (full 3):
 PSYoungGen      total 10240K, used 9911K [0x00000000d5580000, 0x00000000d6080000, 0x0000000100000000)
  eden space 9216K, 100% used [0x00000000d5580000,0x00000000d5e80000,0x00000000d5e80000)
  from space 1024K, 67% used [0x00000000d5e80000,0x00000000d5f2dd08,0x00000000d5f80000)
  to   space 1024K, 0% used [0x00000000d5f80000,0x00000000d5f80000,0x00000000d6080000)
 ParOldGen       total 206848K, used 206616K [0x0000000080000000, 0x000000008ca00000, 0x00000000d5580000)
  object space 206848K, 99% used [0x0000000080000000,0x000000008c9c62d8,0x000000008ca00000)
 Metaspace       used 67498K, committed 69056K, reserved 1114112K
  class space    used 7130K, committed 7808K, reserved 1048576K
}
Event: 29.511 GC heap after
{Heap after GC invocations=229 (full 3):
 PSYoungGen      total 10240K, used 842K [0x00000000d5580000, 0x00000000d6080000, 0x0000000100000000)
  eden space 9216K, 0% used [0x00000000d5580000,0x00000000d5580000,0x00000000d5e80000)
  from space 1024K, 82% used [0x00000000d5f80000,0x00000000d6052930,0x00000000d6080000)
  to   space 1024K, 0% used [0x00000000d5e80000,0x00000000d5e80000,0x00000000d5f80000)
 ParOldGen       total 207360K, used 207123K [0x0000000080000000, 0x000000008ca80000, 0x00000000d5580000)
  object space 207360K, 99% used [0x0000000080000000,0x000000008ca44de0,0x000000008ca80000)
 Metaspace       used 67498K, committed 69056K, reserved 1114112K
  class space    used 7130K, committed 7808K, reserved 1048576K
}
Event: 29.597 GC heap before
{Heap before GC invocations=230 (full 3):
 PSYoungGen      total 10240K, used 10058K [0x00000000d5580000, 0x00000000d6080000, 0x0000000100000000)
  eden space 9216K, 100% used [0x00000000d5580000,0x00000000d5e80000,0x00000000d5e80000)
  from space 1024K, 82% used [0x00000000d5f80000,0x00000000d6052930,0x00000000d6080000)
  to   space 1024K, 0% used [0x00000000d5e80000,0x00000000d5e80000,0x00000000d5f80000)
 ParOldGen       total 207360K, used 207123K [0x0000000080000000, 0x000000008ca80000, 0x00000000d5580000)
  object space 207360K, 99% used [0x0000000080000000,0x000000008ca44de0,0x000000008ca80000)
 Metaspace       used 68021K, committed 69568K, reserved 1114112K
  class space    used 7181K, committed 7872K, reserved 1048576K
}
Event: 29.600 GC heap after
{Heap after GC invocations=230 (full 3):
 PSYoungGen      total 10240K, used 874K [0x00000000d5580000, 0x00000000d6080000, 0x0000000100000000)
  eden space 9216K, 0% used [0x00000000d5580000,0x00000000d5580000,0x00000000d5e80000)
  from space 1024K, 85% used [0x00000000d5e80000,0x00000000d5f5a910,0x00000000d5f80000)
  to   space 1024K, 0% used [0x00000000d5f80000,0x00000000d5f80000,0x00000000d6080000)
 ParOldGen       total 207872K, used 207845K [0x0000000080000000, 0x000000008cb00000, 0x00000000d5580000)
  object space 207872K, 99% used [0x0000000080000000,0x000000008caf94b0,0x000000008cb00000)
 Metaspace       used 68021K, committed 69568K, reserved 1114112K
  class space    used 7181K, committed 7872K, reserved 1048576K
}
Event: 29.720 GC heap before
{Heap before GC invocations=231 (full 3):
 PSYoungGen      total 10240K, used 10072K [0x00000000d5580000, 0x00000000d6080000, 0x0000000100000000)
  eden space 9216K, 99% used [0x00000000d5580000,0x00000000d5e7ba90,0x00000000d5e80000)
  from space 1024K, 85% used [0x00000000d5e80000,0x00000000d5f5a910,0x00000000d5f80000)
  to   space 1024K, 0% used [0x00000000d5f80000,0x00000000d5f80000,0x00000000d6080000)
 ParOldGen       total 207872K, used 207845K [0x0000000080000000, 0x000000008cb00000, 0x00000000d5580000)
  object space 207872K, 99% used [0x0000000080000000,0x000000008caf94b0,0x000000008cb00000)
 Metaspace       used 68782K, committed 70336K, reserved 1114112K
  class space    used 7234K, committed 7936K, reserved 1048576K
}
Event: 29.722 GC heap after
{Heap after GC invocations=231 (full 3):
 PSYoungGen      total 10240K, used 641K [0x00000000d5580000, 0x00000000d6080000, 0x0000000100000000)
  eden space 9216K, 0% used [0x00000000d5580000,0x00000000d5580000,0x00000000d5e80000)
  from space 1024K, 62% used [0x00000000d5f80000,0x00000000d60205d8,0x00000000d6080000)
  to   space 1024K, 0% used [0x00000000d5e80000,0x00000000d5e80000,0x00000000d5f80000)
 ParOldGen       total 208384K, used 208105K [0x0000000080000000, 0x000000008cb80000, 0x00000000d5580000)
  object space 208384K, 99% used [0x0000000080000000,0x000000008cb3a740,0x000000008cb80000)
 Metaspace       used 68782K, committed 70336K, reserved 1114112K
  class space    used 7234K, committed 7936K, reserved 1048576K
}
Event: 29.882 GC heap before
{Heap before GC invocations=232 (full 3):
 PSYoungGen      total 10240K, used 9857K [0x00000000d5580000, 0x00000000d6080000, 0x0000000100000000)
  eden space 9216K, 100% used [0x00000000d5580000,0x00000000d5e80000,0x00000000d5e80000)
  from space 1024K, 62% used [0x00000000d5f80000,0x00000000d60205d8,0x00000000d6080000)
  to   space 1024K, 0% used [0x00000000d5e80000,0x00000000d5e80000,0x00000000d5f80000)
 ParOldGen       total 208384K, used 208105K [0x0000000080000000, 0x000000008cb80000, 0x00000000d5580000)
  object space 208384K, 99% used [0x0000000080000000,0x000000008cb3a740,0x000000008cb80000)
 Metaspace       used 69519K, committed 71104K, reserved 1114112K
  class space    used 7325K, committed 8000K, reserved 1048576K
}
Event: 29.885 GC heap after
{Heap after GC invocations=232 (full 3):
 PSYoungGen      total 10240K, used 1020K [0x00000000d5580000, 0x00000000d6280000, 0x0000000100000000)
  eden space 9216K, 0% used [0x00000000d5580000,0x00000000d5580000,0x00000000d5e80000)
  from space 1024K, 99% used [0x00000000d5e80000,0x00000000d5f7f250,0x00000000d5f80000)
  to   space 2048K, 0% used [0x00000000d6080000,0x00000000d6080000,0x00000000d6280000)
 ParOldGen       total 208896K, used 208745K [0x0000000080000000, 0x000000008cc00000, 0x00000000d5580000)
  object space 208896K, 99% used [0x0000000080000000,0x000000008cbda740,0x000000008cc00000)
 Metaspace       used 69519K, committed 71104K, reserved 1114112K
  class space    used 7325K, committed 8000K, reserved 1048576K
}
Event: 34.073 GC heap before
{Heap before GC invocations=233 (full 3):
 PSYoungGen      total 10240K, used 10236K [0x00000000d5580000, 0x00000000d6280000, 0x0000000100000000)
  eden space 9216K, 100% used [0x00000000d5580000,0x00000000d5e80000,0x00000000d5e80000)
  from space 1024K, 99% used [0x00000000d5e80000,0x00000000d5f7f250,0x00000000d5f80000)
  to   space 2048K, 0% used [0x00000000d6080000,0x00000000d6080000,0x00000000d6280000)
 ParOldGen       total 208896K, used 208745K [0x0000000080000000, 0x000000008cc00000, 0x00000000d5580000)
  object space 208896K, 99% used [0x0000000080000000,0x000000008cbda740,0x000000008cc00000)
 Metaspace       used 69807K, committed 71424K, reserved 1114112K
  class space    used 7341K, committed 8064K, reserved 1048576K
}
Event: 34.076 GC heap after
{Heap after GC invocations=233 (full 3):
 PSYoungGen      total 10752K, used 1120K [0x00000000d5580000, 0x00000000d6200000, 0x0000000100000000)
  eden space 9216K, 0% used [0x00000000d5580000,0x00000000d5580000,0x00000000d5e80000)
  from space 1536K, 72% used [0x00000000d6080000,0x00000000d6198030,0x00000000d6200000)
  to   space 1536K, 0% used [0x00000000d5f00000,0x00000000d5f00000,0x00000000d6080000)
 ParOldGen       total 209920K, used 209644K [0x0000000080000000, 0x000000008cd00000, 0x00000000d5580000)
  object space 209920K, 99% used [0x0000000080000000,0x000000008ccbb3e0,0x000000008cd00000)
 Metaspace       used 69807K, committed 71424K, reserved 1114112K
  class space    used 7341K, committed 8064K, reserved 1048576K
}

