# JRE version: OpenJDK Runtime Environment Temurin-21.0.10+7 (21.0.10+7) (build 21.0.10+7-LTS)
# Java VM: OpenJDK 64-Bit Server VM Temurin-21.0.10+7 (21.0.10+7-LTS, mixed mode, sharing, tiered, compressed oops, compressed class ptrs, parallel gc, windows-amd64)
GC Precious Log:
 CardTable entry size: 512
 CPUs: 8 total, 8 available
 Memory: 8071M
 Large Page Support: Disabled
 NUMA Support: Disabled
 Compressed Oops: Enabled (32-bit)
 Alignments: Space 512K, Generation 512K, Heap 2M
 Heap Min Capacity: 100M
 Heap Initial Capacity: 100M
 Heap Max Capacity: 2G
 Pre-touch: Disabled
 Parallel Workers: 8
Heap:
 PSYoungGen      total 6144K, used 3274K [0x00000000d5580000, 0x00000000d5c80000, 0x0000000100000000)
  eden space 5632K, 54% used [0x00000000d5580000,0x00000000d587aa00,0x00000000d5b00000)
  from space 512K, 43% used [0x00000000d5c00000,0x00000000d5c38000,0x00000000d5c80000)
  to   space 512K, 0% used [0x00000000d5b80000,0x00000000d5b80000,0x00000000d5c00000)
 ParOldGen       total 81920K, used 77014K [0x0000000080000000, 0x0000000085000000, 0x00000000d5580000)
  object space 81920K, 94% used [0x0000000080000000,0x0000000084b35b80,0x0000000085000000)
 Metaspace       used 62438K, committed 63808K, reserved 1114112K
  class space    used 6626K, committed 7232K, reserved 1048576K
GC Heap History (20 events):
Event: 18.626 GC heap before
{Heap before GC invocations=76 (full 3):
 PSYoungGen      total 7168K, used 6752K [0x00000000d5580000, 0x00000000d5e00000, 0x0000000100000000)
  eden space 6144K, 100% used [0x00000000d5580000,0x00000000d5b80000,0x00000000d5b80000)
  from space 1024K, 59% used [0x00000000d5d00000,0x00000000d5d98000,0x00000000d5e00000)
  to   space 1024K, 0% used [0x00000000d5c00000,0x00000000d5c00000,0x00000000d5d00000)
 ParOldGen       total 81920K, used 72814K [0x0000000080000000, 0x0000000085000000, 0x00000000d5580000)
  object space 81920K, 88% used [0x0000000080000000,0x000000008471b9c8,0x0000000085000000)
 Metaspace       used 60310K, committed 61632K, reserved 1114112K
  class space    used 6388K, committed 6976K, reserved 1048576K
}
Event: 18.628 GC heap after
{Heap after GC invocations=76 (full 3):
 PSYoungGen      total 7168K, used 832K [0x00000000d5580000, 0x00000000d5d80000, 0x0000000100000000)
  eden space 6144K, 0% used [0x00000000d5580000,0x00000000d5580000,0x00000000d5b80000)
  from space 1024K, 81% used [0x00000000d5c00000,0x00000000d5cd0000,0x00000000d5d00000)
  to   space 512K, 0% used [0x00000000d5d00000,0x00000000d5d00000,0x00000000d5d80000)
 ParOldGen       total 81920K, used 73038K [0x0000000080000000, 0x0000000085000000, 0x00000000d5580000)
  object space 81920K, 89% used [0x0000000080000000,0x00000000847539c8,0x0000000085000000)
 Metaspace       used 60310K, committed 61632K, reserved 1114112K
  class space    used 6388K, committed 6976K, reserved 1048576K
}
Event: 18.643 GC heap before
{Heap before GC invocations=77 (full 3):
 PSYoungGen      total 7168K, used 6976K [0x00000000d5580000, 0x00000000d5d80000, 0x0000000100000000)
  eden space 6144K, 100% used [0x00000000d5580000,0x00000000d5b80000,0x00000000d5b80000)
  from space 1024K, 81% used [0x00000000d5c00000,0x00000000d5cd0000,0x00000000d5d00000)
  to   space 512K, 0% used [0x00000000d5d00000,0x00000000d5d00000,0x00000000d5d80000)
 ParOldGen       total 81920K, used 73038K [0x0000000080000000, 0x0000000085000000, 0x00000000d5580000)
  object space 81920K, 89% used [0x0000000080000000,0x00000000847539c8,0x0000000085000000)
 Metaspace       used 60314K, committed 61632K, reserved 1114112K
  class space    used 6388K, committed 6976K, reserved 1048576K
}
Event: 18.645 GC heap after
{Heap after GC invocations=77 (full 3):
 PSYoungGen      total 6144K, used 512K [0x00000000d5580000, 0x00000000d5f80000, 0x0000000100000000)
  eden space 5632K, 0% used [0x00000000d5580000,0x00000000d5580000,0x00000000d5b00000)
  from space 512K, 100% used [0x00000000d5d00000,0x00000000d5d80000,0x00000000d5d80000)
  to   space 2048K, 0% used [0x00000000d5b00000,0x00000000d5b00000,0x00000000d5d00000)
 ParOldGen       total 81920K, used 74254K [0x0000000080000000, 0x0000000085000000, 0x00000000d5580000)
  object space 81920K, 90% used [0x0000000080000000,0x00000000848839e8,0x0000000085000000)
 Metaspace       used 60314K, committed 61632K, reserved 1114112K
  class space    used 6388K, committed 6976K, reserved 1048576K
}
Event: 18.683 GC heap before
{Heap before GC invocations=78 (full 3):
 PSYoungGen      total 6144K, used 6144K [0x00000000d5580000, 0x00000000d5f80000, 0x0000000100000000)
  eden space 5632K, 100% used [0x00000000d5580000,0x00000000d5b00000,0x00000000d5b00000)
  from space 512K, 100% used [0x00000000d5d00000,0x00000000d5d80000,0x00000000d5d80000)
  to   space 2048K, 0% used [0x00000000d5b00000,0x00000000d5b00000,0x00000000d5d00000)
 ParOldGen       total 81920K, used 74254K [0x0000000080000000, 0x0000000085000000, 0x00000000d5580000)
  object space 81920K, 90% used [0x0000000080000000,0x00000000848839e8,0x0000000085000000)
 Metaspace       used 60326K, committed 61632K, reserved 1114112K
  class space    used 6388K, committed 6976K, reserved 1048576K
}
Event: 18.685 GC heap after
{Heap after GC invocations=78 (full 3):
 PSYoungGen      total 6656K, used 592K [0x00000000d5580000, 0x00000000d5d80000, 0x0000000100000000)
  eden space 5632K, 0% used [0x00000000d5580000,0x00000000d5580000,0x00000000d5b00000)
  from space 1024K, 57% used [0x00000000d5b00000,0x00000000d5b94010,0x00000000d5c00000)
  to   space 1024K, 0% used [0x00000000d5c80000,0x00000000d5c80000,0x00000000d5d80000)
 ParOldGen       total 81920K, used 74566K [0x0000000080000000, 0x0000000085000000, 0x00000000d5580000)
  object space 81920K, 91% used [0x0000000080000000,0x00000000848d19e8,0x0000000085000000)
 Metaspace       used 60326K, committed 61632K, reserved 1114112K
  class space    used 6388K, committed 6976K, reserved 1048576K
}
Event: 19.080 GC heap before
{Heap before GC invocations=79 (full 3):
 PSYoungGen      total 6656K, used 6224K [0x00000000d5580000, 0x00000000d5d80000, 0x0000000100000000)
  eden space 5632K, 99% used [0x00000000d5580000,0x00000000d5affff0,0x00000000d5b00000)
  from space 1024K, 57% used [0x00000000d5b00000,0x00000000d5b94010,0x00000000d5c00000)
  to   space 1024K, 0% used [0x00000000d5c80000,0x00000000d5c80000,0x00000000d5d80000)
 ParOldGen       total 81920K, used 74566K [0x0000000080000000, 0x0000000085000000, 0x00000000d5580000)
  object space 81920K, 91% used [0x0000000080000000,0x00000000848d19e8,0x0000000085000000)
 Metaspace       used 60395K, committed 61696K, reserved 1114112K
  class space    used 6391K, committed 6976K, reserved 1048576K
}
Event: 19.083 GC heap after
{Heap after GC invocations=79 (full 3):
 PSYoungGen      total 6144K, used 320K [0x00000000d5580000, 0x00000000d5d00000, 0x0000000100000000)
  eden space 5632K, 0% used [0x00000000d5580000,0x00000000d5580000,0x00000000d5b00000)
  from space 512K, 62% used [0x00000000d5c80000,0x00000000d5cd0000,0x00000000d5d00000)
  to   space 512K, 0% used [0x00000000d5c00000,0x00000000d5c00000,0x00000000d5c80000)
 ParOldGen       total 81920K, used 74798K [0x0000000080000000, 0x0000000085000000, 0x00000000d5580000)
  object space 81920K, 91% used [0x0000000080000000,0x000000008490b9e8,0x0000000085000000)
 Metaspace       used 60395K, committed 61696K, reserved 1114112K
  class space    used 6391K, committed 6976K, reserved 1048576K
}
Event: 19.764 GC heap before
{Heap before GC invocations=80 (full 3):
 PSYoungGen      total 6144K, used 5952K [0x00000000d5580000, 0x00000000d5d00000, 0x0000000100000000)
  eden space 5632K, 100% used [0x00000000d5580000,0x00000000d5b00000,0x00000000d5b00000)
  from space 512K, 62% used [0x00000000d5c80000,0x00000000d5cd0000,0x00000000d5d00000)
  to   space 512K, 0% used [0x00000000d5c00000,0x00000000d5c00000,0x00000000d5c80000)
 ParOldGen       total 81920K, used 74798K [0x0000000080000000, 0x0000000085000000, 0x00000000d5580000)
  object space 81920K, 91% used [0x0000000080000000,0x000000008490b9e8,0x0000000085000000)
 Metaspace       used 60742K, committed 62080K, reserved 1114112K
  class space    used 6430K, committed 7040K, reserved 1048576K
}
Event: 19.766 GC heap after
{Heap after GC invocations=80 (full 3):
 PSYoungGen      total 6144K, used 416K [0x00000000d5580000, 0x00000000d5d00000, 0x0000000100000000)
  eden space 5632K, 0% used [0x00000000d5580000,0x00000000d5580000,0x00000000d5b00000)
  from space 512K, 81% used [0x00000000d5c00000,0x00000000d5c68000,0x00000000d5c80000)
  to   space 512K, 0% used [0x00000000d5c80000,0x00000000d5c80000,0x00000000d5d00000)
 ParOldGen       total 81920K, used 74950K [0x0000000080000000, 0x0000000085000000, 0x00000000d5580000)
  object space 81920K, 91% used [0x0000000080000000,0x00000000849319e8,0x0000000085000000)
 Metaspace       used 60742K, committed 62080K, reserved 1114112K
  class space    used 6430K, committed 7040K, reserved 1048576K
}
Event: 20.094 GC heap before
{Heap before GC invocations=81 (full 3):
 PSYoungGen      total 6144K, used 6048K [0x00000000d5580000, 0x00000000d5d00000, 0x0000000100000000)
  eden space 5632K, 100% used [0x00000000d5580000,0x00000000d5b00000,0x00000000d5b00000)
  from space 512K, 81% used [0x00000000d5c00000,0x00000000d5c68000,0x00000000d5c80000)
  to   space 512K, 0% used [0x00000000d5c80000,0x00000000d5c80000,0x00000000d5d00000)
 ParOldGen       total 81920K, used 74950K [0x0000000080000000, 0x0000000085000000, 0x00000000d5580000)
  object space 81920K, 91% used [0x0000000080000000,0x00000000849319e8,0x0000000085000000)
 Metaspace       used 60883K, committed 62272K, reserved 1114112K
  class space    used 6456K, committed 7040K, reserved 1048576K
}
Event: 20.097 GC heap after
{Heap after GC invocations=81 (full 3):
 PSYoungGen      total 6144K, used 512K [0x00000000d5580000, 0x00000000d5e00000, 0x0000000100000000)
  eden space 5632K, 0% used [0x00000000d5580000,0x00000000d5580000,0x00000000d5b00000)
  from space 512K, 100% used [0x00000000d5c80000,0x00000000d5d00000,0x00000000d5d00000)
  to   space 1536K, 0% used [0x00000000d5b00000,0x00000000d5b00000,0x00000000d5c80000)
 ParOldGen       total 81920K, used 75510K [0x0000000080000000, 0x0000000085000000, 0x00000000d5580000)
  object space 81920K, 92% used [0x0000000080000000,0x00000000849bd9e8,0x0000000085000000)
 Metaspace       used 60883K, committed 62272K, reserved 1114112K
  class space    used 6456K, committed 7040K, reserved 1048576K
}
Event: 20.377 GC heap before
{Heap before GC invocations=82 (full 3):
 PSYoungGen      total 6144K, used 6144K [0x00000000d5580000, 0x00000000d5e00000, 0x0000000100000000)
  eden space 5632K, 100% used [0x00000000d5580000,0x00000000d5b00000,0x00000000d5b00000)
  from space 512K, 100% used [0x00000000d5c80000,0x00000000d5d00000,0x00000000d5d00000)
  to   space 1536K, 0% used [0x00000000d5b00000,0x00000000d5b00000,0x00000000d5c80000)
 ParOldGen       total 81920K, used 75510K [0x0000000080000000, 0x0000000085000000, 0x00000000d5580000)
  object space 81920K, 92% used [0x0000000080000000,0x00000000849bd9e8,0x0000000085000000)
 Metaspace       used 61103K, committed 62464K, reserved 1114112K
  class space    used 6491K, committed 7104K, reserved 1048576K
}
Event: 20.380 GC heap after
{Heap after GC invocations=82 (full 3):
 PSYoungGen      total 7168K, used 1056K [0x00000000d5580000, 0x00000000d5e00000, 0x0000000100000000)
  eden space 5632K, 0% used [0x00000000d5580000,0x00000000d5580000,0x00000000d5b00000)
  from space 1536K, 68% used [0x00000000d5b00000,0x00000000d5c08000,0x00000000d5c80000)
  to   space 1536K, 0% used [0x00000000d5c80000,0x00000000d5c80000,0x00000000d5e00000)
 ParOldGen       total 81920K, used 75934K [0x0000000080000000, 0x0000000085000000, 0x00000000d5580000)
  object space 81920K, 92% used [0x0000000080000000,0x0000000084a279e8,0x0000000085000000)
 Metaspace       used 61103K, committed 62464K, reserved 1114112K
  class space    used 6491K, committed 7104K, reserved 1048576K
}
Event: 20.433 GC heap before
{Heap before GC invocations=83 (full 3):
 PSYoungGen      total 7168K, used 6688K [0x00000000d5580000, 0x00000000d5e00000, 0x0000000100000000)
  eden space 5632K, 100% used [0x00000000d5580000,0x00000000d5b00000,0x00000000d5b00000)
  from space 1536K, 68% used [0x00000000d5b00000,0x00000000d5c08000,0x00000000d5c80000)
  to   space 1536K, 0% used [0x00000000d5c80000,0x00000000d5c80000,0x00000000d5e00000)
 ParOldGen       total 81920K, used 75934K [0x0000000080000000, 0x0000000085000000, 0x00000000d5580000)
  object space 81920K, 92% used [0x0000000080000000,0x0000000084a279e8,0x0000000085000000)
 Metaspace       used 61110K, committed 62464K, reserved 1114112K
  class space    used 6492K, committed 7104K, reserved 1048576K
}
Event: 20.434 GC heap after
{Heap after GC invocations=83 (full 3):
 PSYoungGen      total 6144K, used 384K [0x00000000d5580000, 0x00000000d5d00000, 0x0000000100000000)
  eden space 5632K, 0% used [0x00000000d5580000,0x00000000d5580000,0x00000000d5b00000)
  from space 512K, 75% used [0x00000000d5c80000,0x00000000d5ce0000,0x00000000d5d00000)
  to   space 1024K, 0% used [0x00000000d5b00000,0x00000000d5b00000,0x00000000d5c00000)
 ParOldGen       total 81920K, used 76426K [0x0000000080000000, 0x0000000085000000, 0x00000000d5580000)
  object space 81920K, 93% used [0x0000000080000000,0x0000000084aa29f8,0x0000000085000000)
 Metaspace       used 61110K, committed 62464K, reserved 1114112K
  class space    used 6492K, committed 7104K, reserved 1048576K
}
Event: 20.622 GC heap before
{Heap before GC invocations=84 (full 3):
 PSYoungGen      total 6144K, used 6016K [0x00000000d5580000, 0x00000000d5d00000, 0x0000000100000000)
  eden space 5632K, 100% used [0x00000000d5580000,0x00000000d5b00000,0x00000000d5b00000)
  from space 512K, 75% used [0x00000000d5c80000,0x00000000d5ce0000,0x00000000d5d00000)
  to   space 1024K, 0% used [0x00000000d5b00000,0x00000000d5b00000,0x00000000d5c00000)
 ParOldGen       total 81920K, used 76426K [0x0000000080000000, 0x0000000085000000, 0x00000000d5580000)
  object space 81920K, 93% used [0x0000000080000000,0x0000000084aa29f8,0x0000000085000000)
 Metaspace       used 61552K, committed 62976K, reserved 1114112K
  class space    used 6542K, committed 7168K, reserved 1048576K
}
Event: 20.624 GC heap after
{Heap after GC invocations=84 (full 3):
 PSYoungGen      total 6656K, used 538K [0x00000000d5580000, 0x00000000d5d00000, 0x0000000100000000)
  eden space 5632K, 0% used [0x00000000d5580000,0x00000000d5580000,0x00000000d5b00000)
  from space 1024K, 52% used [0x00000000d5b00000,0x00000000d5b868c8,0x00000000d5c00000)
  to   space 1024K, 0% used [0x00000000d5c00000,0x00000000d5c00000,0x00000000d5d00000)
 ParOldGen       total 81920K, used 76666K [0x0000000080000000, 0x0000000085000000, 0x00000000d5580000)
  object space 81920K, 93% used [0x0000000080000000,0x0000000084ade9f8,0x0000000085000000)
 Metaspace       used 61552K, committed 62976K, reserved 1114112K
  class space    used 6542K, committed 7168K, reserved 1048576K
}
Event: 20.883 GC heap before
{Heap before GC invocations=85 (full 3):
 PSYoungGen      total 6656K, used 6161K [0x00000000d5580000, 0x00000000d5d00000, 0x0000000100000000)
  eden space 5632K, 99% used [0x00000000d5580000,0x00000000d5afdbf0,0x00000000d5b00000)
  from space 1024K, 52% used [0x00000000d5b00000,0x00000000d5b868c8,0x00000000d5c00000)
  to   space 1024K, 0% used [0x00000000d5c00000,0x00000000d5c00000,0x00000000d5d00000)
 ParOldGen       total 81920K, used 76666K [0x0000000080000000, 0x0000000085000000, 0x00000000d5580000)
  object space 81920K, 93% used [0x0000000080000000,0x0000000084ade9f8,0x0000000085000000)
 Metaspace       used 61995K, committed 63360K, reserved 1114112K
  class space    used 6588K, committed 7232K, reserved 1048576K
}
Event: 20.885 GC heap after
{Heap after GC invocations=85 (full 3):
 PSYoungGen      total 6144K, used 224K [0x00000000d5580000, 0x00000000d5c80000, 0x0000000100000000)
  eden space 5632K, 0% used [0x00000000d5580000,0x00000000d5580000,0x00000000d5b00000)
  from space 512K, 43% used [0x00000000d5c00000,0x00000000d5c38000,0x00000000d5c80000)
  to   space 512K, 0% used [0x00000000d5b80000,0x00000000d5b80000,0x00000000d5c00000)
 ParOldGen       total 81920K, used 77014K [0x0000000080000000, 0x0000000085000000, 0x00000000d5580000)
  object space 81920K, 94% used [0x0000000080000000,0x0000000084b35b80,0x0000000085000000)
 Metaspace       used 61995K, committed 63360K, reserved 1114112K
  class space    used 6588K, committed 7232K, reserved 1048576K
}

