# JRE version: OpenJDK Runtime Environment Temurin-21.0.10+7 (21.0.10+7) (build 21.0.10+7-LTS)
# Java VM: OpenJDK 64-Bit Server VM Temurin-21.0.10+7 (21.0.10+7-LTS, mixed mode, sharing, tiered, compressed oops, compressed class ptrs, parallel gc, windows-amd64)
GC Precious Log:
 CardTable entry size: 512
 CPUs: 8 total, 8 available
 Memory: 8071M
 Large Page Support: Disabled
 NUMA Support: Disabled
 Compressed Oops: Enabled (32-bit)
 Alignments: Space 512K, Generation 512K, Heap 2M
 Heap Min Capacity: 100M
 Heap Initial Capacity: 100M
 Heap Max Capacity: 2G
 Pre-touch: Disabled
 Parallel Workers: 8
Heap:
 PSYoungGen      total 7680K, used 359K [0x00000000d5580000, 0x00000000d5f00000, 0x0000000100000000)
  eden space 7168K, 1% used [0x00000000d5580000,0x00000000d5599d70,0x00000000d5c80000)
  from space 512K, 50% used [0x00000000d5e80000,0x00000000d5ec0000,0x00000000d5f00000)
  to   space 1024K, 0% used [0x00000000d5d00000,0x00000000d5d00000,0x00000000d5e00000)
 ParOldGen       total 130560K, used 130491K [0x0000000080000000, 0x0000000087f80000, 0x00000000d5580000)
  object space 130560K, 99% used [0x0000000080000000,0x0000000087f6ec28,0x0000000087f80000)
 Metaspace       used 68833K, committed 70400K, reserved 1114112K
  class space    used 7248K, committed 7936K, reserved 1048576K
GC Heap History (20 events):
Event: 25.784 GC heap before
{Heap before GC invocations=327 (full 3):
 PSYoungGen      total 8192K, used 7872K [0x00000000d5580000, 0x00000000d5e80000, 0x0000000100000000)
  eden space 7680K, 100% used [0x00000000d5580000,0x00000000d5d00000,0x00000000d5d00000)
  from space 512K, 37% used [0x00000000d5d80000,0x00000000d5db0000,0x00000000d5e00000)
  to   space 512K, 0% used [0x00000000d5e00000,0x00000000d5e00000,0x00000000d5e80000)
 ParOldGen       total 126464K, used 126039K [0x0000000080000000, 0x0000000087b80000, 0x00000000d5580000)
  object space 126464K, 99% used [0x0000000080000000,0x0000000087b15e70,0x0000000087b80000)
 Metaspace       used 66397K, committed 67904K, reserved 1114112K
  class space    used 7014K, committed 7680K, reserved 1048576K
}
Event: 25.786 GC heap after
{Heap after GC invocations=327 (full 3):
 PSYoungGen      total 8192K, used 288K [0x00000000d5580000, 0x00000000d5e80000, 0x0000000100000000)
  eden space 7680K, 0% used [0x00000000d5580000,0x00000000d5580000,0x00000000d5d00000)
  from space 512K, 56% used [0x00000000d5e00000,0x00000000d5e48000,0x00000000d5e80000)
  to   space 512K, 0% used [0x00000000d5d80000,0x00000000d5d80000,0x00000000d5e00000)
 ParOldGen       total 126464K, used 126127K [0x0000000080000000, 0x0000000087b80000, 0x00000000d5580000)
  object space 126464K, 99% used [0x0000000080000000,0x0000000087b2be70,0x0000000087b80000)
 Metaspace       used 66397K, committed 67904K, reserved 1114112K
  class space    used 7014K, committed 7680K, reserved 1048576K
}
Event: 25.799 GC heap before
{Heap before GC invocations=328 (full 3):
 PSYoungGen      total 8192K, used 7968K [0x00000000d5580000, 0x00000000d5e80000, 0x0000000100000000)
  eden space 7680K, 100% used [0x00000000d5580000,0x00000000d5d00000,0x00000000d5d00000)
  from space 512K, 56% used [0x00000000d5e00000,0x00000000d5e48000,0x00000000d5e80000)
  to   space 512K, 0% used [0x00000000d5d80000,0x00000000d5d80000,0x00000000d5e00000)
 ParOldGen       total 126464K, used 126127K [0x0000000080000000, 0x0000000087b80000, 0x00000000d5580000)
  object space 126464K, 99% used [0x0000000080000000,0x0000000087b2be70,0x0000000087b80000)
 Metaspace       used 66397K, committed 67904K, reserved 1114112K
  class space    used 7014K, committed 7680K, reserved 1048576K
}
Event: 25.801 GC heap after
{Heap after GC invocations=328 (full 3):
 PSYoungGen      total 8192K, used 224K [0x00000000d5580000, 0x00000000d5e80000, 0x0000000100000000)
  eden space 7680K, 0% used [0x00000000d5580000,0x00000000d5580000,0x00000000d5d00000)
  from space 512K, 43% used [0x00000000d5d80000,0x00000000d5db8000,0x00000000d5e00000)
  to   space 512K, 0% used [0x00000000d5e00000,0x00000000d5e00000,0x00000000d5e80000)
 ParOldGen       total 126464K, used 126271K [0x0000000080000000, 0x0000000087b80000, 0x00000000d5580000)
  object space 126464K, 99% used [0x0000000080000000,0x0000000087b4fe70,0x0000000087b80000)
 Metaspace       used 66397K, committed 67904K, reserved 1114112K
  class space    used 7014K, committed 7680K, reserved 1048576K
}
Event: 25.818 GC heap before
{Heap before GC invocations=329 (full 3):
 PSYoungGen      total 8192K, used 7904K [0x00000000d5580000, 0x00000000d5e80000, 0x0000000100000000)
  eden space 7680K, 100% used [0x00000000d5580000,0x00000000d5d00000,0x00000000d5d00000)
  from space 512K, 43% used [0x00000000d5d80000,0x00000000d5db8000,0x00000000d5e00000)
  to   space 512K, 0% used [0x00000000d5e00000,0x00000000d5e00000,0x00000000d5e80000)
 ParOldGen       total 126464K, used 126271K [0x0000000080000000, 0x0000000087b80000, 0x00000000d5580000)
  object space 126464K, 99% used [0x0000000080000000,0x0000000087b4fe70,0x0000000087b80000)
 Metaspace       used 66397K, committed 67904K, reserved 1114112K
  class space    used 7014K, committed 7680K, reserved 1048576K
}
Event: 25.819 GC heap after
{Heap after GC invocations=329 (full 3):
 PSYoungGen      total 8192K, used 224K [0x00000000d5580000, 0x00000000d5e80000, 0x0000000100000000)
  eden space 7680K, 0% used [0x00000000d5580000,0x00000000d5580000,0x00000000d5d00000)
  from space 512K, 43% used [0x00000000d5e00000,0x00000000d5e38000,0x00000000d5e80000)
  to   space 512K, 0% used [0x00000000d5d80000,0x00000000d5d80000,0x00000000d5e00000)
 ParOldGen       total 126464K, used 126463K [0x0000000080000000, 0x0000000087b80000, 0x00000000d5580000)
  object space 126464K, 99% used [0x0000000080000000,0x0000000087b7fe70,0x0000000087b80000)
 Metaspace       used 66397K, committed 67904K, reserved 1114112K
  class space    used 7014K, committed 7680K, reserved 1048576K
}
Event: 25.838 GC heap before
{Heap before GC invocations=330 (full 3):
 PSYoungGen      total 8192K, used 7904K [0x00000000d5580000, 0x00000000d5e80000, 0x0000000100000000)
  eden space 7680K, 100% used [0x00000000d5580000,0x00000000d5d00000,0x00000000d5d00000)
  from space 512K, 43% used [0x00000000d5e00000,0x00000000d5e38000,0x00000000d5e80000)
  to   space 512K, 0% used [0x00000000d5d80000,0x00000000d5d80000,0x00000000d5e00000)
 ParOldGen       total 126464K, used 126463K [0x0000000080000000, 0x0000000087b80000, 0x00000000d5580000)
  object space 126464K, 99% used [0x0000000080000000,0x0000000087b7fe70,0x0000000087b80000)
 Metaspace       used 66397K, committed 67904K, reserved 1114112K
  class space    used 7014K, committed 7680K, reserved 1048576K
}
Event: 25.839 GC heap after
{Heap after GC invocations=330 (full 3):
 PSYoungGen      total 8192K, used 256K [0x00000000d5580000, 0x00000000d5e80000, 0x0000000100000000)
  eden space 7680K, 0% used [0x00000000d5580000,0x00000000d5580000,0x00000000d5d00000)
  from space 512K, 50% used [0x00000000d5d80000,0x00000000d5dc0000,0x00000000d5e00000)
  to   space 512K, 0% used [0x00000000d5e00000,0x00000000d5e00000,0x00000000d5e80000)
 ParOldGen       total 126976K, used 126631K [0x0000000080000000, 0x0000000087c00000, 0x00000000d5580000)
  object space 126976K, 99% used [0x0000000080000000,0x0000000087ba9e70,0x0000000087c00000)
 Metaspace       used 66397K, committed 67904K, reserved 1114112K
  class space    used 7014K, committed 7680K, reserved 1048576K
}
Event: 25.974 GC heap before
{Heap before GC invocations=331 (full 3):
 PSYoungGen      total 8192K, used 7936K [0x00000000d5580000, 0x00000000d5e80000, 0x0000000100000000)
  eden space 7680K, 100% used [0x00000000d5580000,0x00000000d5d00000,0x00000000d5d00000)
  from space 512K, 50% used [0x00000000d5d80000,0x00000000d5dc0000,0x00000000d5e00000)
  to   space 512K, 0% used [0x00000000d5e00000,0x00000000d5e00000,0x00000000d5e80000)
 ParOldGen       total 126976K, used 126631K [0x0000000080000000, 0x0000000087c00000, 0x00000000d5580000)
  object space 126976K, 99% used [0x0000000080000000,0x0000000087ba9e70,0x0000000087c00000)
 Metaspace       used 66540K, committed 68160K, reserved 1114112K
  class space    used 7035K, committed 7744K, reserved 1048576K
}
Event: 25.977 GC heap after
{Heap after GC invocations=331 (full 3):
 PSYoungGen      total 7680K, used 501K [0x00000000d5580000, 0x00000000d6000000, 0x0000000100000000)
  eden space 7168K, 0% used [0x00000000d5580000,0x00000000d5580000,0x00000000d5c80000)
  from space 512K, 97% used [0x00000000d5e00000,0x00000000d5e7d620,0x00000000d5e80000)
  to   space 1536K, 0% used [0x00000000d5c80000,0x00000000d5c80000,0x00000000d5e00000)
 ParOldGen       total 127488K, used 127247K [0x0000000080000000, 0x0000000087c80000, 0x00000000d5580000)
  object space 127488K, 99% used [0x0000000080000000,0x0000000087c43e80,0x0000000087c80000)
 Metaspace       used 66540K, committed 68160K, reserved 1114112K
  class space    used 7035K, committed 7744K, reserved 1048576K
}
Event: 26.062 GC heap before
{Heap before GC invocations=332 (full 3):
 PSYoungGen      total 7680K, used 7669K [0x00000000d5580000, 0x00000000d6000000, 0x0000000100000000)
  eden space 7168K, 100% used [0x00000000d5580000,0x00000000d5c80000,0x00000000d5c80000)
  from space 512K, 97% used [0x00000000d5e00000,0x00000000d5e7d620,0x00000000d5e80000)
  to   space 1536K, 0% used [0x00000000d5c80000,0x00000000d5c80000,0x00000000d5e00000)
 ParOldGen       total 127488K, used 127247K [0x0000000080000000, 0x0000000087c80000, 0x00000000d5580000)
  object space 127488K, 99% used [0x0000000080000000,0x0000000087c43e80,0x0000000087c80000)
 Metaspace       used 66578K, committed 68160K, reserved 1114112K
  class space    used 7036K, committed 7744K, reserved 1048576K
}
Event: 26.068 GC heap after
{Heap after GC invocations=332 (full 3):
 PSYoungGen      total 8192K, used 916K [0x00000000d5580000, 0x00000000d5e80000, 0x0000000100000000)
  eden space 7168K, 0% used [0x00000000d5580000,0x00000000d5580000,0x00000000d5c80000)
  from space 1024K, 89% used [0x00000000d5c80000,0x00000000d5d65260,0x00000000d5d80000)
  to   space 1024K, 0% used [0x00000000d5d80000,0x00000000d5d80000,0x00000000d5e80000)
 ParOldGen       total 128000K, used 127714K [0x0000000080000000, 0x0000000087d00000, 0x00000000d5580000)
  object space 128000K, 99% used [0x0000000080000000,0x0000000087cb8b60,0x0000000087d00000)
 Metaspace       used 66578K, committed 68160K, reserved 1114112K
  class space    used 7036K, committed 7744K, reserved 1048576K
}
Event: 26.153 GC heap before
{Heap before GC invocations=333 (full 3):
 PSYoungGen      total 8192K, used 8084K [0x00000000d5580000, 0x00000000d5e80000, 0x0000000100000000)
  eden space 7168K, 100% used [0x00000000d5580000,0x00000000d5c80000,0x00000000d5c80000)
  from space 1024K, 89% used [0x00000000d5c80000,0x00000000d5d65260,0x00000000d5d80000)
  to   space 1024K, 0% used [0x00000000d5d80000,0x00000000d5d80000,0x00000000d5e80000)
 ParOldGen       total 128000K, used 127714K [0x0000000080000000, 0x0000000087d00000, 0x00000000d5580000)
  object space 128000K, 99% used [0x0000000080000000,0x0000000087cb8b60,0x0000000087d00000)
 Metaspace       used 66773K, committed 68352K, reserved 1114112K
  class space    used 7053K, committed 7744K, reserved 1048576K
}
Event: 26.156 GC heap after
{Heap after GC invocations=333 (full 3):
 PSYoungGen      total 8192K, used 884K [0x00000000d5580000, 0x00000000d5e80000, 0x0000000100000000)
  eden space 7168K, 0% used [0x00000000d5580000,0x00000000d5580000,0x00000000d5c80000)
  from space 1024K, 86% used [0x00000000d5d80000,0x00000000d5e5d200,0x00000000d5e80000)
  to   space 1024K, 0% used [0x00000000d5c80000,0x00000000d5c80000,0x00000000d5d80000)
 ParOldGen       total 129024K, used 128552K [0x0000000080000000, 0x0000000087e00000, 0x00000000d5580000)
  object space 129024K, 99% used [0x0000000080000000,0x0000000087d8a340,0x0000000087e00000)
 Metaspace       used 66773K, committed 68352K, reserved 1114112K
  class space    used 7053K, committed 7744K, reserved 1048576K
}
Event: 26.419 GC heap before
{Heap before GC invocations=334 (full 3):
 PSYoungGen      total 8192K, used 8052K [0x00000000d5580000, 0x00000000d5e80000, 0x0000000100000000)
  eden space 7168K, 99% used [0x00000000d5580000,0x00000000d5c7fff8,0x00000000d5c80000)
  from space 1024K, 86% used [0x00000000d5d80000,0x00000000d5e5d200,0x00000000d5e80000)
  to   space 1024K, 0% used [0x00000000d5c80000,0x00000000d5c80000,0x00000000d5d80000)
 ParOldGen       total 129024K, used 128552K [0x0000000080000000, 0x0000000087e00000, 0x00000000d5580000)
  object space 129024K, 99% used [0x0000000080000000,0x0000000087d8a340,0x0000000087e00000)
 Metaspace       used 67337K, committed 68928K, reserved 1114112K
  class space    used 7113K, committed 7808K, reserved 1048576K
}
Event: 26.422 GC heap after
{Heap after GC invocations=334 (full 3):
 PSYoungGen      total 8192K, used 544K [0x00000000d5580000, 0x00000000d5e80000, 0x0000000100000000)
  eden space 7168K, 0% used [0x00000000d5580000,0x00000000d5580000,0x00000000d5c80000)
  from space 1024K, 53% used [0x00000000d5c80000,0x00000000d5d08020,0x00000000d5d80000)
  to   space 1024K, 0% used [0x00000000d5d80000,0x00000000d5d80000,0x00000000d5e80000)
 ParOldGen       total 129024K, used 128816K [0x0000000080000000, 0x0000000087e00000, 0x00000000d5580000)
  object space 129024K, 99% used [0x0000000080000000,0x0000000087dcc340,0x0000000087e00000)
 Metaspace       used 67337K, committed 68928K, reserved 1114112K
  class space    used 7113K, committed 7808K, reserved 1048576K
}
Event: 26.711 GC heap before
{Heap before GC invocations=335 (full 3):
 PSYoungGen      total 8192K, used 7712K [0x00000000d5580000, 0x00000000d5e80000, 0x0000000100000000)
  eden space 7168K, 100% used [0x00000000d5580000,0x00000000d5c80000,0x00000000d5c80000)
  from space 1024K, 53% used [0x00000000d5c80000,0x00000000d5d08020,0x00000000d5d80000)
  to   space 1024K, 0% used [0x00000000d5d80000,0x00000000d5d80000,0x00000000d5e80000)
 ParOldGen       total 129024K, used 128816K [0x0000000080000000, 0x0000000087e00000, 0x00000000d5580000)
  object space 129024K, 99% used [0x0000000080000000,0x0000000087dcc340,0x0000000087e00000)
 Metaspace       used 67998K, committed 69568K, reserved 1114112K
  class space    used 7159K, committed 7872K, reserved 1048576K
}
Event: 26.715 GC heap after
{Heap after GC invocations=335 (full 3):
 PSYoungGen      total 8192K, used 576K [0x00000000d5580000, 0x00000000d5e80000, 0x0000000100000000)
  eden space 7168K, 0% used [0x00000000d5580000,0x00000000d5580000,0x00000000d5c80000)
  from space 1024K, 56% used [0x00000000d5d80000,0x00000000d5e10000,0x00000000d5e80000)
  to   space 1024K, 0% used [0x00000000d5c80000,0x00000000d5c80000,0x00000000d5d80000)
 ParOldGen       total 129536K, used 129157K [0x0000000080000000, 0x0000000087e80000, 0x00000000d5580000)
  object space 129536K, 99% used [0x0000000080000000,0x0000000087e21600,0x0000000087e80000)
 Metaspace       used 67998K, committed 69568K, reserved 1114112K
  class space    used 7159K, committed 7872K, reserved 1048576K
}
Event: 27.326 GC heap before
{Heap before GC invocations=336 (full 3):
 PSYoungGen      total 8192K, used 7721K [0x00000000d5580000, 0x00000000d5e80000, 0x0000000100000000)
  eden space 7168K, 99% used [0x00000000d5580000,0x00000000d5c7a6c0,0x00000000d5c80000)
  from space 1024K, 56% used [0x00000000d5d80000,0x00000000d5e10000,0x00000000d5e80000)
  to   space 1024K, 0% used [0x00000000d5c80000,0x00000000d5c80000,0x00000000d5d80000)
 ParOldGen       total 129536K, used 129157K [0x0000000080000000, 0x0000000087e80000, 0x00000000d5580000)
  object space 129536K, 99% used [0x0000000080000000,0x0000000087e21600,0x0000000087e80000)
 Metaspace       used 68588K, committed 70144K, reserved 1114112K
  class space    used 7228K, committed 7936K, reserved 1048576K
}
Event: 27.333 GC heap after
{Heap after GC invocations=336 (full 3):
 PSYoungGen      total 8192K, used 1016K [0x00000000d5580000, 0x00000000d6080000, 0x0000000100000000)
  eden space 7168K, 0% used [0x00000000d5580000,0x00000000d5580000,0x00000000d5c80000)
  from space 1024K, 99% used [0x00000000d5c80000,0x00000000d5d7e108,0x00000000d5d80000)
  to   space 2048K, 0% used [0x00000000d5e80000,0x00000000d5e80000,0x00000000d6080000)
 ParOldGen       total 130048K, used 129610K [0x0000000080000000, 0x0000000087f00000, 0x00000000d5580000)
  object space 130048K, 99% used [0x0000000080000000,0x0000000087e929c0,0x0000000087f00000)
 Metaspace       used 68588K, committed 70144K, reserved 1114112K
  class space    used 7228K, committed 7936K, reserved 1048576K
}

