# JRE version: OpenJDK Runtime Environment Temurin-21.0.10+7 (21.0.10+7) (build 21.0.10+7-LTS)
# Java VM: OpenJDK 64-Bit Server VM Temurin-21.0.10+7 (21.0.10+7-LTS, mixed mode, sharing, tiered, compressed oops, compressed class ptrs, parallel gc, windows-amd64)
GC Precious Log:
 CardTable entry size: 512
 CPUs: 8 total, 8 available
 Memory: 8071M
 Large Page Support: Disabled
 NUMA Support: Disabled
 Compressed Oops: Enabled (32-bit)
 Alignments: Space 512K, Generation 512K, Heap 2M
 Heap Min Capacity: 100M
 Heap Initial Capacity: 100M
 Heap Max Capacity: 2G
 Pre-touch: Disabled
 Parallel Workers: 8
Heap:
 PSYoungGen      total 8704K, used 6672K [0x00000000d5580000, 0x00000000d6900000, 0x0000000100000000)
  eden space 7168K, 71% used [0x00000000d5580000,0x00000000d5a84198,0x00000000d5c80000)
  from space 1536K, 100% used [0x00000000d5c80000,0x00000000d5e00000,0x00000000d5e00000)
  to   space 5632K, 0% used [0x00000000d6380000,0x00000000d6380000,0x00000000d6900000)
 ParOldGen       total 1057792K, used 1057572K [0x0000000080000000, 0x00000000c0900000, 0x00000000d5580000)
  object space 1057792K, 99% used [0x0000000080000000,0x00000000c08c9020,0x00000000c0900000)
 Metaspace       used 90387K, committed 92160K, reserved 1179648K
  class space    used 9415K, committed 10176K, reserved 1048576K
GC Heap History (20 events):
Event: 11552.508 GC heap before
{Heap before GC invocations=1206 (full 4):
 PSYoungGen      total 7168K, used 6941K [0x00000000d5580000, 0x00000000d5e80000, 0x0000000100000000)
  eden space 6144K, 98% used [0x00000000d5580000,0x00000000d5b6eac0,0x00000000d5b80000)
  from space 1024K, 84% used [0x00000000d5b80000,0x00000000d5c58968,0x00000000d5c80000)
  to   space 1024K, 0% used [0x00000000d5d80000,0x00000000d5d80000,0x00000000d5e80000)
 ParOldGen       total 1039360K, used 1038814K [0x0000000080000000, 0x00000000bf700000, 0x00000000d5580000)
  object space 1039360K, 99% used [0x0000000080000000,0x00000000bf6779e0,0x00000000bf700000)
 Metaspace       used 90335K, committed 92096K, reserved 1179648K
  class space    used 9415K, committed 10176K, reserved 1048576K
}
Event: 11552.512 GC heap after
{Heap after GC invocations=1206 (full 4):
 PSYoungGen      total 8192K, used 416K [0x00000000d5580000, 0x00000000d5f00000, 0x0000000100000000)
  eden space 7168K, 0% used [0x00000000d5580000,0x00000000d5580000,0x00000000d5c80000)
  from space 1024K, 40% used [0x00000000d5d80000,0x00000000d5de8000,0x00000000d5e80000)
  to   space 1024K, 0% used [0x00000000d5c80000,0x00000000d5c80000,0x00000000d5d80000)
 ParOldGen       total 1039360K, used 1039290K [0x0000000080000000, 0x00000000bf700000, 0x00000000d5580000)
  object space 1039360K, 99% used [0x0000000080000000,0x00000000bf6eebf0,0x00000000bf700000)
 Metaspace       used 90335K, committed 92096K, reserved 1179648K
  class space    used 9415K, committed 10176K, reserved 1048576K
}
Event: 11552.547 GC heap before
{Heap before GC invocations=1207 (full 4):
 PSYoungGen      total 8192K, used 7574K [0x00000000d5580000, 0x00000000d5f00000, 0x0000000100000000)
  eden space 7168K, 99% used [0x00000000d5580000,0x00000000d5c7dba8,0x00000000d5c80000)
  from space 1024K, 40% used [0x00000000d5d80000,0x00000000d5de8000,0x00000000d5e80000)
  to   space 1024K, 0% used [0x00000000d5c80000,0x00000000d5c80000,0x00000000d5d80000)
 ParOldGen       total 1039360K, used 1039290K [0x0000000080000000, 0x00000000bf700000, 0x00000000d5580000)
  object space 1039360K, 99% used [0x0000000080000000,0x00000000bf6eebf0,0x00000000bf700000)
 Metaspace       used 90339K, committed 92096K, reserved 1179648K
  class space    used 9415K, committed 10176K, reserved 1048576K
}
Event: 11552.551 GC heap after
{Heap after GC invocations=1207 (full 4):
 PSYoungGen      total 8192K, used 800K [0x00000000d5580000, 0x00000000d5e80000, 0x0000000100000000)
  eden space 7168K, 0% used [0x00000000d5580000,0x00000000d5580000,0x00000000d5c80000)
  from space 1024K, 78% used [0x00000000d5c80000,0x00000000d5d48000,0x00000000d5d80000)
  to   space 1024K, 0% used [0x00000000d5d80000,0x00000000d5d80000,0x00000000d5e80000)
 ParOldGen       total 1039872K, used 1039594K [0x0000000080000000, 0x00000000bf780000, 0x00000000d5580000)
  object space 1039872K, 99% used [0x0000000080000000,0x00000000bf73abf0,0x00000000bf780000)
 Metaspace       used 90339K, committed 92096K, reserved 1179648K
  class space    used 9415K, committed 10176K, reserved 1048576K
}
Event: 11552.577 GC heap before
{Heap before GC invocations=1208 (full 4):
 PSYoungGen      total 8192K, used 7968K [0x00000000d5580000, 0x00000000d5e80000, 0x0000000100000000)
  eden space 7168K, 100% used [0x00000000d5580000,0x00000000d5c80000,0x00000000d5c80000)
  from space 1024K, 78% used [0x00000000d5c80000,0x00000000d5d48000,0x00000000d5d80000)
  to   space 1024K, 0% used [0x00000000d5d80000,0x00000000d5d80000,0x00000000d5e80000)
 ParOldGen       total 1039872K, used 1039594K [0x0000000080000000, 0x00000000bf780000, 0x00000000d5580000)
  object space 1039872K, 99% used [0x0000000080000000,0x00000000bf73abf0,0x00000000bf780000)
 Metaspace       used 90344K, committed 92096K, reserved 1179648K
  class space    used 9415K, committed 10176K, reserved 1048576K
}
Event: 11552.586 GC heap after
{Heap after GC invocations=1208 (full 4):
 PSYoungGen      total 3584K, used 998K [0x00000000d5580000, 0x00000000d6900000, 0x0000000100000000)
  eden space 2560K, 0% used [0x00000000d5580000,0x00000000d5580000,0x00000000d5800000)
  from space 1024K, 97% used [0x00000000d5d80000,0x00000000d5e79978,0x00000000d5e80000)
  to   space 5632K, 0% used [0x00000000d5800000,0x00000000d5800000,0x00000000d5d80000)
 ParOldGen       total 1043456K, used 1043283K [0x0000000080000000, 0x00000000bfb00000, 0x00000000d5580000)
  object space 1043456K, 99% used [0x0000000080000000,0x00000000bfad4c08,0x00000000bfb00000)
 Metaspace       used 90344K, committed 92096K, reserved 1179648K
  class space    used 9415K, committed 10176K, reserved 1048576K
}
Event: 11552.609 GC heap before
{Heap before GC invocations=1209 (full 4):
 PSYoungGen      total 3584K, used 3558K [0x00000000d5580000, 0x00000000d6900000, 0x0000000100000000)
  eden space 2560K, 100% used [0x00000000d5580000,0x00000000d5800000,0x00000000d5800000)
  from space 1024K, 97% used [0x00000000d5d80000,0x00000000d5e79978,0x00000000d5e80000)
  to   space 5632K, 0% used [0x00000000d5800000,0x00000000d5800000,0x00000000d5d80000)
 ParOldGen       total 1043456K, used 1043283K [0x0000000080000000, 0x00000000bfb00000, 0x00000000d5580000)
  object space 1043456K, 99% used [0x0000000080000000,0x00000000bfad4c08,0x00000000bfb00000)
 Metaspace       used 90348K, committed 92096K, reserved 1179648K
  class space    used 9415K, committed 10176K, reserved 1048576K
}
Event: 11552.621 GC heap after
{Heap after GC invocations=1209 (full 4):
 PSYoungGen      total 5120K, used 2154K [0x00000000d5580000, 0x00000000d5e80000, 0x0000000100000000)
  eden space 2560K, 0% used [0x00000000d5580000,0x00000000d5580000,0x00000000d5800000)
  from space 2560K, 84% used [0x00000000d5800000,0x00000000d5a1a800,0x00000000d5a80000)
  to   space 3072K, 0% used [0x00000000d5b80000,0x00000000d5b80000,0x00000000d5e80000)
 ParOldGen       total 1044480K, used 1044329K [0x0000000080000000, 0x00000000bfc00000, 0x00000000d5580000)
  object space 1044480K, 99% used [0x0000000080000000,0x00000000bfbda580,0x00000000bfc00000)
 Metaspace       used 90348K, committed 92096K, reserved 1179648K
  class space    used 9415K, committed 10176K, reserved 1048576K
}
Event: 11552.650 GC heap before
{Heap before GC invocations=1210 (full 4):
 PSYoungGen      total 5120K, used 4714K [0x00000000d5580000, 0x00000000d5e80000, 0x0000000100000000)
  eden space 2560K, 100% used [0x00000000d5580000,0x00000000d5800000,0x00000000d5800000)
  from space 2560K, 84% used [0x00000000d5800000,0x00000000d5a1a800,0x00000000d5a80000)
  to   space 3072K, 0% used [0x00000000d5b80000,0x00000000d5b80000,0x00000000d5e80000)
 ParOldGen       total 1044480K, used 1044329K [0x0000000080000000, 0x00000000bfc00000, 0x00000000d5580000)
  object space 1044480K, 99% used [0x0000000080000000,0x00000000bfbda580,0x00000000bfc00000)
 Metaspace       used 90367K, committed 92160K, reserved 1179648K
  class space    used 9415K, committed 10176K, reserved 1048576K
}
Event: 11552.660 GC heap after
{Heap after GC invocations=1210 (full 4):
 PSYoungGen      total 5632K, used 2432K [0x00000000d5580000, 0x00000000d5e00000, 0x0000000100000000)
  eden space 3072K, 0% used [0x00000000d5580000,0x00000000d5580000,0x00000000d5880000)
  from space 2560K, 95% used [0x00000000d5b80000,0x00000000d5de0000,0x00000000d5e00000)
  to   space 2560K, 0% used [0x00000000d5900000,0x00000000d5900000,0x00000000d5b80000)
 ParOldGen       total 1046528K, used 1046403K [0x0000000080000000, 0x00000000bfe00000, 0x00000000d5580000)
  object space 1046528K, 99% used [0x0000000080000000,0x00000000bfde0d80,0x00000000bfe00000)
 Metaspace       used 90367K, committed 92160K, reserved 1179648K
  class space    used 9415K, committed 10176K, reserved 1048576K
}
Event: 11552.679 GC heap before
{Heap before GC invocations=1211 (full 4):
 PSYoungGen      total 5632K, used 5504K [0x00000000d5580000, 0x00000000d5e00000, 0x0000000100000000)
  eden space 3072K, 100% used [0x00000000d5580000,0x00000000d5880000,0x00000000d5880000)
  from space 2560K, 95% used [0x00000000d5b80000,0x00000000d5de0000,0x00000000d5e00000)
  to   space 2560K, 0% used [0x00000000d5900000,0x00000000d5900000,0x00000000d5b80000)
 ParOldGen       total 1046528K, used 1046403K [0x0000000080000000, 0x00000000bfe00000, 0x00000000d5580000)
  object space 1046528K, 99% used [0x0000000080000000,0x00000000bfde0d80,0x00000000bfe00000)
 Metaspace       used 90367K, committed 92160K, reserved 1179648K
  class space    used 9415K, committed 10176K, reserved 1048576K
}
Event: 11552.687 GC heap after
{Heap after GC invocations=1211 (full 4):
 PSYoungGen      total 6144K, used 2544K [0x00000000d5580000, 0x00000000d6480000, 0x0000000100000000)
  eden space 3584K, 0% used [0x00000000d5580000,0x00000000d5580000,0x00000000d5900000)
  from space 2560K, 99% used [0x00000000d5900000,0x00000000d5b7c000,0x00000000d5b80000)
  to   space 5632K, 0% used [0x00000000d5f00000,0x00000000d5f00000,0x00000000d6480000)
 ParOldGen       total 1049088K, used 1048915K [0x0000000080000000, 0x00000000c0080000, 0x00000000d5580000)
  object space 1049088K, 99% used [0x0000000080000000,0x00000000c0054d90,0x00000000c0080000)
 Metaspace       used 90367K, committed 92160K, reserved 1179648K
  class space    used 9415K, committed 10176K, reserved 1048576K
}
Event: 11552.747 GC heap before
{Heap before GC invocations=1212 (full 4):
 PSYoungGen      total 6144K, used 6128K [0x00000000d5580000, 0x00000000d6480000, 0x0000000100000000)
  eden space 3584K, 100% used [0x00000000d5580000,0x00000000d5900000,0x00000000d5900000)
  from space 2560K, 99% used [0x00000000d5900000,0x00000000d5b7c000,0x00000000d5b80000)
  to   space 5632K, 0% used [0x00000000d5f00000,0x00000000d5f00000,0x00000000d6480000)
 ParOldGen       total 1049088K, used 1048915K [0x0000000080000000, 0x00000000c0080000, 0x00000000d5580000)
  object space 1049088K, 99% used [0x0000000080000000,0x00000000c0054d90,0x00000000c0080000)
 Metaspace       used 90372K, committed 92160K, reserved 1179648K
  class space    used 9415K, committed 10176K, reserved 1048576K
}
Event: 11552.755 GC heap after
{Heap after GC invocations=1212 (full 4):
 PSYoungGen      total 7680K, used 2592K [0x00000000d5580000, 0x00000000d6200000, 0x0000000100000000)
  eden space 4608K, 0% used [0x00000000d5580000,0x00000000d5580000,0x00000000d5a00000)
  from space 3072K, 84% used [0x00000000d5f00000,0x00000000d6188000,0x00000000d6200000)
  to   space 3584K, 0% used [0x00000000d5b00000,0x00000000d5b00000,0x00000000d5e80000)
 ParOldGen       total 1051648K, used 1051171K [0x0000000080000000, 0x00000000c0300000, 0x00000000d5580000)
  object space 1051648K, 99% used [0x0000000080000000,0x00000000c0288d90,0x00000000c0300000)
 Metaspace       used 90372K, committed 92160K, reserved 1179648K
  class space    used 9415K, committed 10176K, reserved 1048576K
}
Event: 11552.772 GC heap before
{Heap before GC invocations=1213 (full 4):
 PSYoungGen      total 7680K, used 7200K [0x00000000d5580000, 0x00000000d6200000, 0x0000000100000000)
  eden space 4608K, 100% used [0x00000000d5580000,0x00000000d5a00000,0x00000000d5a00000)
  from space 3072K, 84% used [0x00000000d5f00000,0x00000000d6188000,0x00000000d6200000)
  to   space 3584K, 0% used [0x00000000d5b00000,0x00000000d5b00000,0x00000000d5e80000)
 ParOldGen       total 1051648K, used 1051171K [0x0000000080000000, 0x00000000c0300000, 0x00000000d5580000)
  object space 1051648K, 99% used [0x0000000080000000,0x00000000c0288d90,0x00000000c0300000)
 Metaspace       used 90379K, committed 92160K, reserved 1179648K
  class space    used 9415K, committed 10176K, reserved 1048576K
}
Event: 11552.779 GC heap after
{Heap after GC invocations=1213 (full 4):
 PSYoungGen      total 6656K, used 538K [0x00000000d5580000, 0x00000000d5f80000, 0x0000000100000000)
  eden space 5632K, 0% used [0x00000000d5580000,0x00000000d5580000,0x00000000d5b00000)
  from space 1024K, 52% used [0x00000000d5b00000,0x00000000d5b86900,0x00000000d5c00000)
  to   space 1536K, 0% used [0x00000000d5e00000,0x00000000d5e00000,0x00000000d5f80000)
 ParOldGen       total 1053696K, used 1053683K [0x0000000080000000, 0x00000000c0500000, 0x00000000d5580000)
  object space 1053696K, 99% used [0x0000000080000000,0x00000000c04fcd90,0x00000000c0500000)
 Metaspace       used 90379K, committed 92160K, reserved 1179648K
  class space    used 9415K, committed 10176K, reserved 1048576K
}
Event: 11552.793 GC heap before
{Heap before GC invocations=1214 (full 4):
 PSYoungGen      total 6656K, used 6170K [0x00000000d5580000, 0x00000000d5f80000, 0x0000000100000000)
  eden space 5632K, 100% used [0x00000000d5580000,0x00000000d5b00000,0x00000000d5b00000)
  from space 1024K, 52% used [0x00000000d5b00000,0x00000000d5b86900,0x00000000d5c00000)
  to   space 1536K, 0% used [0x00000000d5e00000,0x00000000d5e00000,0x00000000d5f80000)
 ParOldGen       total 1053696K, used 1053683K [0x0000000080000000, 0x00000000c0500000, 0x00000000d5580000)
  object space 1053696K, 99% used [0x0000000080000000,0x00000000c04fcd90,0x00000000c0500000)
 Metaspace       used 90379K, committed 92160K, reserved 1179648K
  class space    used 9415K, committed 10176K, reserved 1048576K
}
Event: 11552.797 GC heap after
{Heap after GC invocations=1214 (full 4):
 PSYoungGen      total 8704K, used 1260K [0x00000000d5580000, 0x00000000d5f80000, 0x0000000100000000)
  eden space 7168K, 0% used [0x00000000d5580000,0x00000000d5580000,0x00000000d5c80000)
  from space 1536K, 82% used [0x00000000d5e00000,0x00000000d5f3b090,0x00000000d5f80000)
  to   space 1536K, 0% used [0x00000000d5c80000,0x00000000d5c80000,0x00000000d5e00000)
 ParOldGen       total 1054208K, used 1054151K [0x0000000080000000, 0x00000000c0580000, 0x00000000d5580000)
  object space 1054208K, 99% used [0x0000000080000000,0x00000000c0571f90,0x00000000c0580000)
 Metaspace       used 90379K, committed 92160K, reserved 1179648K
  class space    used 9415K, committed 10176K, reserved 1048576K
}
Event: 11552.810 GC heap before
{Heap before GC invocations=1215 (full 4):
 PSYoungGen      total 8704K, used 8428K [0x00000000d5580000, 0x00000000d5f80000, 0x0000000100000000)
  eden space 7168K, 100% used [0x00000000d5580000,0x00000000d5c80000,0x00000000d5c80000)
  from space 1536K, 82% used [0x00000000d5e00000,0x00000000d5f3b090,0x00000000d5f80000)
  to   space 1536K, 0% used [0x00000000d5c80000,0x00000000d5c80000,0x00000000d5e00000)
 ParOldGen       total 1054208K, used 1054151K [0x0000000080000000, 0x00000000c0580000, 0x00000000d5580000)
  object space 1054208K, 99% used [0x0000000080000000,0x00000000c0571f90,0x00000000c0580000)
 Metaspace       used 90379K, committed 92160K, reserved 1179648K
  class space    used 9415K, committed 10176K, reserved 1048576K
}
Event: 11552.816 GC heap after
{Heap after GC invocations=1215 (full 4):
 PSYoungGen      total 8704K, used 1536K [0x00000000d5580000, 0x00000000d6900000, 0x0000000100000000)
  eden space 7168K, 0% used [0x00000000d5580000,0x00000000d5580000,0x00000000d5c80000)
  from space 1536K, 100% used [0x00000000d5c80000,0x00000000d5e00000,0x00000000d5e00000)
  to   space 5632K, 0% used [0x00000000d6380000,0x00000000d6380000,0x00000000d6900000)
 ParOldGen       total 1057792K, used 1057572K [0x0000000080000000, 0x00000000c0900000, 0x00000000d5580000)
  object space 1057792K, 99% used [0x0000000080000000,0x00000000c08c9020,0x00000000c0900000)
 Metaspace       used 90379K, committed 92160K, reserved 1179648K
  class space    used 9415K, committed 10176K, reserved 1048576K
}

