# JRE version: OpenJDK Runtime Environment Temurin-21.0.10+7 (21.0.10+7) (build 21.0.10+7-LTS)
# Java VM: OpenJDK 64-Bit Server VM Temurin-21.0.10+7 (21.0.10+7-LTS, mixed mode, sharing, tiered, compressed oops, compressed class ptrs, parallel gc, windows-amd64)
GC Precious Log:
 CardTable entry size: 512
 CPUs: 8 total, 8 available
 Memory: 8071M
 Large Page Support: Disabled
 NUMA Support: Disabled
 Compressed Oops: Enabled (32-bit)
 Alignments: Space 512K, Generation 512K, Heap 2M
 Heap Min Capacity: 100M
 Heap Initial Capacity: 100M
 Heap Max Capacity: 2G
 Pre-touch: Disabled
 Parallel Workers: 8
Heap:
 PSYoungGen      total 1536K, used 618K [0x00000000d5580000, 0x00000000d5800000, 0x0000000100000000)
  eden space 1024K, 19% used [0x00000000d5580000,0x00000000d55b2960,0x00000000d5680000)
  from space 512K, 81% used [0x00000000d5780000,0x00000000d57e8000,0x00000000d5800000)
  to   space 512K, 0% used [0x00000000d5680000,0x00000000d5680000,0x00000000d5700000)
 ParOldGen       total 406016K, used 405577K [0x0000000080000000, 0x0000000098c80000, 0x00000000d5580000)
  object space 406016K, 99% used [0x0000000080000000,0x0000000098c124c8,0x0000000098c80000)
 Metaspace       used 76328K, committed 78080K, reserved 1179648K
  class space    used 7836K, committed 8576K, reserved 1048576K
GC Heap History (20 events):
Event: 102.926 GC heap before
{Heap before GC invocations=658 (full 3):
 PSYoungGen      total 1536K, used 1535K [0x00000000d5580000, 0x00000000d5c80000, 0x0000000100000000)
  eden space 1024K, 99% used [0x00000000d5580000,0x00000000d567ffc0,0x00000000d5680000)
  from space 512K, 100% used [0x00000000d5900000,0x00000000d5980000,0x00000000d5980000)
  to   space 2560K, 0% used [0x00000000d5680000,0x00000000d5680000,0x00000000d5900000)
 ParOldGen       total 402432K, used 402397K [0x0000000080000000, 0x0000000098900000, 0x00000000d5580000)
  object space 402432K, 99% used [0x0000000080000000,0x00000000988f7630,0x0000000098900000)
 Metaspace       used 75983K, committed 77760K, reserved 1179648K
  class space    used 7808K, committed 8576K, reserved 1048576K
}
Event: 102.930 GC heap after
{Heap after GC invocations=658 (full 3):
 PSYoungGen      total 1536K, used 448K [0x00000000d5580000, 0x00000000d5980000, 0x0000000100000000)
  eden space 1024K, 0% used [0x00000000d5580000,0x00000000d5580000,0x00000000d5680000)
  from space 512K, 87% used [0x00000000d5680000,0x00000000d56f0000,0x00000000d5700000)
  to   space 1024K, 0% used [0x00000000d5880000,0x00000000d5880000,0x00000000d5980000)
 ParOldGen       total 402944K, used 402861K [0x0000000080000000, 0x0000000098980000, 0x00000000d5580000)
  object space 402944K, 99% used [0x0000000080000000,0x000000009896b630,0x0000000098980000)
 Metaspace       used 75983K, committed 77760K, reserved 1179648K
  class space    used 7808K, committed 8576K, reserved 1048576K
}
Event: 103.106 GC heap before
{Heap before GC invocations=659 (full 3):
 PSYoungGen      total 1536K, used 1454K [0x00000000d5580000, 0x00000000d5980000, 0x0000000100000000)
  eden space 1024K, 98% used [0x00000000d5580000,0x00000000d567bb40,0x00000000d5680000)
  from space 512K, 87% used [0x00000000d5680000,0x00000000d56f0000,0x00000000d5700000)
  to   space 1024K, 0% used [0x00000000d5880000,0x00000000d5880000,0x00000000d5980000)
 ParOldGen       total 402944K, used 402861K [0x0000000080000000, 0x0000000098980000, 0x00000000d5580000)
  object space 402944K, 99% used [0x0000000080000000,0x000000009896b630,0x0000000098980000)
 Metaspace       used 75983K, committed 77760K, reserved 1179648K
  class space    used 7808K, committed 8576K, reserved 1048576K
}
Event: 103.110 GC heap after
{Heap after GC invocations=659 (full 3):
 PSYoungGen      total 1536K, used 288K [0x00000000d5580000, 0x00000000d5900000, 0x0000000100000000)
  eden space 1024K, 0% used [0x00000000d5580000,0x00000000d5580000,0x00000000d5680000)
  from space 512K, 56% used [0x00000000d5880000,0x00000000d58c8000,0x00000000d5900000)
  to   space 512K, 0% used [0x00000000d5680000,0x00000000d5680000,0x00000000d5700000)
 ParOldGen       total 403456K, used 403149K [0x0000000080000000, 0x0000000098a00000, 0x00000000d5580000)
  object space 403456K, 99% used [0x0000000080000000,0x00000000989b3630,0x0000000098a00000)
 Metaspace       used 75983K, committed 77760K, reserved 1179648K
  class space    used 7808K, committed 8576K, reserved 1048576K
}
Event: 103.692 GC heap before
{Heap before GC invocations=660 (full 3):
 PSYoungGen      total 1536K, used 1312K [0x00000000d5580000, 0x00000000d5900000, 0x0000000100000000)
  eden space 1024K, 100% used [0x00000000d5580000,0x00000000d5680000,0x00000000d5680000)
  from space 512K, 56% used [0x00000000d5880000,0x00000000d58c8000,0x00000000d5900000)
  to   space 512K, 0% used [0x00000000d5680000,0x00000000d5680000,0x00000000d5700000)
 ParOldGen       total 403456K, used 403149K [0x0000000080000000, 0x0000000098a00000, 0x00000000d5580000)
  object space 403456K, 99% used [0x0000000080000000,0x00000000989b3630,0x0000000098a00000)
 Metaspace       used 76025K, committed 77760K, reserved 1179648K
  class space    used 7808K, committed 8576K, reserved 1048576K
}
Event: 103.701 GC heap after
{Heap after GC invocations=660 (full 3):
 PSYoungGen      total 1536K, used 487K [0x00000000d5580000, 0x00000000d5900000, 0x0000000100000000)
  eden space 1024K, 0% used [0x00000000d5580000,0x00000000d5580000,0x00000000d5680000)
  from space 512K, 95% used [0x00000000d5680000,0x00000000d56f9e00,0x00000000d5700000)
  to   space 1024K, 0% used [0x00000000d5800000,0x00000000d5800000,0x00000000d5900000)
 ParOldGen       total 403456K, used 403437K [0x0000000080000000, 0x0000000098a00000, 0x00000000d5580000)
  object space 403456K, 99% used [0x0000000080000000,0x00000000989fb640,0x0000000098a00000)
 Metaspace       used 76025K, committed 77760K, reserved 1179648K
  class space    used 7808K, committed 8576K, reserved 1048576K
}
Event: 104.177 GC heap before
{Heap before GC invocations=661 (full 3):
 PSYoungGen      total 1536K, used 1510K [0x00000000d5580000, 0x00000000d5900000, 0x0000000100000000)
  eden space 1024K, 99% used [0x00000000d5580000,0x00000000d567fd70,0x00000000d5680000)
  from space 512K, 95% used [0x00000000d5680000,0x00000000d56f9e00,0x00000000d5700000)
  to   space 1024K, 0% used [0x00000000d5800000,0x00000000d5800000,0x00000000d5900000)
 ParOldGen       total 403456K, used 403437K [0x0000000080000000, 0x0000000098a00000, 0x00000000d5580000)
  object space 403456K, 99% used [0x0000000080000000,0x00000000989fb640,0x0000000098a00000)
 Metaspace       used 76176K, committed 77888K, reserved 1179648K
  class space    used 7818K, committed 8576K, reserved 1048576K
}
Event: 104.180 GC heap after
{Heap after GC invocations=661 (full 3):
 PSYoungGen      total 1536K, used 320K [0x00000000d5580000, 0x00000000d5880000, 0x0000000100000000)
  eden space 1024K, 0% used [0x00000000d5580000,0x00000000d5580000,0x00000000d5680000)
  from space 512K, 62% used [0x00000000d5800000,0x00000000d5850000,0x00000000d5880000)
  to   space 512K, 0% used [0x00000000d5680000,0x00000000d5680000,0x00000000d5700000)
 ParOldGen       total 403968K, used 403789K [0x0000000080000000, 0x0000000098a80000, 0x00000000d5580000)
  object space 403968K, 99% used [0x0000000080000000,0x0000000098a534c0,0x0000000098a80000)
 Metaspace       used 76176K, committed 77888K, reserved 1179648K
  class space    used 7818K, committed 8576K, reserved 1048576K
}
Event: 104.335 GC heap before
{Heap before GC invocations=662 (full 3):
 PSYoungGen      total 1536K, used 1344K [0x00000000d5580000, 0x00000000d5880000, 0x0000000100000000)
  eden space 1024K, 100% used [0x00000000d5580000,0x00000000d5680000,0x00000000d5680000)
  from space 512K, 62% used [0x00000000d5800000,0x00000000d5850000,0x00000000d5880000)
  to   space 512K, 0% used [0x00000000d5680000,0x00000000d5680000,0x00000000d5700000)
 ParOldGen       total 403968K, used 403789K [0x0000000080000000, 0x0000000098a80000, 0x00000000d5580000)
  object space 403968K, 99% used [0x0000000080000000,0x0000000098a534c0,0x0000000098a80000)
 Metaspace       used 76229K, committed 77952K, reserved 1179648K
  class space    used 7823K, committed 8576K, reserved 1048576K
}
Event: 104.338 GC heap after
{Heap after GC invocations=662 (full 3):
 PSYoungGen      total 1536K, used 432K [0x00000000d5580000, 0x00000000d5880000, 0x0000000100000000)
  eden space 1024K, 0% used [0x00000000d5580000,0x00000000d5580000,0x00000000d5680000)
  from space 512K, 84% used [0x00000000d5680000,0x00000000d56ec010,0x00000000d5700000)
  to   space 512K, 0% used [0x00000000d5800000,0x00000000d5800000,0x00000000d5880000)
 ParOldGen       total 403968K, used 403941K [0x0000000080000000, 0x0000000098a80000, 0x00000000d5580000)
  object space 403968K, 99% used [0x0000000080000000,0x0000000098a794c0,0x0000000098a80000)
 Metaspace       used 76229K, committed 77952K, reserved 1179648K
  class space    used 7823K, committed 8576K, reserved 1048576K
}
Event: 104.406 GC heap before
{Heap before GC invocations=663 (full 3):
 PSYoungGen      total 1536K, used 1456K [0x00000000d5580000, 0x00000000d5880000, 0x0000000100000000)
  eden space 1024K, 100% used [0x00000000d5580000,0x00000000d5680000,0x00000000d5680000)
  from space 512K, 84% used [0x00000000d5680000,0x00000000d56ec010,0x00000000d5700000)
  to   space 512K, 0% used [0x00000000d5800000,0x00000000d5800000,0x00000000d5880000)
 ParOldGen       total 403968K, used 403941K [0x0000000080000000, 0x0000000098a80000, 0x00000000d5580000)
  object space 403968K, 99% used [0x0000000080000000,0x0000000098a794c0,0x0000000098a80000)
 Metaspace       used 76234K, committed 77952K, reserved 1179648K
  class space    used 7824K, committed 8576K, reserved 1048576K
}
Event: 104.408 GC heap after
{Heap after GC invocations=663 (full 3):
 PSYoungGen      total 1536K, used 512K [0x00000000d5580000, 0x00000000d5980000, 0x0000000100000000)
  eden space 1024K, 0% used [0x00000000d5580000,0x00000000d5580000,0x00000000d5680000)
  from space 512K, 100% used [0x00000000d5800000,0x00000000d5880000,0x00000000d5880000)
  to   space 1536K, 0% used [0x00000000d5680000,0x00000000d5680000,0x00000000d5800000)
 ParOldGen       total 404992K, used 404544K [0x0000000080000000, 0x0000000098b80000, 0x00000000d5580000)
  object space 404992K, 99% used [0x0000000080000000,0x0000000098b10288,0x0000000098b80000)
 Metaspace       used 76234K, committed 77952K, reserved 1179648K
  class space    used 7824K, committed 8576K, reserved 1048576K
}
Event: 104.525 GC heap before
{Heap before GC invocations=664 (full 3):
 PSYoungGen      total 1536K, used 1536K [0x00000000d5580000, 0x00000000d5980000, 0x0000000100000000)
  eden space 1024K, 100% used [0x00000000d5580000,0x00000000d5680000,0x00000000d5680000)
  from space 512K, 100% used [0x00000000d5800000,0x00000000d5880000,0x00000000d5880000)
  to   space 1536K, 0% used [0x00000000d5680000,0x00000000d5680000,0x00000000d5800000)
 ParOldGen       total 404992K, used 404544K [0x0000000080000000, 0x0000000098b80000, 0x00000000d5580000)
  object space 404992K, 99% used [0x0000000080000000,0x0000000098b10288,0x0000000098b80000)
 Metaspace       used 76307K, committed 78016K, reserved 1179648K
  class space    used 7834K, committed 8576K, reserved 1048576K
}
Event: 104.529 GC heap after
{Heap after GC invocations=664 (full 3):
 PSYoungGen      total 1536K, used 384K [0x00000000d5580000, 0x00000000d5880000, 0x0000000100000000)
  eden space 1024K, 0% used [0x00000000d5580000,0x00000000d5580000,0x00000000d5680000)
  from space 512K, 75% used [0x00000000d5680000,0x00000000d56e0390,0x00000000d5700000)
  to   space 1024K, 0% used [0x00000000d5780000,0x00000000d5780000,0x00000000d5880000)
 ParOldGen       total 405504K, used 405080K [0x0000000080000000, 0x0000000098c00000, 0x00000000d5580000)
  object space 405504K, 99% used [0x0000000080000000,0x0000000098b96288,0x0000000098c00000)
 Metaspace       used 76307K, committed 78016K, reserved 1179648K
  class space    used 7834K, committed 8576K, reserved 1048576K
}
Event: 104.604 GC heap before
{Heap before GC invocations=665 (full 3):
 PSYoungGen      total 1536K, used 1408K [0x00000000d5580000, 0x00000000d5880000, 0x0000000100000000)
  eden space 1024K, 100% used [0x00000000d5580000,0x00000000d5680000,0x00000000d5680000)
  from space 512K, 75% used [0x00000000d5680000,0x00000000d56e0390,0x00000000d5700000)
  to   space 1024K, 0% used [0x00000000d5780000,0x00000000d5780000,0x00000000d5880000)
 ParOldGen       total 405504K, used 405080K [0x0000000080000000, 0x0000000098c00000, 0x00000000d5580000)
  object space 405504K, 99% used [0x0000000080000000,0x0000000098b96288,0x0000000098c00000)
 Metaspace       used 76312K, committed 78016K, reserved 1179648K
  class space    used 7836K, committed 8576K, reserved 1048576K
}
Event: 104.607 GC heap after
{Heap after GC invocations=665 (full 3):
 PSYoungGen      total 1536K, used 282K [0x00000000d5580000, 0x00000000d5800000, 0x0000000100000000)
  eden space 1024K, 0% used [0x00000000d5580000,0x00000000d5580000,0x00000000d5680000)
  from space 512K, 55% used [0x00000000d5780000,0x00000000d57c6900,0x00000000d5800000)
  to   space 512K, 0% used [0x00000000d5680000,0x00000000d5680000,0x00000000d5700000)
 ParOldGen       total 405504K, used 405244K [0x0000000080000000, 0x0000000098c00000, 0x00000000d5580000)
  object space 405504K, 99% used [0x0000000080000000,0x0000000098bbf298,0x0000000098c00000)
 Metaspace       used 76312K, committed 78016K, reserved 1179648K
  class space    used 7836K, committed 8576K, reserved 1048576K
}
Event: 104.824 GC heap before
{Heap before GC invocations=666 (full 3):
 PSYoungGen      total 1536K, used 1306K [0x00000000d5580000, 0x00000000d5800000, 0x0000000100000000)
  eden space 1024K, 100% used [0x00000000d5580000,0x00000000d5680000,0x00000000d5680000)
  from space 512K, 55% used [0x00000000d5780000,0x00000000d57c6900,0x00000000d5800000)
  to   space 512K, 0% used [0x00000000d5680000,0x00000000d5680000,0x00000000d5700000)
 ParOldGen       total 405504K, used 405244K [0x0000000080000000, 0x0000000098c00000, 0x00000000d5580000)
  object space 405504K, 99% used [0x0000000080000000,0x0000000098bbf298,0x0000000098c00000)
 Metaspace       used 76314K, committed 78016K, reserved 1179648K
  class space    used 7836K, committed 8576K, reserved 1048576K
}
Event: 104.837 GC heap after
{Heap after GC invocations=666 (full 3):
 PSYoungGen      total 1536K, used 368K [0x00000000d5580000, 0x00000000d5800000, 0x0000000100000000)
  eden space 1024K, 0% used [0x00000000d5580000,0x00000000d5580000,0x00000000d5680000)
  from space 512K, 71% used [0x00000000d5680000,0x00000000d56dc010,0x00000000d5700000)
  to   space 512K, 0% used [0x00000000d5780000,0x00000000d5780000,0x00000000d5800000)
 ParOldGen       total 405504K, used 405369K [0x0000000080000000, 0x0000000098c00000, 0x00000000d5580000)
  object space 405504K, 99% used [0x0000000080000000,0x0000000098bde498,0x0000000098c00000)
 Metaspace       used 76314K, committed 78016K, reserved 1179648K
  class space    used 7836K, committed 8576K, reserved 1048576K
}
Event: 104.887 GC heap before
{Heap before GC invocations=667 (full 3):
 PSYoungGen      total 1536K, used 1392K [0x00000000d5580000, 0x00000000d5800000, 0x0000000100000000)
  eden space 1024K, 100% used [0x00000000d5580000,0x00000000d5680000,0x00000000d5680000)
  from space 512K, 71% used [0x00000000d5680000,0x00000000d56dc010,0x00000000d5700000)
  to   space 512K, 0% used [0x00000000d5780000,0x00000000d5780000,0x00000000d5800000)
 ParOldGen       total 405504K, used 405369K [0x0000000080000000, 0x0000000098c00000, 0x00000000d5580000)
  object space 405504K, 99% used [0x0000000080000000,0x0000000098bde498,0x0000000098c00000)
 Metaspace       used 76325K, committed 78080K, reserved 1179648K
  class space    used 7836K, committed 8576K, reserved 1048576K
}
Event: 104.888 GC heap after
{Heap after GC invocations=667 (full 3):
 PSYoungGen      total 1536K, used 416K [0x00000000d5580000, 0x00000000d5800000, 0x0000000100000000)
  eden space 1024K, 0% used [0x00000000d5580000,0x00000000d5580000,0x00000000d5680000)
  from space 512K, 81% used [0x00000000d5780000,0x00000000d57e8000,0x00000000d5800000)
  to   space 512K, 0% used [0x00000000d5680000,0x00000000d5680000,0x00000000d5700000)
 ParOldGen       total 406016K, used 405577K [0x0000000080000000, 0x0000000098c80000, 0x00000000d5580000)
  object space 406016K, 99% used [0x0000000080000000,0x0000000098c124c8,0x0000000098c80000)
 Metaspace       used 76325K, committed 78080K, reserved 1179648K
  class space    used 7836K, committed 8576K, reserved 1048576K
}

