# JRE version: OpenJDK Runtime Environment Temurin-21.0.10+7 (21.0.10+7) (build 21.0.10+7-LTS)
# Java VM: OpenJDK 64-Bit Server VM Temurin-21.0.10+7 (21.0.10+7-LTS, mixed mode, sharing, tiered, compressed oops, compressed class ptrs, parallel gc, windows-amd64)
GC Precious Log:
 CardTable entry size: 512
 CPUs: 8 total, 8 available
 Memory: 8071M
 Large Page Support: Disabled
 NUMA Support: Disabled
 Compressed Oops: Enabled (32-bit)
 Alignments: Space 512K, Generation 512K, Heap 2M
 Heap Min Capacity: 100M
 Heap Initial Capacity: 100M
 Heap Max Capacity: 2G
 Pre-touch: Disabled
 Parallel Workers: 8
Heap:
 PSYoungGen      total 10752K, used 10092K [0x00000000d5580000, 0x00000000d6380000, 0x0000000100000000)
  eden space 9728K, 95% used [0x00000000d5580000,0x00000000d5e933c8,0x00000000d5f00000)
  from space 1024K, 78% used [0x00000000d6280000,0x00000000d6348000,0x00000000d6380000)
  to   space 1024K, 0% used [0x00000000d6180000,0x00000000d6180000,0x00000000d6280000)
 ParOldGen       total 76800K, used 72148K [0x0000000080000000, 0x0000000084b00000, 0x00000000d5580000)
  object space 76800K, 93% used [0x0000000080000000,0x00000000846753b0,0x0000000084b00000)
 Metaspace       used 60319K, committed 61760K, reserved 1114112K
  class space    used 6400K, committed 7040K, reserved 1048576K
GC Heap History (20 events):
Event: 32.636 GC heap before
{Heap before GC invocations=58 (full 2):
 PSYoungGen      total 12800K, used 8477K [0x00000000d5580000, 0x00000000d6680000, 0x0000000100000000)
  eden space 9728K, 82% used [0x00000000d5580000,0x00000000d5d5f7c0,0x00000000d5f00000)
  from space 3072K, 13% used [0x00000000d6100000,0x00000000d6168000,0x00000000d6400000)
  to   space 1024K, 0% used [0x00000000d6580000,0x00000000d6580000,0x00000000d6680000)
 ParOldGen       total 76800K, used 76435K [0x0000000080000000, 0x0000000084b00000, 0x00000000d5580000)
  object space 76800K, 99% used [0x0000000080000000,0x0000000084aa4fb0,0x0000000084b00000)
 Metaspace       used 58407K, committed 59776K, reserved 1114112K
  class space    used 6252K, committed 6912K, reserved 1048576K
}
Event: 32.645 GC heap after
{Heap after GC invocations=58 (full 2):
 PSYoungGen      total 10752K, used 1024K [0x00000000d5580000, 0x00000000d6680000, 0x0000000100000000)
  eden space 9728K, 0% used [0x00000000d5580000,0x00000000d5580000,0x00000000d5f00000)
  from space 1024K, 100% used [0x00000000d6580000,0x00000000d6680000,0x00000000d6680000)
  to   space 1536K, 0% used [0x00000000d6380000,0x00000000d6380000,0x00000000d6500000)
 ParOldGen       total 76800K, used 76699K [0x0000000080000000, 0x0000000084b00000, 0x00000000d5580000)
  object space 76800K, 99% used [0x0000000080000000,0x0000000084ae6fb0,0x0000000084b00000)
 Metaspace       used 58407K, committed 59776K, reserved 1114112K
  class space    used 6252K, committed 6912K, reserved 1048576K
}
Event: 32.645 GC heap before
{Heap before GC invocations=59 (full 3):
 PSYoungGen      total 10752K, used 1024K [0x00000000d5580000, 0x00000000d6680000, 0x0000000100000000)
  eden space 9728K, 0% used [0x00000000d5580000,0x00000000d5580000,0x00000000d5f00000)
  from space 1024K, 100% used [0x00000000d6580000,0x00000000d6680000,0x00000000d6680000)
  to   space 1536K, 0% used [0x00000000d6380000,0x00000000d6380000,0x00000000d6500000)
 ParOldGen       total 76800K, used 76699K [0x0000000080000000, 0x0000000084b00000, 0x00000000d5580000)
  object space 76800K, 99% used [0x0000000080000000,0x0000000084ae6fb0,0x0000000084b00000)
 Metaspace       used 58407K, committed 59776K, reserved 1114112K
  class space    used 6252K, committed 6912K, reserved 1048576K
}
Event: 32.812 GC heap after
{Heap after GC invocations=59 (full 3):
 PSYoungGen      total 10752K, used 0K [0x00000000d5580000, 0x00000000d6680000, 0x0000000100000000)
  eden space 9728K, 0% used [0x00000000d5580000,0x00000000d5580000,0x00000000d5f00000)
  from space 1024K, 0% used [0x00000000d6580000,0x00000000d6580000,0x00000000d6680000)
  to   space 1536K, 0% used [0x00000000d6380000,0x00000000d6380000,0x00000000d6500000)
 ParOldGen       total 76800K, used 60378K [0x0000000080000000, 0x0000000084b00000, 0x00000000d5580000)
  object space 76800K, 78% used [0x0000000080000000,0x0000000083af6948,0x0000000084b00000)
 Metaspace       used 58407K, committed 59776K, reserved 1114112K
  class space    used 6252K, committed 6912K, reserved 1048576K
}
Event: 33.443 GC heap before
{Heap before GC invocations=60 (full 3):
 PSYoungGen      total 10752K, used 9728K [0x00000000d5580000, 0x00000000d6680000, 0x0000000100000000)
  eden space 9728K, 100% used [0x00000000d5580000,0x00000000d5f00000,0x00000000d5f00000)
  from space 1024K, 0% used [0x00000000d6580000,0x00000000d6580000,0x00000000d6680000)
  to   space 1536K, 0% used [0x00000000d6380000,0x00000000d6380000,0x00000000d6500000)
 ParOldGen       total 76800K, used 60378K [0x0000000080000000, 0x0000000084b00000, 0x00000000d5580000)
  object space 76800K, 78% used [0x0000000080000000,0x0000000083af6948,0x0000000084b00000)
 Metaspace       used 59072K, committed 60480K, reserved 1114112K
  class space    used 6322K, committed 6976K, reserved 1048576K
}
Event: 33.461 GC heap after
{Heap after GC invocations=60 (full 3):
 PSYoungGen      total 11264K, used 1529K [0x00000000d5580000, 0x00000000d6600000, 0x0000000100000000)
  eden space 9728K, 0% used [0x00000000d5580000,0x00000000d5580000,0x00000000d5f00000)
  from space 1536K, 99% used [0x00000000d6380000,0x00000000d64fe4f0,0x00000000d6500000)
  to   space 1024K, 0% used [0x00000000d6500000,0x00000000d6500000,0x00000000d6600000)
 ParOldGen       total 76800K, used 60783K [0x0000000080000000, 0x0000000084b00000, 0x00000000d5580000)
  object space 76800K, 79% used [0x0000000080000000,0x0000000083b5be18,0x0000000084b00000)
 Metaspace       used 59072K, committed 60480K, reserved 1114112K
  class space    used 6322K, committed 6976K, reserved 1048576K
}
Event: 34.229 GC heap before
{Heap before GC invocations=61 (full 3):
 PSYoungGen      total 11264K, used 11257K [0x00000000d5580000, 0x00000000d6600000, 0x0000000100000000)
  eden space 9728K, 100% used [0x00000000d5580000,0x00000000d5f00000,0x00000000d5f00000)
  from space 1536K, 99% used [0x00000000d6380000,0x00000000d64fe4f0,0x00000000d6500000)
  to   space 1024K, 0% used [0x00000000d6500000,0x00000000d6500000,0x00000000d6600000)
 ParOldGen       total 76800K, used 60783K [0x0000000080000000, 0x0000000084b00000, 0x00000000d5580000)
  object space 76800K, 79% used [0x0000000080000000,0x0000000083b5be18,0x0000000084b00000)
 Metaspace       used 59584K, committed 60928K, reserved 1114112K
  class space    used 6354K, committed 6976K, reserved 1048576K
}
Event: 34.237 GC heap after
{Heap after GC invocations=61 (full 3):
 PSYoungGen      total 10752K, used 1024K [0x00000000d5580000, 0x00000000d6600000, 0x0000000100000000)
  eden space 9728K, 0% used [0x00000000d5580000,0x00000000d5580000,0x00000000d5f00000)
  from space 1024K, 100% used [0x00000000d6500000,0x00000000d6600000,0x00000000d6600000)
  to   space 2560K, 0% used [0x00000000d6100000,0x00000000d6100000,0x00000000d6380000)
 ParOldGen       total 76800K, used 61792K [0x0000000080000000, 0x0000000084b00000, 0x00000000d5580000)
  object space 76800K, 80% used [0x0000000080000000,0x0000000083c582f8,0x0000000084b00000)
 Metaspace       used 59584K, committed 60928K, reserved 1114112K
  class space    used 6354K, committed 6976K, reserved 1048576K
}
Event: 34.829 GC heap before
{Heap before GC invocations=62 (full 3):
 PSYoungGen      total 10752K, used 10752K [0x00000000d5580000, 0x00000000d6600000, 0x0000000100000000)
  eden space 9728K, 100% used [0x00000000d5580000,0x00000000d5f00000,0x00000000d5f00000)
  from space 1024K, 100% used [0x00000000d6500000,0x00000000d6600000,0x00000000d6600000)
  to   space 2560K, 0% used [0x00000000d6100000,0x00000000d6100000,0x00000000d6380000)
 ParOldGen       total 76800K, used 61792K [0x0000000080000000, 0x0000000084b00000, 0x00000000d5580000)
  object space 76800K, 80% used [0x0000000080000000,0x0000000083c582f8,0x0000000084b00000)
 Metaspace       used 59619K, committed 60928K, reserved 1114112K
  class space    used 6354K, committed 6976K, reserved 1048576K
}
Event: 34.832 GC heap after
{Heap after GC invocations=62 (full 3):
 PSYoungGen      total 12288K, used 1408K [0x00000000d5580000, 0x00000000d6580000, 0x0000000100000000)
  eden space 9728K, 0% used [0x00000000d5580000,0x00000000d5580000,0x00000000d5f00000)
  from space 2560K, 55% used [0x00000000d6100000,0x00000000d6260000,0x00000000d6380000)
  to   space 2048K, 0% used [0x00000000d6380000,0x00000000d6380000,0x00000000d6580000)
 ParOldGen       total 76800K, used 62602K [0x0000000080000000, 0x0000000084b00000, 0x00000000d5580000)
  object space 76800K, 81% used [0x0000000080000000,0x0000000083d22850,0x0000000084b00000)
 Metaspace       used 59619K, committed 60928K, reserved 1114112K
  class space    used 6354K, committed 6976K, reserved 1048576K
}
Event: 37.119 GC heap before
{Heap before GC invocations=63 (full 3):
 PSYoungGen      total 12288K, used 11136K [0x00000000d5580000, 0x00000000d6580000, 0x0000000100000000)
  eden space 9728K, 100% used [0x00000000d5580000,0x00000000d5f00000,0x00000000d5f00000)
  from space 2560K, 55% used [0x00000000d6100000,0x00000000d6260000,0x00000000d6380000)
  to   space 2048K, 0% used [0x00000000d6380000,0x00000000d6380000,0x00000000d6580000)
 ParOldGen       total 76800K, used 62602K [0x0000000080000000, 0x0000000084b00000, 0x00000000d5580000)
  object space 76800K, 81% used [0x0000000080000000,0x0000000083d22850,0x0000000084b00000)
 Metaspace       used 59695K, committed 61056K, reserved 1114112K
  class space    used 6355K, committed 6976K, reserved 1048576K
}
Event: 37.122 GC heap after
{Heap after GC invocations=63 (full 3):
 PSYoungGen      total 11264K, used 1120K [0x00000000d5580000, 0x00000000d6500000, 0x0000000100000000)
  eden space 9728K, 0% used [0x00000000d5580000,0x00000000d5580000,0x00000000d5f00000)
  from space 1536K, 72% used [0x00000000d6380000,0x00000000d6498000,0x00000000d6500000)
  to   space 1536K, 0% used [0x00000000d6200000,0x00000000d6200000,0x00000000d6380000)
 ParOldGen       total 76800K, used 63738K [0x0000000080000000, 0x0000000084b00000, 0x00000000d5580000)
  object space 76800K, 82% used [0x0000000080000000,0x0000000083e3e850,0x0000000084b00000)
 Metaspace       used 59695K, committed 61056K, reserved 1114112K
  class space    used 6355K, committed 6976K, reserved 1048576K
}
Event: 38.591 GC heap before
{Heap before GC invocations=64 (full 3):
 PSYoungGen      total 11264K, used 10848K [0x00000000d5580000, 0x00000000d6500000, 0x0000000100000000)
  eden space 9728K, 100% used [0x00000000d5580000,0x00000000d5f00000,0x00000000d5f00000)
  from space 1536K, 72% used [0x00000000d6380000,0x00000000d6498000,0x00000000d6500000)
  to   space 1536K, 0% used [0x00000000d6200000,0x00000000d6200000,0x00000000d6380000)
 ParOldGen       total 76800K, used 68320K [0x0000000080000000, 0x0000000084b00000, 0x00000000d5580000)
  object space 76800K, 88% used [0x0000000080000000,0x00000000842b81b8,0x0000000084b00000)
 Metaspace       used 59807K, committed 61120K, reserved 1114112K
  class space    used 6355K, committed 6976K, reserved 1048576K
}
Event: 38.598 GC heap after
{Heap after GC invocations=64 (full 3):
 PSYoungGen      total 11264K, used 1424K [0x00000000d5580000, 0x00000000d6400000, 0x0000000100000000)
  eden space 9728K, 0% used [0x00000000d5580000,0x00000000d5580000,0x00000000d5f00000)
  from space 1536K, 92% used [0x00000000d6200000,0x00000000d6364010,0x00000000d6380000)
  to   space 512K, 0% used [0x00000000d6380000,0x00000000d6380000,0x00000000d6400000)
 ParOldGen       total 76800K, used 69320K [0x0000000080000000, 0x0000000084b00000, 0x00000000d5580000)
  object space 76800K, 90% used [0x0000000080000000,0x00000000843b21b8,0x0000000084b00000)
 Metaspace       used 59807K, committed 61120K, reserved 1114112K
  class space    used 6355K, committed 6976K, reserved 1048576K
}
Event: 39.025 GC heap before
{Heap before GC invocations=65 (full 3):
 PSYoungGen      total 11264K, used 11152K [0x00000000d5580000, 0x00000000d6400000, 0x0000000100000000)
  eden space 9728K, 100% used [0x00000000d5580000,0x00000000d5f00000,0x00000000d5f00000)
  from space 1536K, 92% used [0x00000000d6200000,0x00000000d6364010,0x00000000d6380000)
  to   space 512K, 0% used [0x00000000d6380000,0x00000000d6380000,0x00000000d6400000)
 ParOldGen       total 76800K, used 69329K [0x0000000080000000, 0x0000000084b00000, 0x00000000d5580000)
  object space 76800K, 90% used [0x0000000080000000,0x00000000843b45e8,0x0000000084b00000)
 Metaspace       used 59894K, committed 61248K, reserved 1114112K
  class space    used 6355K, committed 6976K, reserved 1048576K
}
Event: 39.028 GC heap after
{Heap after GC invocations=65 (full 3):
 PSYoungGen      total 10240K, used 512K [0x00000000d5580000, 0x00000000d6400000, 0x0000000100000000)
  eden space 9728K, 0% used [0x00000000d5580000,0x00000000d5580000,0x00000000d5f00000)
  from space 512K, 100% used [0x00000000d6380000,0x00000000d6400000,0x00000000d6400000)
  to   space 2560K, 0% used [0x00000000d5f00000,0x00000000d5f00000,0x00000000d6180000)
 ParOldGen       total 76800K, used 70981K [0x0000000080000000, 0x0000000084b00000, 0x00000000d5580000)
  object space 76800K, 92% used [0x0000000080000000,0x0000000084551750,0x0000000084b00000)
 Metaspace       used 59894K, committed 61248K, reserved 1114112K
  class space    used 6355K, committed 6976K, reserved 1048576K
}
Event: 39.211 GC heap before
{Heap before GC invocations=66 (full 3):
 PSYoungGen      total 10240K, used 10227K [0x00000000d5580000, 0x00000000d6400000, 0x0000000100000000)
  eden space 9728K, 99% used [0x00000000d5580000,0x00000000d5efcc68,0x00000000d5f00000)
  from space 512K, 100% used [0x00000000d6380000,0x00000000d6400000,0x00000000d6400000)
  to   space 2560K, 0% used [0x00000000d5f00000,0x00000000d5f00000,0x00000000d6180000)
 ParOldGen       total 76800K, used 70981K [0x0000000080000000, 0x0000000084b00000, 0x00000000d5580000)
  object space 76800K, 92% used [0x0000000080000000,0x0000000084551750,0x0000000084b00000)
 Metaspace       used 59962K, committed 61312K, reserved 1114112K
  class space    used 6357K, committed 6976K, reserved 1048576K
}
Event: 39.213 GC heap after
{Heap after GC invocations=66 (full 3):
 PSYoungGen      total 12288K, used 832K [0x00000000d5580000, 0x00000000d6400000, 0x0000000100000000)
  eden space 9728K, 0% used [0x00000000d5580000,0x00000000d5580000,0x00000000d5f00000)
  from space 2560K, 32% used [0x00000000d5f00000,0x00000000d5fd0000,0x00000000d6180000)
  to   space 1536K, 0% used [0x00000000d6280000,0x00000000d6280000,0x00000000d6400000)
 ParOldGen       total 76800K, used 71520K [0x0000000080000000, 0x0000000084b00000, 0x00000000d5580000)
  object space 76800K, 93% used [0x0000000080000000,0x00000000845d83a0,0x0000000084b00000)
 Metaspace       used 59962K, committed 61312K, reserved 1114112K
  class space    used 6357K, committed 6976K, reserved 1048576K
}
Event: 39.435 GC heap before
{Heap before GC invocations=67 (full 3):
 PSYoungGen      total 12288K, used 10560K [0x00000000d5580000, 0x00000000d6400000, 0x0000000100000000)
  eden space 9728K, 100% used [0x00000000d5580000,0x00000000d5f00000,0x00000000d5f00000)
  from space 2560K, 32% used [0x00000000d5f00000,0x00000000d5fd0000,0x00000000d6180000)
  to   space 1536K, 0% used [0x00000000d6280000,0x00000000d6280000,0x00000000d6400000)
 ParOldGen       total 76800K, used 71520K [0x0000000080000000, 0x0000000084b00000, 0x00000000d5580000)
  object space 76800K, 93% used [0x0000000080000000,0x00000000845d83a0,0x0000000084b00000)
 Metaspace       used 59973K, committed 61376K, reserved 1114112K
  class space    used 6357K, committed 6976K, reserved 1048576K
}
Event: 39.440 GC heap after
{Heap after GC invocations=67 (full 3):
 PSYoungGen      total 10752K, used 800K [0x00000000d5580000, 0x00000000d6380000, 0x0000000100000000)
  eden space 9728K, 0% used [0x00000000d5580000,0x00000000d5580000,0x00000000d5f00000)
  from space 1024K, 78% used [0x00000000d6280000,0x00000000d6348000,0x00000000d6380000)
  to   space 1024K, 0% used [0x00000000d6180000,0x00000000d6180000,0x00000000d6280000)
 ParOldGen       total 76800K, used 72148K [0x0000000080000000, 0x0000000084b00000, 0x00000000d5580000)
  object space 76800K, 93% used [0x0000000080000000,0x00000000846753b0,0x0000000084b00000)
 Metaspace       used 59973K, committed 61376K, reserved 1114112K
  class space    used 6357K, committed 6976K, reserved 1048576K
}

