# JRE version: OpenJDK Runtime Environment Temurin-21.0.10+7 (21.0.10+7) (build 21.0.10+7-LTS)
# Java VM: OpenJDK 64-Bit Server VM Temurin-21.0.10+7 (21.0.10+7-LTS, mixed mode, sharing, tiered, compressed oops, compressed class ptrs, parallel gc, windows-amd64)
GC Precious Log:
 CardTable entry size: 512
 CPUs: 8 total, 8 available
 Memory: 8071M
 Large Page Support: Disabled
 NUMA Support: Disabled
 Compressed Oops: Enabled (32-bit)
 Alignments: Space 512K, Generation 512K, Heap 2M
 Heap Min Capacity: 100M
 Heap Initial Capacity: 100M
 Heap Max Capacity: 2G
 Pre-touch: Disabled
 Parallel Workers: 8
Heap:
 PSYoungGen      total 4608K, used 3135K [0x00000000d5580000, 0x00000000d6080000, 0x0000000100000000)
  eden space 4096K, 69% used [0x00000000d5580000,0x00000000d5847d00,0x00000000d5980000)
  from space 512K, 56% used [0x00000000d6000000,0x00000000d6048000,0x00000000d6080000)
  to   space 512K, 0% used [0x00000000d5f80000,0x00000000d5f80000,0x00000000d6000000)
 ParOldGen       total 795648K, used 795243K [0x0000000080000000, 0x00000000b0900000, 0x00000000d5580000)
  object space 795648K, 99% used [0x0000000080000000,0x00000000b089af78,0x00000000b0900000)
 Metaspace       used 82081K, committed 83776K, reserved 1179648K
  class space    used 8677K, committed 9408K, reserved 1048576K
GC Heap History (20 events):
Event: 11177.426 GC heap before
{Heap before GC invocations=1228 (full 3):
 PSYoungGen      total 4608K, used 4256K [0x00000000d5580000, 0x00000000d6100000, 0x0000000100000000)
  eden space 4096K, 100% used [0x00000000d5580000,0x00000000d5980000,0x00000000d5980000)
  from space 512K, 31% used [0x00000000d6080000,0x00000000d60a8000,0x00000000d6100000)
  to   space 1024K, 0% used [0x00000000d5f00000,0x00000000d5f00000,0x00000000d6000000)
 ParOldGen       total 793088K, used 792932K [0x0000000080000000, 0x00000000b0680000, 0x00000000d5580000)
  object space 793088K, 99% used [0x0000000080000000,0x00000000b0659358,0x00000000b0680000)
 Metaspace       used 78803K, committed 80448K, reserved 1179648K
  class space    used 8227K, committed 8960K, reserved 1048576K
}
Event: 11177.430 GC heap after
{Heap after GC invocations=1228 (full 3):
 PSYoungGen      total 5120K, used 1011K [0x00000000d5580000, 0x00000000d6100000, 0x0000000100000000)
  eden space 4096K, 0% used [0x00000000d5580000,0x00000000d5580000,0x00000000d5980000)
  from space 1024K, 98% used [0x00000000d5f00000,0x00000000d5ffce60,0x00000000d6000000)
  to   space 1024K, 0% used [0x00000000d6000000,0x00000000d6000000,0x00000000d6100000)
 ParOldGen       total 794624K, used 794452K [0x0000000080000000, 0x00000000b0800000, 0x00000000d5580000)
  object space 794624K, 99% used [0x0000000080000000,0x00000000b07d5358,0x00000000b0800000)
 Metaspace       used 78803K, committed 80448K, reserved 1179648K
  class space    used 8227K, committed 8960K, reserved 1048576K
}
Event: 11177.449 GC heap before
{Heap before GC invocations=1229 (full 3):
 PSYoungGen      total 5120K, used 5107K [0x00000000d5580000, 0x00000000d6100000, 0x0000000100000000)
  eden space 4096K, 100% used [0x00000000d5580000,0x00000000d5980000,0x00000000d5980000)
  from space 1024K, 98% used [0x00000000d5f00000,0x00000000d5ffce60,0x00000000d6000000)
  to   space 1024K, 0% used [0x00000000d6000000,0x00000000d6000000,0x00000000d6100000)
 ParOldGen       total 794624K, used 794452K [0x0000000080000000, 0x00000000b0800000, 0x00000000d5580000)
  object space 794624K, 99% used [0x0000000080000000,0x00000000b07d5358,0x00000000b0800000)
 Metaspace       used 78803K, committed 80448K, reserved 1179648K
  class space    used 8227K, committed 8960K, reserved 1048576K
}
Event: 11177.454 GC heap after
{Heap after GC invocations=1229 (full 3):
 PSYoungGen      total 4608K, used 201K [0x00000000d5580000, 0x00000000d6080000, 0x0000000100000000)
  eden space 4096K, 0% used [0x00000000d5580000,0x00000000d5580000,0x00000000d5980000)
  from space 512K, 39% used [0x00000000d6000000,0x00000000d60325f0,0x00000000d6080000)
  to   space 1536K, 0% used [0x00000000d5d80000,0x00000000d5d80000,0x00000000d5f00000)
 ParOldGen       total 794624K, used 794468K [0x0000000080000000, 0x00000000b0800000, 0x00000000d5580000)
  object space 794624K, 99% used [0x0000000080000000,0x00000000b07d9358,0x00000000b0800000)
 Metaspace       used 78803K, committed 80448K, reserved 1179648K
  class space    used 8227K, committed 8960K, reserved 1048576K
}
Event: 11177.638 GC heap before
{Heap before GC invocations=1230 (full 3):
 PSYoungGen      total 4608K, used 4297K [0x00000000d5580000, 0x00000000d6080000, 0x0000000100000000)
  eden space 4096K, 100% used [0x00000000d5580000,0x00000000d5980000,0x00000000d5980000)
  from space 512K, 39% used [0x00000000d6000000,0x00000000d60325f0,0x00000000d6080000)
  to   space 1536K, 0% used [0x00000000d5d80000,0x00000000d5d80000,0x00000000d5f00000)
 ParOldGen       total 794624K, used 794468K [0x0000000080000000, 0x00000000b0800000, 0x00000000d5580000)
  object space 794624K, 99% used [0x0000000080000000,0x00000000b07d9358,0x00000000b0800000)
 Metaspace       used 78803K, committed 80448K, reserved 1179648K
  class space    used 8227K, committed 8960K, reserved 1048576K
}
Event: 11177.640 GC heap after
{Heap after GC invocations=1230 (full 3):
 PSYoungGen      total 5632K, used 272K [0x00000000d5580000, 0x00000000d6080000, 0x0000000100000000)
  eden space 4096K, 0% used [0x00000000d5580000,0x00000000d5580000,0x00000000d5980000)
  from space 1536K, 17% used [0x00000000d5d80000,0x00000000d5dc4140,0x00000000d5f00000)
  to   space 512K, 0% used [0x00000000d6000000,0x00000000d6000000,0x00000000d6080000)
 ParOldGen       total 794624K, used 794516K [0x0000000080000000, 0x00000000b0800000, 0x00000000d5580000)
  object space 794624K, 99% used [0x0000000080000000,0x00000000b07e5358,0x00000000b0800000)
 Metaspace       used 78803K, committed 80448K, reserved 1179648K
  class space    used 8227K, committed 8960K, reserved 1048576K
}
Event: 11177.807 GC heap before
{Heap before GC invocations=1231 (full 3):
 PSYoungGen      total 5632K, used 4340K [0x00000000d5580000, 0x00000000d6080000, 0x0000000100000000)
  eden space 4096K, 99% used [0x00000000d5580000,0x00000000d5979100,0x00000000d5980000)
  from space 1536K, 17% used [0x00000000d5d80000,0x00000000d5dc4140,0x00000000d5f00000)
  to   space 512K, 0% used [0x00000000d6000000,0x00000000d6000000,0x00000000d6080000)
 ParOldGen       total 794624K, used 794516K [0x0000000080000000, 0x00000000b0800000, 0x00000000d5580000)
  object space 794624K, 99% used [0x0000000080000000,0x00000000b07e5358,0x00000000b0800000)
 Metaspace       used 79134K, committed 80768K, reserved 1179648K
  class space    used 8257K, committed 8960K, reserved 1048576K
}
Event: 11177.808 GC heap after
{Heap after GC invocations=1231 (full 3):
 PSYoungGen      total 4608K, used 256K [0x00000000d5580000, 0x00000000d6080000, 0x0000000100000000)
  eden space 4096K, 0% used [0x00000000d5580000,0x00000000d5580000,0x00000000d5980000)
  from space 512K, 50% used [0x00000000d6000000,0x00000000d6040000,0x00000000d6080000)
  to   space 512K, 0% used [0x00000000d5f80000,0x00000000d5f80000,0x00000000d6000000)
 ParOldGen       total 794624K, used 794556K [0x0000000080000000, 0x00000000b0800000, 0x00000000d5580000)
  object space 794624K, 99% used [0x0000000080000000,0x00000000b07ef358,0x00000000b0800000)
 Metaspace       used 79134K, committed 80768K, reserved 1179648K
  class space    used 8257K, committed 8960K, reserved 1048576K
}
Event: 11177.890 GC heap before
{Heap before GC invocations=1232 (full 3):
 PSYoungGen      total 4608K, used 4352K [0x00000000d5580000, 0x00000000d6080000, 0x0000000100000000)
  eden space 4096K, 100% used [0x00000000d5580000,0x00000000d5980000,0x00000000d5980000)
  from space 512K, 50% used [0x00000000d6000000,0x00000000d6040000,0x00000000d6080000)
  to   space 512K, 0% used [0x00000000d5f80000,0x00000000d5f80000,0x00000000d6000000)
 ParOldGen       total 794624K, used 794556K [0x0000000080000000, 0x00000000b0800000, 0x00000000d5580000)
  object space 794624K, 99% used [0x0000000080000000,0x00000000b07ef358,0x00000000b0800000)
 Metaspace       used 79706K, committed 81344K, reserved 1179648K
  class space    used 8316K, committed 9024K, reserved 1048576K
}
Event: 11177.894 GC heap after
{Heap after GC invocations=1232 (full 3):
 PSYoungGen      total 4608K, used 273K [0x00000000d5580000, 0x00000000d6080000, 0x0000000100000000)
  eden space 4096K, 0% used [0x00000000d5580000,0x00000000d5580000,0x00000000d5980000)
  from space 512K, 53% used [0x00000000d5f80000,0x00000000d5fc45c8,0x00000000d6000000)
  to   space 512K, 0% used [0x00000000d6000000,0x00000000d6000000,0x00000000d6080000)
 ParOldGen       total 795136K, used 794700K [0x0000000080000000, 0x00000000b0880000, 0x00000000d5580000)
  object space 795136K, 99% used [0x0000000080000000,0x00000000b0813358,0x00000000b0880000)
 Metaspace       used 79706K, committed 81344K, reserved 1179648K
  class space    used 8316K, committed 9024K, reserved 1048576K
}
Event: 11177.947 GC heap before
{Heap before GC invocations=1233 (full 3):
 PSYoungGen      total 4608K, used 4340K [0x00000000d5580000, 0x00000000d6080000, 0x0000000100000000)
  eden space 4096K, 99% used [0x00000000d5580000,0x00000000d5978bd8,0x00000000d5980000)
  from space 512K, 53% used [0x00000000d5f80000,0x00000000d5fc45c8,0x00000000d6000000)
  to   space 512K, 0% used [0x00000000d6000000,0x00000000d6000000,0x00000000d6080000)
 ParOldGen       total 795136K, used 794700K [0x0000000080000000, 0x00000000b0880000, 0x00000000d5580000)
  object space 795136K, 99% used [0x0000000080000000,0x00000000b0813358,0x00000000b0880000)
 Metaspace       used 80133K, committed 81792K, reserved 1179648K
  class space    used 8376K, committed 9088K, reserved 1048576K
}
Event: 11177.951 GC heap after
{Heap after GC invocations=1233 (full 3):
 PSYoungGen      total 4608K, used 286K [0x00000000d5580000, 0x00000000d6080000, 0x0000000100000000)
  eden space 4096K, 0% used [0x00000000d5580000,0x00000000d5580000,0x00000000d5980000)
  from space 512K, 55% used [0x00000000d6000000,0x00000000d6047a80,0x00000000d6080000)
  to   space 512K, 0% used [0x00000000d5f80000,0x00000000d5f80000,0x00000000d6000000)
 ParOldGen       total 795136K, used 794899K [0x0000000080000000, 0x00000000b0880000, 0x00000000d5580000)
  object space 795136K, 99% used [0x0000000080000000,0x00000000b0844f38,0x00000000b0880000)
 Metaspace       used 80133K, committed 81792K, reserved 1179648K
  class space    used 8376K, committed 9088K, reserved 1048576K
}
Event: 11178.015 GC heap before
{Heap before GC invocations=1234 (full 3):
 PSYoungGen      total 4608K, used 4382K [0x00000000d5580000, 0x00000000d6080000, 0x0000000100000000)
  eden space 4096K, 100% used [0x00000000d5580000,0x00000000d5980000,0x00000000d5980000)
  from space 512K, 55% used [0x00000000d6000000,0x00000000d6047a80,0x00000000d6080000)
  to   space 512K, 0% used [0x00000000d5f80000,0x00000000d5f80000,0x00000000d6000000)
 ParOldGen       total 795136K, used 794899K [0x0000000080000000, 0x00000000b0880000, 0x00000000d5580000)
  object space 795136K, 99% used [0x0000000080000000,0x00000000b0844f38,0x00000000b0880000)
 Metaspace       used 80593K, committed 82240K, reserved 1179648K
  class space    used 8455K, committed 9152K, reserved 1048576K
}
Event: 11178.017 GC heap after
{Heap after GC invocations=1234 (full 3):
 PSYoungGen      total 4608K, used 192K [0x00000000d5580000, 0x00000000d6080000, 0x0000000100000000)
  eden space 4096K, 0% used [0x00000000d5580000,0x00000000d5580000,0x00000000d5980000)
  from space 512K, 37% used [0x00000000d5f80000,0x00000000d5fb0000,0x00000000d6000000)
  to   space 512K, 0% used [0x00000000d6000000,0x00000000d6000000,0x00000000d6080000)
 ParOldGen       total 795136K, used 794955K [0x0000000080000000, 0x00000000b0880000, 0x00000000d5580000)
  object space 795136K, 99% used [0x0000000080000000,0x00000000b0852f38,0x00000000b0880000)
 Metaspace       used 80593K, committed 82240K, reserved 1179648K
  class space    used 8455K, committed 9152K, reserved 1048576K
}
Event: 11178.079 GC heap before
{Heap before GC invocations=1235 (full 3):
 PSYoungGen      total 4608K, used 4288K [0x00000000d5580000, 0x00000000d6080000, 0x0000000100000000)
  eden space 4096K, 100% used [0x00000000d5580000,0x00000000d5980000,0x00000000d5980000)
  from space 512K, 37% used [0x00000000d5f80000,0x00000000d5fb0000,0x00000000d6000000)
  to   space 512K, 0% used [0x00000000d6000000,0x00000000d6000000,0x00000000d6080000)
 ParOldGen       total 795136K, used 794955K [0x0000000080000000, 0x00000000b0880000, 0x00000000d5580000)
  object space 795136K, 99% used [0x0000000080000000,0x00000000b0852f38,0x00000000b0880000)
 Metaspace       used 80976K, committed 82688K, reserved 1179648K
  class space    used 8534K, committed 9280K, reserved 1048576K
}
Event: 11178.082 GC heap after
{Heap after GC invocations=1235 (full 3):
 PSYoungGen      total 4608K, used 224K [0x00000000d5580000, 0x00000000d6080000, 0x0000000100000000)
  eden space 4096K, 0% used [0x00000000d5580000,0x00000000d5580000,0x00000000d5980000)
  from space 512K, 43% used [0x00000000d6000000,0x00000000d6038000,0x00000000d6080000)
  to   space 512K, 0% used [0x00000000d5f80000,0x00000000d5f80000,0x00000000d6000000)
 ParOldGen       total 795136K, used 795067K [0x0000000080000000, 0x00000000b0880000, 0x00000000d5580000)
  object space 795136K, 99% used [0x0000000080000000,0x00000000b086ef68,0x00000000b0880000)
 Metaspace       used 80976K, committed 82688K, reserved 1179648K
  class space    used 8534K, committed 9280K, reserved 1048576K
}
Event: 11178.152 GC heap before
{Heap before GC invocations=1236 (full 3):
 PSYoungGen      total 4608K, used 4320K [0x00000000d5580000, 0x00000000d6080000, 0x0000000100000000)
  eden space 4096K, 100% used [0x00000000d5580000,0x00000000d5980000,0x00000000d5980000)
  from space 512K, 43% used [0x00000000d6000000,0x00000000d6038000,0x00000000d6080000)
  to   space 512K, 0% used [0x00000000d5f80000,0x00000000d5f80000,0x00000000d6000000)
 ParOldGen       total 795136K, used 795067K [0x0000000080000000, 0x00000000b0880000, 0x00000000d5580000)
  object space 795136K, 99% used [0x0000000080000000,0x00000000b086ef68,0x00000000b0880000)
 Metaspace       used 81442K, committed 83136K, reserved 1179648K
  class space    used 8598K, committed 9344K, reserved 1048576K
}
Event: 11178.155 GC heap after
{Heap after GC invocations=1236 (full 3):
 PSYoungGen      total 4608K, used 256K [0x00000000d5580000, 0x00000000d6080000, 0x0000000100000000)
  eden space 4096K, 0% used [0x00000000d5580000,0x00000000d5580000,0x00000000d5980000)
  from space 512K, 50% used [0x00000000d5f80000,0x00000000d5fc0000,0x00000000d6000000)
  to   space 512K, 0% used [0x00000000d6000000,0x00000000d6000000,0x00000000d6080000)
 ParOldGen       total 795136K, used 795131K [0x0000000080000000, 0x00000000b0880000, 0x00000000d5580000)
  object space 795136K, 99% used [0x0000000080000000,0x00000000b087ef68,0x00000000b0880000)
 Metaspace       used 81442K, committed 83136K, reserved 1179648K
  class space    used 8598K, committed 9344K, reserved 1048576K
}
Event: 11291.187 GC heap before
{Heap before GC invocations=1237 (full 3):
 PSYoungGen      total 4608K, used 4345K [0x00000000d5580000, 0x00000000d6080000, 0x0000000100000000)
  eden space 4096K, 99% used [0x00000000d5580000,0x00000000d597e4f8,0x00000000d5980000)
  from space 512K, 50% used [0x00000000d5f80000,0x00000000d5fc0000,0x00000000d6000000)
  to   space 512K, 0% used [0x00000000d6000000,0x00000000d6000000,0x00000000d6080000)
 ParOldGen       total 795136K, used 795131K [0x0000000080000000, 0x00000000b0880000, 0x00000000d5580000)
  object space 795136K, 99% used [0x0000000080000000,0x00000000b087ef68,0x00000000b0880000)
 Metaspace       used 81854K, committed 83584K, reserved 1179648K
  class space    used 8651K, committed 9408K, reserved 1048576K
}
Event: 11291.278 GC heap after
{Heap after GC invocations=1237 (full 3):
 PSYoungGen      total 4608K, used 288K [0x00000000d5580000, 0x00000000d6080000, 0x0000000100000000)
  eden space 4096K, 0% used [0x00000000d5580000,0x00000000d5580000,0x00000000d5980000)
  from space 512K, 56% used [0x00000000d6000000,0x00000000d6048000,0x00000000d6080000)
  to   space 512K, 0% used [0x00000000d5f80000,0x00000000d5f80000,0x00000000d6000000)
 ParOldGen       total 795648K, used 795243K [0x0000000080000000, 0x00000000b0900000, 0x00000000d5580000)
  object space 795648K, 99% used [0x0000000080000000,0x00000000b089af78,0x00000000b0900000)
 Metaspace       used 81854K, committed 83584K, reserved 1179648K
  class space    used 8651K, committed 9408K, reserved 1048576K
}

